ARM GAS  /var/folders/9t/hshg14bj4r3bdmp8s0pp3jdw0000gn/T//ccAilhHZ.s 			page 1


   1              		.syntax unified
   2              		.cpu cortex-m3
   3              		.fpu softvfp
   4              		.eabi_attribute 20, 1
   5              		.eabi_attribute 21, 1
   6              		.eabi_attribute 23, 3
   7              		.eabi_attribute 24, 1
   8              		.eabi_attribute 25, 1
   9              		.eabi_attribute 26, 1
  10              		.eabi_attribute 30, 1
  11              		.eabi_attribute 34, 1
  12              		.eabi_attribute 18, 4
  13              		.thumb
  14              		.syntax unified
  15              		.file	"gpio.c"
  16              		.text
  17              	.Ltext0:
  18              		.cfi_sections	.debug_frame
  19              		.section	.text.MX_GPIO_Init,"ax",%progbits
  20              		.align	2
  21              		.global	MX_GPIO_Init
  22              		.thumb
  23              		.thumb_func
  25              	MX_GPIO_Init:
  26              	.LFB65:
  27              		.file 1 "Src/gpio.c"
   1:Src/gpio.c    **** /**
   2:Src/gpio.c    ****   ******************************************************************************
   3:Src/gpio.c    ****   * File Name          : gpio.c
   4:Src/gpio.c    ****   * Description        : This file provides code for the configuration
   5:Src/gpio.c    ****   *                      of all used GPIO pins.
   6:Src/gpio.c    ****   ******************************************************************************
   7:Src/gpio.c    ****   * @attention
   8:Src/gpio.c    ****   *
   9:Src/gpio.c    ****   * <h2><center>&copy; Copyright (c) 2020 STMicroelectronics.
  10:Src/gpio.c    ****   * All rights reserved.</center></h2>
  11:Src/gpio.c    ****   *
  12:Src/gpio.c    ****   * This software component is licensed by ST under BSD 3-Clause license,
  13:Src/gpio.c    ****   * the "License"; You may not use this file except in compliance with the
  14:Src/gpio.c    ****   * License. You may obtain a copy of the License at:
  15:Src/gpio.c    ****   *                        opensource.org/licenses/BSD-3-Clause
  16:Src/gpio.c    ****   *
  17:Src/gpio.c    ****   ******************************************************************************
  18:Src/gpio.c    ****   */
  19:Src/gpio.c    **** 
  20:Src/gpio.c    **** /* Includes ------------------------------------------------------------------*/
  21:Src/gpio.c    **** #include "gpio.h"
  22:Src/gpio.c    **** /* USER CODE BEGIN 0 */
  23:Src/gpio.c    **** 
  24:Src/gpio.c    **** /* USER CODE END 0 */
  25:Src/gpio.c    **** 
  26:Src/gpio.c    **** /*----------------------------------------------------------------------------*/
  27:Src/gpio.c    **** /* Configure GPIO                                                             */
  28:Src/gpio.c    **** /*----------------------------------------------------------------------------*/
  29:Src/gpio.c    **** /* USER CODE BEGIN 1 */
  30:Src/gpio.c    **** 
  31:Src/gpio.c    **** /* USER CODE END 1 */
ARM GAS  /var/folders/9t/hshg14bj4r3bdmp8s0pp3jdw0000gn/T//ccAilhHZ.s 			page 2


  32:Src/gpio.c    **** 
  33:Src/gpio.c    **** /** Configure pins as 
  34:Src/gpio.c    ****         * Analog 
  35:Src/gpio.c    ****         * Input 
  36:Src/gpio.c    ****         * Output
  37:Src/gpio.c    ****         * EVENT_OUT
  38:Src/gpio.c    ****         * EXTI
  39:Src/gpio.c    **** */
  40:Src/gpio.c    **** void MX_GPIO_Init(void)
  41:Src/gpio.c    **** {
  28              		.loc 1 41 0
  29              		.cfi_startproc
  30              		@ args = 0, pretend = 0, frame = 32
  31              		@ frame_needed = 0, uses_anonymous_args = 0
  32 0000 2DE9F041 		push	{r4, r5, r6, r7, r8, lr}
  33              	.LCFI0:
  34              		.cfi_def_cfa_offset 24
  35              		.cfi_offset 4, -24
  36              		.cfi_offset 5, -20
  37              		.cfi_offset 6, -16
  38              		.cfi_offset 7, -12
  39              		.cfi_offset 8, -8
  40              		.cfi_offset 14, -4
  41 0004 88B0     		sub	sp, sp, #32
  42              	.LCFI1:
  43              		.cfi_def_cfa_offset 56
  42:Src/gpio.c    **** 
  43:Src/gpio.c    ****   GPIO_InitTypeDef GPIO_InitStruct = {0};
  44              		.loc 1 43 0
  45 0006 0024     		movs	r4, #0
  46 0008 0494     		str	r4, [sp, #16]
  47 000a 0594     		str	r4, [sp, #20]
  48 000c 0694     		str	r4, [sp, #24]
  49 000e 0794     		str	r4, [sp, #28]
  50              	.LBB2:
  44:Src/gpio.c    **** 
  45:Src/gpio.c    ****   /* GPIO Ports Clock Enable */
  46:Src/gpio.c    ****   __HAL_RCC_GPIOC_CLK_ENABLE();
  51              		.loc 1 46 0
  52 0010 264B     		ldr	r3, .L3
  53 0012 9A69     		ldr	r2, [r3, #24]
  54 0014 42F01002 		orr	r2, r2, #16
  55 0018 9A61     		str	r2, [r3, #24]
  56 001a 9A69     		ldr	r2, [r3, #24]
  57 001c 02F01002 		and	r2, r2, #16
  58 0020 0092     		str	r2, [sp]
  59 0022 009A     		ldr	r2, [sp]
  60              	.LBE2:
  61              	.LBB3:
  47:Src/gpio.c    ****   __HAL_RCC_GPIOB_CLK_ENABLE();
  62              		.loc 1 47 0
  63 0024 9A69     		ldr	r2, [r3, #24]
  64 0026 42F00802 		orr	r2, r2, #8
  65 002a 9A61     		str	r2, [r3, #24]
  66 002c 9A69     		ldr	r2, [r3, #24]
  67 002e 02F00802 		and	r2, r2, #8
  68 0032 0192     		str	r2, [sp, #4]
ARM GAS  /var/folders/9t/hshg14bj4r3bdmp8s0pp3jdw0000gn/T//ccAilhHZ.s 			page 3


  69 0034 019A     		ldr	r2, [sp, #4]
  70              	.LBE3:
  71              	.LBB4:
  48:Src/gpio.c    ****   __HAL_RCC_GPIOA_CLK_ENABLE();
  72              		.loc 1 48 0
  73 0036 9A69     		ldr	r2, [r3, #24]
  74 0038 42F00402 		orr	r2, r2, #4
  75 003c 9A61     		str	r2, [r3, #24]
  76 003e 9A69     		ldr	r2, [r3, #24]
  77 0040 02F00402 		and	r2, r2, #4
  78 0044 0292     		str	r2, [sp, #8]
  79 0046 029A     		ldr	r2, [sp, #8]
  80              	.LBE4:
  81              	.LBB5:
  49:Src/gpio.c    ****   __HAL_RCC_GPIOD_CLK_ENABLE();
  82              		.loc 1 49 0
  83 0048 9A69     		ldr	r2, [r3, #24]
  84 004a 42F02002 		orr	r2, r2, #32
  85 004e 9A61     		str	r2, [r3, #24]
  86 0050 9B69     		ldr	r3, [r3, #24]
  87 0052 03F02003 		and	r3, r3, #32
  88 0056 0393     		str	r3, [sp, #12]
  89 0058 039B     		ldr	r3, [sp, #12]
  90              	.LBE5:
  50:Src/gpio.c    **** 
  51:Src/gpio.c    ****   /*Configure GPIO pin Output Level */
  52:Src/gpio.c    ****   HAL_GPIO_WritePin(GPIOC, GPIO_PIN_8|GPIO_PIN_9, GPIO_PIN_RESET);
  91              		.loc 1 52 0
  92 005a DFF85880 		ldr	r8, .L3+8
  93 005e 2246     		mov	r2, r4
  94 0060 4FF44071 		mov	r1, #768
  95 0064 4046     		mov	r0, r8
  96 0066 FFF7FEFF 		bl	HAL_GPIO_WritePin
  97              	.LVL0:
  53:Src/gpio.c    **** 
  54:Src/gpio.c    ****   /*Configure GPIO pin Output Level */
  55:Src/gpio.c    ****   HAL_GPIO_WritePin(GPIOA, GPIO_PIN_8, GPIO_PIN_RESET);
  98              		.loc 1 55 0
  99 006a 114D     		ldr	r5, .L3+4
 100 006c 2246     		mov	r2, r4
 101 006e 4FF48071 		mov	r1, #256
 102 0072 2846     		mov	r0, r5
 103 0074 FFF7FEFF 		bl	HAL_GPIO_WritePin
 104              	.LVL1:
  56:Src/gpio.c    **** 
  57:Src/gpio.c    ****   /*Configure GPIO pins : PC8 PC9 */
  58:Src/gpio.c    ****   GPIO_InitStruct.Pin = GPIO_PIN_8|GPIO_PIN_9;
 105              		.loc 1 58 0
 106 0078 4FF44073 		mov	r3, #768
 107 007c 0493     		str	r3, [sp, #16]
  59:Src/gpio.c    ****   GPIO_InitStruct.Mode = GPIO_MODE_OUTPUT_PP;
 108              		.loc 1 59 0
 109 007e 0127     		movs	r7, #1
 110 0080 0597     		str	r7, [sp, #20]
  60:Src/gpio.c    ****   GPIO_InitStruct.Pull = GPIO_NOPULL;
 111              		.loc 1 60 0
 112 0082 0694     		str	r4, [sp, #24]
ARM GAS  /var/folders/9t/hshg14bj4r3bdmp8s0pp3jdw0000gn/T//ccAilhHZ.s 			page 4


  61:Src/gpio.c    ****   GPIO_InitStruct.Speed = GPIO_SPEED_FREQ_LOW;
 113              		.loc 1 61 0
 114 0084 0226     		movs	r6, #2
 115 0086 0796     		str	r6, [sp, #28]
  62:Src/gpio.c    ****   HAL_GPIO_Init(GPIOC, &GPIO_InitStruct);
 116              		.loc 1 62 0
 117 0088 04A9     		add	r1, sp, #16
 118 008a 4046     		mov	r0, r8
 119 008c FFF7FEFF 		bl	HAL_GPIO_Init
 120              	.LVL2:
  63:Src/gpio.c    **** 
  64:Src/gpio.c    ****   /*Configure GPIO pin : PA8 */
  65:Src/gpio.c    ****   GPIO_InitStruct.Pin = GPIO_PIN_8;
 121              		.loc 1 65 0
 122 0090 4FF48073 		mov	r3, #256
 123 0094 0493     		str	r3, [sp, #16]
  66:Src/gpio.c    ****   GPIO_InitStruct.Mode = GPIO_MODE_OUTPUT_PP;
 124              		.loc 1 66 0
 125 0096 0597     		str	r7, [sp, #20]
  67:Src/gpio.c    ****   GPIO_InitStruct.Pull = GPIO_NOPULL;
 126              		.loc 1 67 0
 127 0098 0694     		str	r4, [sp, #24]
  68:Src/gpio.c    ****   GPIO_InitStruct.Speed = GPIO_SPEED_FREQ_LOW;
 128              		.loc 1 68 0
 129 009a 0796     		str	r6, [sp, #28]
  69:Src/gpio.c    ****   HAL_GPIO_Init(GPIOA, &GPIO_InitStruct);
 130              		.loc 1 69 0
 131 009c 04A9     		add	r1, sp, #16
 132 009e 2846     		mov	r0, r5
 133 00a0 FFF7FEFF 		bl	HAL_GPIO_Init
 134              	.LVL3:
  70:Src/gpio.c    **** 
  71:Src/gpio.c    **** }
 135              		.loc 1 71 0
 136 00a4 08B0     		add	sp, sp, #32
 137              	.LCFI2:
 138              		.cfi_def_cfa_offset 24
 139              		@ sp needed
 140 00a6 BDE8F081 		pop	{r4, r5, r6, r7, r8, pc}
 141              	.L4:
 142 00aa 00BF     		.align	2
 143              	.L3:
 144 00ac 00100240 		.word	1073876992
 145 00b0 00080140 		.word	1073809408
 146 00b4 00100140 		.word	1073811456
 147              		.cfi_endproc
 148              	.LFE65:
 150              		.section	.text.MX_GPIO1_TEST_Error,"ax",%progbits
 151              		.align	2
 152              		.global	MX_GPIO1_TEST_Error
 153              		.thumb
 154              		.thumb_func
 156              	MX_GPIO1_TEST_Error:
 157              	.LFB66:
  72:Src/gpio.c    **** 
  73:Src/gpio.c    **** /* USER CODE BEGIN 2 */
  74:Src/gpio.c    **** void MX_GPIO1_TEST_Error(GPIO_PinState state)
ARM GAS  /var/folders/9t/hshg14bj4r3bdmp8s0pp3jdw0000gn/T//ccAilhHZ.s 			page 5


  75:Src/gpio.c    **** {
 158              		.loc 1 75 0
 159              		.cfi_startproc
 160              		@ args = 0, pretend = 0, frame = 0
 161              		@ frame_needed = 0, uses_anonymous_args = 0
 162              	.LVL4:
 163 0000 10B5     		push	{r4, lr}
 164              	.LCFI3:
 165              		.cfi_def_cfa_offset 8
 166              		.cfi_offset 4, -8
 167              		.cfi_offset 14, -4
 168 0002 0446     		mov	r4, r0
  76:Src/gpio.c    ****   /*Configure GPIO pin Output Level */
  77:Src/gpio.c    ****   HAL_GPIO_WritePin(GPIOC, GPIO_PIN_9, state);
 169              		.loc 1 77 0
 170 0004 0246     		mov	r2, r0
 171 0006 4FF40071 		mov	r1, #512
 172 000a 0548     		ldr	r0, .L7
 173              	.LVL5:
 174 000c FFF7FEFF 		bl	HAL_GPIO_WritePin
 175              	.LVL6:
  78:Src/gpio.c    **** 
  79:Src/gpio.c    ****   /*Configure GPIO pin Output Level */
  80:Src/gpio.c    ****   HAL_GPIO_WritePin(GPIOA, GPIO_PIN_8, state);
 176              		.loc 1 80 0
 177 0010 2246     		mov	r2, r4
 178 0012 4FF48071 		mov	r1, #256
 179 0016 0348     		ldr	r0, .L7+4
 180 0018 FFF7FEFF 		bl	HAL_GPIO_WritePin
 181              	.LVL7:
 182 001c 10BD     		pop	{r4, pc}
 183              	.L8:
 184 001e 00BF     		.align	2
 185              	.L7:
 186 0020 00100140 		.word	1073811456
 187 0024 00080140 		.word	1073809408
 188              		.cfi_endproc
 189              	.LFE66:
 191              		.section	.text.MX_GPIO2_TEST_Error,"ax",%progbits
 192              		.align	2
 193              		.global	MX_GPIO2_TEST_Error
 194              		.thumb
 195              		.thumb_func
 197              	MX_GPIO2_TEST_Error:
 198              	.LFB67:
  81:Src/gpio.c    **** }
  82:Src/gpio.c    **** 
  83:Src/gpio.c    **** void MX_GPIO2_TEST_Error(GPIO_PinState state)
  84:Src/gpio.c    **** {
 199              		.loc 1 84 0
 200              		.cfi_startproc
 201              		@ args = 0, pretend = 0, frame = 0
 202              		@ frame_needed = 0, uses_anonymous_args = 0
 203              	.LVL8:
 204 0000 10B5     		push	{r4, lr}
 205              	.LCFI4:
 206              		.cfi_def_cfa_offset 8
ARM GAS  /var/folders/9t/hshg14bj4r3bdmp8s0pp3jdw0000gn/T//ccAilhHZ.s 			page 6


 207              		.cfi_offset 4, -8
 208              		.cfi_offset 14, -4
 209 0002 0446     		mov	r4, r0
  85:Src/gpio.c    ****   /*Configure GPIO pin Output Level */
  86:Src/gpio.c    ****   HAL_GPIO_WritePin(GPIOC, GPIO_PIN_8, state);
 210              		.loc 1 86 0
 211 0004 0246     		mov	r2, r0
 212 0006 4FF48071 		mov	r1, #256
 213 000a 0548     		ldr	r0, .L11
 214              	.LVL9:
 215 000c FFF7FEFF 		bl	HAL_GPIO_WritePin
 216              	.LVL10:
  87:Src/gpio.c    **** 
  88:Src/gpio.c    ****   /*Configure GPIO pin Output Level */
  89:Src/gpio.c    ****   HAL_GPIO_WritePin(GPIOA, GPIO_PIN_8, state);
 217              		.loc 1 89 0
 218 0010 2246     		mov	r2, r4
 219 0012 4FF48071 		mov	r1, #256
 220 0016 0348     		ldr	r0, .L11+4
 221 0018 FFF7FEFF 		bl	HAL_GPIO_WritePin
 222              	.LVL11:
 223 001c 10BD     		pop	{r4, pc}
 224              	.L12:
 225 001e 00BF     		.align	2
 226              	.L11:
 227 0020 00100140 		.word	1073811456
 228 0024 00080140 		.word	1073809408
 229              		.cfi_endproc
 230              	.LFE67:
 232              		.text
 233              	.Letext0:
 234              		.file 2 "/Users/leixiaoxiang/opt/gcc-arm-none-eabi/arm-none-eabi/include/machine/_default_types.h"
 235              		.file 3 "/Users/leixiaoxiang/opt/gcc-arm-none-eabi/arm-none-eabi/include/sys/_stdint.h"
 236              		.file 4 "Drivers/CMSIS/Device/ST/STM32F1xx/Include/stm32f103xe.h"
 237              		.file 5 "Drivers/STM32F1xx_HAL_Driver/Inc/stm32f1xx_hal_gpio.h"
 238              		.file 6 "Drivers/CMSIS/Include/core_cm3.h"
ARM GAS  /var/folders/9t/hshg14bj4r3bdmp8s0pp3jdw0000gn/T//ccAilhHZ.s 			page 7


DEFINED SYMBOLS
                            *ABS*:0000000000000000 gpio.c
/var/folders/9t/hshg14bj4r3bdmp8s0pp3jdw0000gn/T//ccAilhHZ.s:20     .text.MX_GPIO_Init:0000000000000000 $t
/var/folders/9t/hshg14bj4r3bdmp8s0pp3jdw0000gn/T//ccAilhHZ.s:25     .text.MX_GPIO_Init:0000000000000000 MX_GPIO_Init
/var/folders/9t/hshg14bj4r3bdmp8s0pp3jdw0000gn/T//ccAilhHZ.s:144    .text.MX_GPIO_Init:00000000000000ac $d
/var/folders/9t/hshg14bj4r3bdmp8s0pp3jdw0000gn/T//ccAilhHZ.s:151    .text.MX_GPIO1_TEST_Error:0000000000000000 $t
/var/folders/9t/hshg14bj4r3bdmp8s0pp3jdw0000gn/T//ccAilhHZ.s:156    .text.MX_GPIO1_TEST_Error:0000000000000000 MX_GPIO1_TEST_Error
/var/folders/9t/hshg14bj4r3bdmp8s0pp3jdw0000gn/T//ccAilhHZ.s:186    .text.MX_GPIO1_TEST_Error:0000000000000020 $d
/var/folders/9t/hshg14bj4r3bdmp8s0pp3jdw0000gn/T//ccAilhHZ.s:192    .text.MX_GPIO2_TEST_Error:0000000000000000 $t
/var/folders/9t/hshg14bj4r3bdmp8s0pp3jdw0000gn/T//ccAilhHZ.s:197    .text.MX_GPIO2_TEST_Error:0000000000000000 MX_GPIO2_TEST_Error
/var/folders/9t/hshg14bj4r3bdmp8s0pp3jdw0000gn/T//ccAilhHZ.s:227    .text.MX_GPIO2_TEST_Error:0000000000000020 $d
                     .debug_frame:0000000000000010 $d

UNDEFINED SYMBOLS
HAL_GPIO_WritePin
HAL_GPIO_Init
