ARM GAS  /var/folders/9t/hshg14bj4r3bdmp8s0pp3jdw0000gn/T//cc4NzEF1.s 			page 1


   1              		.syntax unified
   2              		.cpu cortex-m3
   3              		.fpu softvfp
   4              		.eabi_attribute 20, 1
   5              		.eabi_attribute 21, 1
   6              		.eabi_attribute 23, 3
   7              		.eabi_attribute 24, 1
   8              		.eabi_attribute 25, 1
   9              		.eabi_attribute 26, 1
  10              		.eabi_attribute 30, 1
  11              		.eabi_attribute 34, 1
  12              		.eabi_attribute 18, 4
  13              		.thumb
  14              		.syntax unified
  15              		.file	"oled_i2c.c"
  16              		.text
  17              	.Ltext0:
  18              		.cfi_sections	.debug_frame
  19              		.section	.text.OLED_Init,"ax",%progbits
  20              		.align	2
  21              		.global	OLED_Init
  22              		.thumb
  23              		.thumb_func
  25              	OLED_Init:
  26              	.LFB65:
  27              		.file 1 "Src/oled_i2c.c"
   1:Src/oled_i2c.c **** /**
   2:Src/oled_i2c.c ****   ******************************************************************************
   3:Src/oled_i2c.c ****   * File Name          : I2C.c
   4:Src/oled_i2c.c ****   * Description        : This file provides code for the configuration
   5:Src/oled_i2c.c ****   *                      of the I2C instances.
   6:Src/oled_i2c.c ****   ******************************************************************************
   7:Src/oled_i2c.c ****   * @attention
   8:Src/oled_i2c.c ****   *
   9:Src/oled_i2c.c ****   * <h2><center>&copy; Copyright (c) 2020 STMicroelectronics.
  10:Src/oled_i2c.c ****   * All rights reserved.</center></h2>
  11:Src/oled_i2c.c ****   *
  12:Src/oled_i2c.c ****   * This software component is licensed by ST under BSD 3-Clause license,
  13:Src/oled_i2c.c ****   * the "License"; You may not use this file except in compliance with the
  14:Src/oled_i2c.c ****   * License. You may obtain a copy of the License at:
  15:Src/oled_i2c.c ****   *                        opensource.org/licenses/BSD-3-Clause
  16:Src/oled_i2c.c ****   *
  17:Src/oled_i2c.c ****   ******************************************************************************
  18:Src/oled_i2c.c ****   */
  19:Src/oled_i2c.c **** 
  20:Src/oled_i2c.c **** /* Includes ------------------------------------------------------------------*/
  21:Src/oled_i2c.c **** #include "oled_i2c.h"
  22:Src/oled_i2c.c **** #include "gpio.h"
  23:Src/oled_i2c.c **** #include "string.h"
  24:Src/oled_i2c.c **** 
  25:Src/oled_i2c.c **** void OLED_Init(void)
  26:Src/oled_i2c.c **** {
  28              		.loc 1 26 0
  29              		.cfi_startproc
  30              		@ args = 0, pretend = 0, frame = 32
  31              		@ frame_needed = 0, uses_anonymous_args = 0
  32 0000 F0B5     		push	{r4, r5, r6, r7, lr}
ARM GAS  /var/folders/9t/hshg14bj4r3bdmp8s0pp3jdw0000gn/T//cc4NzEF1.s 			page 2


  33              	.LCFI0:
  34              		.cfi_def_cfa_offset 20
  35              		.cfi_offset 4, -20
  36              		.cfi_offset 5, -16
  37              		.cfi_offset 6, -12
  38              		.cfi_offset 7, -8
  39              		.cfi_offset 14, -4
  40 0002 8DB0     		sub	sp, sp, #52
  41              	.LCFI1:
  42              		.cfi_def_cfa_offset 72
  27:Src/oled_i2c.c ****     uint8_t cmd[] = {0xAE,0x20,0x10,0xb0,0xc8,0x02,0x10,0x40,0x81,0xff,0xa1,0xa6,0xa8,0x3F,0xa4,0xd
  43              		.loc 1 27 0
  44 0004 154D     		ldr	r5, .L5
  45 0006 05AC     		add	r4, sp, #20
  46 0008 2868     		ldr	r0, [r5]	@ unaligned
  47 000a 6968     		ldr	r1, [r5, #4]	@ unaligned
  48 000c AA68     		ldr	r2, [r5, #8]	@ unaligned
  49 000e EB68     		ldr	r3, [r5, #12]	@ unaligned
  50 0010 0FC4     		stmia	r4!, {r0, r1, r2, r3}
  51 0012 2869     		ldr	r0, [r5, #16]	@ unaligned
  52 0014 6969     		ldr	r1, [r5, #20]	@ unaligned
  53 0016 AA69     		ldr	r2, [r5, #24]	@ unaligned
  54 0018 07C4     		stmia	r4!, {r0, r1, r2}
  28:Src/oled_i2c.c ****     HAL_Delay(100);
  55              		.loc 1 28 0
  56 001a 6420     		movs	r0, #100
  57 001c FFF7FEFF 		bl	HAL_Delay
  58              	.LVL0:
  59              	.LBB2:
  29:Src/oled_i2c.c ****     
  30:Src/oled_i2c.c ****     for (size_t i = 0; i < 28; i++)
  60              		.loc 1 30 0
  61 0020 0026     		movs	r6, #0
  62 0022 16E0     		b	.L2
  63              	.LVL1:
  64              	.L3:
  31:Src/oled_i2c.c ****     {
  32:Src/oled_i2c.c ****         HAL_I2C_Mem_Write(&hi2c1,0x78,0x00,I2C_MEMADD_SIZE_8BIT,&cmd[i],1,10);
  65              		.loc 1 32 0 discriminator 3
  66 0024 05AB     		add	r3, sp, #20
  67 0026 9D19     		adds	r5, r3, r6
  68 0028 0A27     		movs	r7, #10
  69 002a 0297     		str	r7, [sp, #8]
  70 002c 0124     		movs	r4, #1
  71 002e 0194     		str	r4, [sp, #4]
  72 0030 0095     		str	r5, [sp]
  73 0032 2346     		mov	r3, r4
  74 0034 0022     		movs	r2, #0
  75 0036 7821     		movs	r1, #120
  76 0038 0948     		ldr	r0, .L5+4
  77 003a FFF7FEFF 		bl	HAL_I2C_Mem_Write
  78              	.LVL2:
  33:Src/oled_i2c.c ****         HAL_I2C_Mem_Write(&hi2c2,0x78,0x00,I2C_MEMADD_SIZE_8BIT,&cmd[i],1,10);
  79              		.loc 1 33 0 discriminator 3
  80 003e 0297     		str	r7, [sp, #8]
  81 0040 0194     		str	r4, [sp, #4]
  82 0042 0095     		str	r5, [sp]
ARM GAS  /var/folders/9t/hshg14bj4r3bdmp8s0pp3jdw0000gn/T//cc4NzEF1.s 			page 3


  83 0044 2346     		mov	r3, r4
  84 0046 0022     		movs	r2, #0
  85 0048 7821     		movs	r1, #120
  86 004a 0648     		ldr	r0, .L5+8
  87 004c FFF7FEFF 		bl	HAL_I2C_Mem_Write
  88              	.LVL3:
  30:Src/oled_i2c.c ****     {
  89              		.loc 1 30 0 discriminator 3
  90 0050 2644     		add	r6, r6, r4
  91              	.LVL4:
  92              	.L2:
  30:Src/oled_i2c.c ****     {
  93              		.loc 1 30 0 is_stmt 0 discriminator 1
  94 0052 1B2E     		cmp	r6, #27
  95 0054 E6D9     		bls	.L3
  96              	.LBE2:
  34:Src/oled_i2c.c ****     }
  35:Src/oled_i2c.c **** }
  97              		.loc 1 35 0 is_stmt 1
  98 0056 0DB0     		add	sp, sp, #52
  99              	.LCFI2:
 100              		.cfi_def_cfa_offset 20
 101              		@ sp needed
 102 0058 F0BD     		pop	{r4, r5, r6, r7, pc}
 103              	.LVL5:
 104              	.L6:
 105 005a 00BF     		.align	2
 106              	.L5:
 107 005c 00000000 		.word	.LANCHOR0
 108 0060 00000000 		.word	hi2c1
 109 0064 00000000 		.word	hi2c2
 110              		.cfi_endproc
 111              	.LFE65:
 113              		.section	.text.display_ctrl,"ax",%progbits
 114              		.align	2
 115              		.global	display_ctrl
 116              		.thumb
 117              		.thumb_func
 119              	display_ctrl:
 120              	.LFB66:
  36:Src/oled_i2c.c **** 
  37:Src/oled_i2c.c **** const static uint8_t number[][16]={
  38:Src/oled_i2c.c **** {0x00,0xE0,0x10,0x08,0x08,0x10,0xE0,0x00,0x00,0x0F,0x10,0x20,0x20,0x10,0x0F,0x00},/*"0",0*/
  39:Src/oled_i2c.c **** 
  40:Src/oled_i2c.c **** {0x00,0x00,0x10,0x10,0xF8,0x00,0x00,0x00,0x00,0x00,0x20,0x20,0x3F,0x20,0x20,0x00},/*"1",1*/
  41:Src/oled_i2c.c **** 
  42:Src/oled_i2c.c **** {0x00,0x70,0x08,0x08,0x08,0x08,0xF0,0x00,0x00,0x30,0x28,0x24,0x22,0x21,0x30,0x00},/*"2",2*/
  43:Src/oled_i2c.c **** 
  44:Src/oled_i2c.c **** {0x00,0x30,0x08,0x08,0x08,0x88,0x70,0x00,0x00,0x18,0x20,0x21,0x21,0x22,0x1C,0x00},/*"3",3*/
  45:Src/oled_i2c.c **** 
  46:Src/oled_i2c.c **** {0x00,0x00,0x80,0x40,0x30,0xF8,0x00,0x00,0x00,0x06,0x05,0x24,0x24,0x3F,0x24,0x24},/*"4",4*/
  47:Src/oled_i2c.c **** 
  48:Src/oled_i2c.c **** {0x00,0xF8,0x88,0x88,0x88,0x08,0x08,0x00,0x00,0x19,0x20,0x20,0x20,0x11,0x0E,0x00},/*"5",5*/
  49:Src/oled_i2c.c **** 
  50:Src/oled_i2c.c **** {0x00,0xE0,0x10,0x88,0x88,0x90,0x00,0x00,0x00,0x0F,0x11,0x20,0x20,0x20,0x1F,0x00},/*"6",6*/
  51:Src/oled_i2c.c **** 
  52:Src/oled_i2c.c **** {0x00,0x18,0x08,0x08,0x88,0x68,0x18,0x00,0x00,0x00,0x00,0x3E,0x01,0x00,0x00,0x00},/*"7",7*/
ARM GAS  /var/folders/9t/hshg14bj4r3bdmp8s0pp3jdw0000gn/T//cc4NzEF1.s 			page 4


  53:Src/oled_i2c.c **** 
  54:Src/oled_i2c.c **** {0x00,0x70,0x88,0x08,0x08,0x88,0x70,0x00,0x00,0x1C,0x22,0x21,0x21,0x22,0x1C,0x00},/*"8",8*/
  55:Src/oled_i2c.c **** 
  56:Src/oled_i2c.c **** {0x00,0xF0,0x08,0x08,0x08,0x10,0xE0,0x00,0x00,0x01,0x12,0x22,0x22,0x11,0x0F,0x00},/*"9",9*/
  57:Src/oled_i2c.c **** };
  58:Src/oled_i2c.c **** 
  59:Src/oled_i2c.c **** static uint8_t array1[][16]=
  60:Src/oled_i2c.c **** {
  61:Src/oled_i2c.c ****     {0x00,0x00,0x00,0x00,0x00,0x00,0x00,0x00,0x00,0x00,0x00,0x00,0x00,0x00,0x00,0x00},/*" ",0*/
  62:Src/oled_i2c.c **** 
  63:Src/oled_i2c.c ****     {0xE0,0x10,0x08,0x08,0x08,0x10,0xE0,0x00,0x0F,0x10,0x20,0x20,0x20,0x10,0x0F,0x00},/*"O",1*/
  64:Src/oled_i2c.c **** 
  65:Src/oled_i2c.c ****     {0x08,0xF8,0x08,0x00,0x00,0x08,0xF8,0x08,0x00,0x1F,0x20,0x20,0x20,0x20,0x1F,0x00},/*"U",2*/
  66:Src/oled_i2c.c **** 
  67:Src/oled_i2c.c ****     {0x18,0x08,0x08,0xF8,0x08,0x08,0x18,0x00,0x00,0x00,0x20,0x3F,0x20,0x00,0x00,0x00},/*"T",3*/
  68:Src/oled_i2c.c **** 
  69:Src/oled_i2c.c ****     {0x00,0x00,0x00,0x00,0x00,0x00,0x00,0x00,0x00,0x00,0x00,0x00,0x00,0x00,0x00,0x00},/*" ",4*/
  70:Src/oled_i2c.c **** 
  71:Src/oled_i2c.c ****     {0x00,0x00,0x00,0xC0,0xC0,0x00,0x00,0x00,0x00,0x00,0x00,0x30,0x30,0x00,0x00,0x00},/*":",5*/
  72:Src/oled_i2c.c **** 
  73:Src/oled_i2c.c ****     {0x00,0x00,0x00,0x00,0x00,0x00,0x00,0x00,0x00,0x00,0x00,0x00,0x00,0x00,0x00,0x00},/*" ",6*/
  74:Src/oled_i2c.c **** 
  75:Src/oled_i2c.c ****     {0x00,0x00,0xC0,0x38,0xE0,0x00,0x00,0x00,0x20,0x3C,0x23,0x02,0x02,0x27,0x38,0x20},/*"A",7*/
  76:Src/oled_i2c.c **** 
  77:Src/oled_i2c.c ****     {0xC0,0x30,0x08,0x08,0x08,0x08,0x38,0x00,0x07,0x18,0x20,0x20,0x20,0x10,0x08,0x00},/*"C",8*/
  78:Src/oled_i2c.c **** 
  79:Src/oled_i2c.c ****     {0x00,0x00,0x00,0x00,0x00,0x00,0x00,0x00,0x00,0x00,0x00,0x00,0x00,0x00,0x00,0x00},/*" ",9*/
  80:Src/oled_i2c.c **** 
  81:Src/oled_i2c.c ****     {0x00,0xE0,0x10,0x08,0x08,0x10,0xE0,0x00,0x00,0x0F,0x10,0x20,0x20,0x10,0x0F,0x00},/*"0",10*/
  82:Src/oled_i2c.c **** 
  83:Src/oled_i2c.c ****     {0x00,0xE0,0x10,0x08,0x08,0x10,0xE0,0x00,0x00,0x0F,0x10,0x20,0x20,0x10,0x0F,0x00},/*"0",11*/
  84:Src/oled_i2c.c **** 
  85:Src/oled_i2c.c ****     {0x08,0xF8,0x08,0x00,0x00,0x08,0xF8,0x08,0x20,0x3F,0x21,0x01,0x01,0x21,0x3F,0x20},/*"H",12*/
  86:Src/oled_i2c.c **** 
  87:Src/oled_i2c.c ****     {0x00,0x80,0x80,0x80,0x80,0x80,0x80,0x00,0x00,0x21,0x30,0x2C,0x22,0x21,0x30,0x00},/*"z",13*/
  88:Src/oled_i2c.c **** 
  89:Src/oled_i2c.c ****     {0x00,0x00,0x00,0x00,0x00,0x00,0x00,0x00,0x00,0x00,0x00,0x00,0x00,0x00,0x00,0x00},/*" ",14*/
  90:Src/oled_i2c.c **** 
  91:Src/oled_i2c.c ****     {0x00,0x00,0x00,0x00,0x00,0x00,0x00,0x00,0x00,0x00,0x00,0x00,0x00,0x00,0x00,0x00},/*" ",15*/
  92:Src/oled_i2c.c **** 
  93:Src/oled_i2c.c **** 
  94:Src/oled_i2c.c ****     {0x00,0x00,0x00,0x00,0x00,0x00,0x00,0x00,0x00,0x00,0x00,0x00,0x00,0x00,0x00,0x00},/*" ",16*/
  95:Src/oled_i2c.c **** 
  96:Src/oled_i2c.c ****     {0x08,0x78,0x88,0x00,0x00,0xC8,0x38,0x08,0x00,0x00,0x07,0x38,0x0E,0x01,0x00,0x00},/*"V",17*/
  97:Src/oled_i2c.c **** 
  98:Src/oled_i2c.c ****     {0xE0,0x10,0x08,0x08,0x08,0x10,0xE0,0x00,0x0F,0x10,0x20,0x20,0x20,0x10,0x0F,0x00},/*"O",18*/
  99:Src/oled_i2c.c **** 
 100:Src/oled_i2c.c ****     {0x08,0xF8,0x08,0x00,0x00,0x00,0x00,0x00,0x20,0x3F,0x20,0x20,0x20,0x20,0x30,0x00},/*"L",19*/
 101:Src/oled_i2c.c **** 
 102:Src/oled_i2c.c ****     {0x00,0x00,0x00,0x00,0x00,0x00,0x00,0x00,0x00,0x00,0x00,0x00,0x00,0x00,0x00,0x00},/*" ",20*/
 103:Src/oled_i2c.c **** 
 104:Src/oled_i2c.c ****     {0x00,0x00,0x00,0xC0,0xC0,0x00,0x00,0x00,0x00,0x00,0x00,0x30,0x30,0x00,0x00,0x00},/*":",21*/
 105:Src/oled_i2c.c **** 
 106:Src/oled_i2c.c ****     {0x00,0x00,0x00,0x00,0x00,0x00,0x00,0x00,0x00,0x00,0x00,0x00,0x00,0x00,0x00,0x00},/*" ",22*/
 107:Src/oled_i2c.c **** 
 108:Src/oled_i2c.c ****     {0x00,0xE0,0x10,0x08,0x08,0x10,0xE0,0x00,0x00,0x0F,0x10,0x20,0x20,0x10,0x0F,0x00},/*"0",23*/
 109:Src/oled_i2c.c **** 
ARM GAS  /var/folders/9t/hshg14bj4r3bdmp8s0pp3jdw0000gn/T//cc4NzEF1.s 			page 5


 110:Src/oled_i2c.c ****     {0x00,0xE0,0x10,0x08,0x08,0x10,0xE0,0x00,0x00,0x0F,0x10,0x20,0x20,0x10,0x0F,0x00},/*"0",24*/
 111:Src/oled_i2c.c **** 
 112:Src/oled_i2c.c ****     {0x00,0xE0,0x10,0x08,0x08,0x10,0xE0,0x00,0x00,0x0F,0x10,0x20,0x20,0x10,0x0F,0x00},/*"0",25*/
 113:Src/oled_i2c.c **** 
 114:Src/oled_i2c.c ****     {0x00,0x00,0x00,0x00,0x00,0x00,0x00,0x00,0x00,0x00,0x00,0x00,0x00,0x00,0x00,0x00},/*" ",26*/
 115:Src/oled_i2c.c **** 
 116:Src/oled_i2c.c ****     {0x00,0x00,0x00,0x00,0x00,0x00,0x00,0x00,0x00,0x00,0x00,0x00,0x00,0x00,0x00,0x00},/*" ",27*/
 117:Src/oled_i2c.c **** 
 118:Src/oled_i2c.c ****     {0x08,0x78,0x88,0x00,0x00,0xC8,0x38,0x08,0x00,0x00,0x07,0x38,0x0E,0x01,0x00,0x00},/*"V",28*/
 119:Src/oled_i2c.c **** 
 120:Src/oled_i2c.c ****     {0x00,0x00,0x00,0x00,0x00,0x00,0x00,0x00,0x00,0x00,0x00,0x00,0x00,0x00,0x00,0x00},/*" ",29*/
 121:Src/oled_i2c.c **** 
 122:Src/oled_i2c.c ****     {0x00,0x00,0x00,0x00,0x00,0x00,0x00,0x00,0x00,0x00,0x00,0x00,0x00,0x00,0x00,0x00},/*" ",30*/
 123:Src/oled_i2c.c **** 
 124:Src/oled_i2c.c ****     {0x00,0x00,0x00,0x00,0x00,0x00,0x00,0x00,0x00,0x00,0x00,0x00,0x00,0x00,0x00,0x00},/*" ",31*/
 125:Src/oled_i2c.c **** 
 126:Src/oled_i2c.c **** 
 127:Src/oled_i2c.c ****     {0x00,0x00,0x00,0x00,0x00,0x00,0x00,0x00,0x00,0x00,0x00,0x00,0x00,0x00,0x00,0x00},/*" ",32*/
 128:Src/oled_i2c.c **** 
 129:Src/oled_i2c.c ****     {0x08,0xF8,0x08,0x08,0x08,0x08,0xF0,0x00,0x20,0x3F,0x21,0x01,0x01,0x01,0x00,0x00},/*"P",33*/
 130:Src/oled_i2c.c **** 
 131:Src/oled_i2c.c ****     {0xE0,0x10,0x08,0x08,0x08,0x10,0xE0,0x00,0x0F,0x10,0x20,0x20,0x20,0x10,0x0F,0x00},/*"O",34*/
 132:Src/oled_i2c.c **** 
 133:Src/oled_i2c.c ****     {0x08,0xF8,0x00,0xF8,0x00,0xF8,0x08,0x00,0x00,0x03,0x3E,0x01,0x3E,0x03,0x00,0x00},/*"W",35*/
 134:Src/oled_i2c.c **** 
 135:Src/oled_i2c.c ****     {0x00,0x00,0x00,0x00,0x00,0x00,0x00,0x00,0x00,0x00,0x00,0x00,0x00,0x00,0x00,0x00},/*" ",36*/
 136:Src/oled_i2c.c **** 
 137:Src/oled_i2c.c ****     {0x00,0x00,0x00,0xC0,0xC0,0x00,0x00,0x00,0x00,0x00,0x00,0x30,0x30,0x00,0x00,0x00},/*":",37*/
 138:Src/oled_i2c.c **** 
 139:Src/oled_i2c.c ****     {0x00,0x00,0x00,0x00,0x00,0x00,0x00,0x00,0x00,0x00,0x00,0x00,0x00,0x00,0x00,0x00},/*" ",38*/
 140:Src/oled_i2c.c **** 
 141:Src/oled_i2c.c ****     {0x00,0xE0,0x10,0x08,0x08,0x10,0xE0,0x00,0x00,0x0F,0x10,0x20,0x20,0x10,0x0F,0x00},/*"0",39*/
 142:Src/oled_i2c.c **** 
 143:Src/oled_i2c.c ****     {0x00,0xE0,0x10,0x08,0x08,0x10,0xE0,0x00,0x00,0x0F,0x10,0x20,0x20,0x10,0x0F,0x00},/*"0",40*/
 144:Src/oled_i2c.c **** 
 145:Src/oled_i2c.c ****     {0x00,0xE0,0x10,0x08,0x08,0x10,0xE0,0x00,0x00,0x0F,0x10,0x20,0x20,0x10,0x0F,0x00},/*"0",41*/
 146:Src/oled_i2c.c **** 
 147:Src/oled_i2c.c ****     {0x00,0xE0,0x10,0x08,0x08,0x10,0xE0,0x00,0x00,0x0F,0x10,0x20,0x20,0x10,0x0F,0x00},/*"0",42*/
 148:Src/oled_i2c.c **** 
 149:Src/oled_i2c.c ****     {0x00,0x00,0x00,0x00,0x00,0x00,0x00,0x00,0x00,0x00,0x00,0x00,0x00,0x00,0x00,0x00},/*" ",43*/
 150:Src/oled_i2c.c **** 
 151:Src/oled_i2c.c ****     {0x08,0xF8,0x00,0xF8,0x00,0xF8,0x08,0x00,0x00,0x03,0x3E,0x01,0x3E,0x03,0x00,0x00},/*"W",44*/
 152:Src/oled_i2c.c **** 
 153:Src/oled_i2c.c ****     {0x00,0x00,0x00,0x00,0x00,0x00,0x00,0x00,0x00,0x00,0x00,0x00,0x00,0x00,0x00,0x00},/*" ",45*/
 154:Src/oled_i2c.c **** 
 155:Src/oled_i2c.c ****     {0x00,0x00,0x00,0x00,0x00,0x00,0x00,0x00,0x00,0x00,0x00,0x00,0x00,0x00,0x00,0x00},/*" ",46*/
 156:Src/oled_i2c.c **** 
 157:Src/oled_i2c.c ****     {0x00,0x00,0x00,0x00,0x00,0x00,0x00,0x00,0x00,0x00,0x00,0x00,0x00,0x00,0x00,0x00},/*" ",47*/
 158:Src/oled_i2c.c **** 
 159:Src/oled_i2c.c **** 
 160:Src/oled_i2c.c ****     {0x00,0x00,0x00,0x00,0x00,0x00,0x00,0x00,0x00,0x00,0x00,0x00,0x00,0x00,0x00,0x00},/*" ",48*/
 161:Src/oled_i2c.c **** 
 162:Src/oled_i2c.c ****     {0x00,0x70,0x88,0x08,0x08,0x08,0x38,0x00,0x00,0x38,0x20,0x21,0x21,0x22,0x1C,0x00},/*"S",49*/
 163:Src/oled_i2c.c **** 
 164:Src/oled_i2c.c ****     {0x08,0xF8,0x88,0x88,0xE8,0x08,0x10,0x00,0x20,0x3F,0x20,0x20,0x23,0x20,0x18,0x00},/*"E",50*/
 165:Src/oled_i2c.c **** 
 166:Src/oled_i2c.c ****     {0x18,0x08,0x08,0xF8,0x08,0x08,0x18,0x00,0x00,0x00,0x20,0x3F,0x20,0x00,0x00,0x00},/*"T",51*/
ARM GAS  /var/folders/9t/hshg14bj4r3bdmp8s0pp3jdw0000gn/T//cc4NzEF1.s 			page 6


 167:Src/oled_i2c.c **** 
 168:Src/oled_i2c.c ****     {0x00,0x00,0x00,0x00,0x00,0x00,0x00,0x00,0x00,0x00,0x00,0x00,0x00,0x00,0x00,0x00},/*" ",52*/
 169:Src/oled_i2c.c **** 
 170:Src/oled_i2c.c ****     {0x00,0x00,0x00,0xC0,0xC0,0x00,0x00,0x00,0x00,0x00,0x00,0x30,0x30,0x00,0x00,0x00},/*":",53*/
 171:Src/oled_i2c.c **** 
 172:Src/oled_i2c.c ****     {0x00,0x00,0x00,0x00,0x00,0x00,0x00,0x00,0x00,0x00,0x00,0x00,0x00,0x00,0x00,0x00},/*" ",54*/
 173:Src/oled_i2c.c **** 
 174:Src/oled_i2c.c ****     {0x00,0xE0,0x10,0x08,0x08,0x10,0xE0,0x00,0x00,0x0F,0x10,0x20,0x20,0x10,0x0F,0x00},/*"0",55*/
 175:Src/oled_i2c.c **** 
 176:Src/oled_i2c.c ****     {0x00,0xE0,0x10,0x08,0x08,0x10,0xE0,0x00,0x00,0x0F,0x10,0x20,0x20,0x10,0x0F,0x00},/*"0",56*/
 177:Src/oled_i2c.c **** 
 178:Src/oled_i2c.c ****     {0x00,0xE0,0x10,0x08,0x08,0x10,0xE0,0x00,0x00,0x0F,0x10,0x20,0x20,0x10,0x0F,0x00},/*"0",57*/
 179:Src/oled_i2c.c **** 
 180:Src/oled_i2c.c ****     {0x00,0xE0,0x10,0x08,0x08,0x10,0xE0,0x00,0x00,0x0F,0x10,0x20,0x20,0x10,0x0F,0x00},/*"0",58*/
 181:Src/oled_i2c.c **** 
 182:Src/oled_i2c.c ****     {0x00,0x00,0x00,0x00,0x00,0x00,0x00,0x00,0x00,0x00,0x00,0x00,0x00,0x00,0x00,0x00},/*" ",59*/
 183:Src/oled_i2c.c **** 
 184:Src/oled_i2c.c ****     {0x08,0xF8,0x00,0xF8,0x00,0xF8,0x08,0x00,0x00,0x03,0x3E,0x01,0x3E,0x03,0x00,0x00},/*"W",60*/
 185:Src/oled_i2c.c **** 
 186:Src/oled_i2c.c ****     {0x00,0x00,0x00,0x00,0x00,0x00,0x00,0x00,0x00,0x00,0x00,0x00,0x00,0x00,0x00,0x00},/*" ",61*/
 187:Src/oled_i2c.c **** 
 188:Src/oled_i2c.c ****     {0x00,0x00,0x00,0x00,0x00,0x00,0x00,0x00,0x00,0x00,0x00,0x00,0x00,0x00,0x00,0x00},/*" ",62*/
 189:Src/oled_i2c.c **** 
 190:Src/oled_i2c.c ****     {0x00,0x00,0x00,0x00,0x00,0x00,0x00,0x00,0x00,0x00,0x00,0x00,0x00,0x00,0x00,0x00},/*" ",63*/
 191:Src/oled_i2c.c **** };
 192:Src/oled_i2c.c **** 
 193:Src/oled_i2c.c **** 
 194:Src/oled_i2c.c **** void display_ctrl(I2C_HandleTypeDef *hi2c, uint32_t adc_val, __IO uint8_t *uart_array)
 195:Src/oled_i2c.c **** {   
 121              		.loc 1 195 0
 122              		.cfi_startproc
 123              		@ args = 0, pretend = 0, frame = 8
 124              		@ frame_needed = 0, uses_anonymous_args = 0
 125              	.LVL6:
 126 0000 2DE9F04F 		push	{r4, r5, r6, r7, r8, r9, r10, fp, lr}
 127              	.LCFI3:
 128              		.cfi_def_cfa_offset 36
 129              		.cfi_offset 4, -36
 130              		.cfi_offset 5, -32
 131              		.cfi_offset 6, -28
 132              		.cfi_offset 7, -24
 133              		.cfi_offset 8, -20
 134              		.cfi_offset 9, -16
 135              		.cfi_offset 10, -12
 136              		.cfi_offset 11, -8
 137              		.cfi_offset 14, -4
 138 0004 87B0     		sub	sp, sp, #28
 139              	.LCFI4:
 140              		.cfi_def_cfa_offset 64
 141 0006 0446     		mov	r4, r0
 196:Src/oled_i2c.c ****     uint8_t data1 = 0x02, data2 = 0x10;
 142              		.loc 1 196 0
 143 0008 0223     		movs	r3, #2
 144 000a 8DF81730 		strb	r3, [sp, #23]
 145 000e 1023     		movs	r3, #16
 146 0010 8DF81630 		strb	r3, [sp, #22]
 197:Src/oled_i2c.c ****     uint8_t data_b = 0x00;
ARM GAS  /var/folders/9t/hshg14bj4r3bdmp8s0pp3jdw0000gn/T//cc4NzEF1.s 			page 7


 147              		.loc 1 197 0
 148 0014 0023     		movs	r3, #0
 149 0016 8DF81530 		strb	r3, [sp, #21]
 150              	.LVL7:
 198:Src/oled_i2c.c ****     uint8_t m = 0,n = 0;
 199:Src/oled_i2c.c ****     uint32_t adc_offset = (adc_val / 21) * 10;
 151              		.loc 1 199 0
 152 001a AB4B     		ldr	r3, .L17
 153 001c A3FB0103 		umull	r0, r3, r3, r1
 154              	.LVL8:
 155 0020 C91A     		subs	r1, r1, r3
 156              	.LVL9:
 157 0022 03EB5103 		add	r3, r3, r1, lsr #1
 158 0026 1B09     		lsrs	r3, r3, #4
 159 0028 03EB8303 		add	r3, r3, r3, lsl #2
 160 002c 4FEA4309 		lsl	r9, r3, #1
 161              	.LVL10:
 200:Src/oled_i2c.c ****     uint16_t vol = 0x00;
 201:Src/oled_i2c.c ****     uint32_t pow = 0x00;
 202:Src/oled_i2c.c ****     uint32_t out = 0x00;
 203:Src/oled_i2c.c **** 
 204:Src/oled_i2c.c **** 
 205:Src/oled_i2c.c ****     if (uart_array != NULL)
 162              		.loc 1 205 0
 163 0030 F2B1     		cbz	r2, .L15
 164 0032 1146     		mov	r1, r2
 206:Src/oled_i2c.c ****     {
 207:Src/oled_i2c.c ****         vol = ((uart_array[3] << 8) + uart_array[4]) / 10;
 165              		.loc 1 207 0
 166 0034 D278     		ldrb	r2, [r2, #3]	@ zero_extendqisi2
 167              	.LVL11:
 168 0036 0B79     		ldrb	r3, [r1, #4]	@ zero_extendqisi2
 169 0038 03EB0223 		add	r3, r3, r2, lsl #8
 170 003c A34A     		ldr	r2, .L17+4
 171 003e 82FB0307 		smull	r0, r7, r2, r3
 172 0042 DB17     		asrs	r3, r3, #31
 173 0044 C3EBA707 		rsb	r7, r3, r7, asr #2
 174 0048 BFB2     		uxth	r7, r7
 175              	.LVL12:
 208:Src/oled_i2c.c ****         pow = ((uart_array[9] << 8) + uart_array[10]) / 10;
 176              		.loc 1 208 0
 177 004a 487A     		ldrb	r0, [r1, #9]	@ zero_extendqisi2
 178 004c 8B7A     		ldrb	r3, [r1, #10]	@ zero_extendqisi2
 179 004e 03EB0023 		add	r3, r3, r0, lsl #8
 180 0052 82FB0308 		smull	r0, r8, r2, r3
 181 0056 DB17     		asrs	r3, r3, #31
 182 0058 C3EBA808 		rsb	r8, r3, r8, asr #2
 183              	.LVL13:
 209:Src/oled_i2c.c ****         out = ((uart_array[17] << 8) + uart_array[18]) / 10;
 184              		.loc 1 209 0
 185 005c 487C     		ldrb	r0, [r1, #17]	@ zero_extendqisi2
 186 005e 8B7C     		ldrb	r3, [r1, #18]	@ zero_extendqisi2
 187 0060 03EB0023 		add	r3, r3, r0, lsl #8
 188 0064 82FB0312 		smull	r1, r2, r2, r3
 189              	.LVL14:
 190 0068 DB17     		asrs	r3, r3, #31
 191 006a C3EBA20A 		rsb	r10, r3, r2, asr #2
ARM GAS  /var/folders/9t/hshg14bj4r3bdmp8s0pp3jdw0000gn/T//cc4NzEF1.s 			page 8


 192              	.LVL15:
 193 006e 03E0     		b	.L8
 194              	.LVL16:
 195              	.L15:
 202:Src/oled_i2c.c **** 
 196              		.loc 1 202 0
 197 0070 4FF0000A 		mov	r10, #0
 201:Src/oled_i2c.c ****     uint32_t out = 0x00;
 198              		.loc 1 201 0
 199 0074 D046     		mov	r8, r10
 200:Src/oled_i2c.c ****     uint32_t pow = 0x00;
 200              		.loc 1 200 0
 201 0076 5746     		mov	r7, r10
 202              	.LVL17:
 203              	.L8:
 210:Src/oled_i2c.c ****     }
 211:Src/oled_i2c.c **** 
 212:Src/oled_i2c.c ****     if(adc_offset < pow)
 204              		.loc 1 212 0
 205 0078 C845     		cmp	r8, r9
 206 007a 09D9     		bls	.L9
 213:Src/oled_i2c.c ****     {
 214:Src/oled_i2c.c ****         if(hi2c == &hi2c1)
 207              		.loc 1 214 0
 208 007c 944B     		ldr	r3, .L17+8
 209 007e 9C42     		cmp	r4, r3
 210 0080 03D1     		bne	.L10
 215:Src/oled_i2c.c ****         {
 216:Src/oled_i2c.c ****             MX_GPIO1_TEST_Error(GPIO_PIN_SET);
 211              		.loc 1 216 0
 212 0082 0120     		movs	r0, #1
 213 0084 FFF7FEFF 		bl	MX_GPIO1_TEST_Error
 214              	.LVL18:
 215 0088 02E0     		b	.L9
 216              	.L10:
 217:Src/oled_i2c.c ****         }
 218:Src/oled_i2c.c ****         else
 219:Src/oled_i2c.c ****         {
 220:Src/oled_i2c.c ****             MX_GPIO2_TEST_Error(GPIO_PIN_SET);
 217              		.loc 1 220 0
 218 008a 0120     		movs	r0, #1
 219 008c FFF7FEFF 		bl	MX_GPIO2_TEST_Error
 220              	.LVL19:
 221              	.L9:
 221:Src/oled_i2c.c ****         }
 222:Src/oled_i2c.c ****     }
 223:Src/oled_i2c.c ****     /*
 224:Src/oled_i2c.c ****     if(adc_offset > pow)
 225:Src/oled_i2c.c ****     {
 226:Src/oled_i2c.c ****         if(hi2c == &hi2c1)
 227:Src/oled_i2c.c ****         {
 228:Src/oled_i2c.c ****             MX_GPIO1_TEST_Error(GPIO_PIN_RESET);
 229:Src/oled_i2c.c ****         }
 230:Src/oled_i2c.c ****         else
 231:Src/oled_i2c.c ****         {
 232:Src/oled_i2c.c ****             MX_GPIO2_TEST_Error(GPIO_PIN_RESET);
 233:Src/oled_i2c.c ****         } 
ARM GAS  /var/folders/9t/hshg14bj4r3bdmp8s0pp3jdw0000gn/T//cc4NzEF1.s 			page 9


 234:Src/oled_i2c.c ****     }
 235:Src/oled_i2c.c ****     */
 236:Src/oled_i2c.c **** 
 237:Src/oled_i2c.c ****     //out
 238:Src/oled_i2c.c ****     memcpy(&array1[10][0],&number[out / 10][0],16);
 222              		.loc 1 238 0
 223 0090 DFF84CE2 		ldr	lr, .L17+24
 224 0094 AEFB0A3C 		umull	r3, ip, lr, r10
 225 0098 4FEADC0C 		lsr	ip, ip, #3
 226 009c 8D4E     		ldr	r6, .L17+12
 227 009e 06EB0C13 		add	r3, r6, ip, lsl #4
 228 00a2 8D4D     		ldr	r5, .L17+16
 229 00a4 05F1A00B 		add	fp, r5, #160
 230 00a8 1868     		ldr	r0, [r3]	@ unaligned
 231 00aa 5968     		ldr	r1, [r3, #4]	@ unaligned
 232 00ac 9A68     		ldr	r2, [r3, #8]	@ unaligned
 233 00ae DB68     		ldr	r3, [r3, #12]	@ unaligned
 234 00b0 ABE80F00 		stmia	fp!, {r0, r1, r2, r3}
 239:Src/oled_i2c.c ****     memcpy(&array1[11][0],&number[out %  10][0],16);
 235              		.loc 1 239 0
 236 00b4 0CEB8C0C 		add	ip, ip, ip, lsl #2
 237 00b8 4FEA4C03 		lsl	r3, ip, #1
 238 00bc C3EB0A03 		rsb	r3, r3, r10
 239 00c0 06EB0313 		add	r3, r6, r3, lsl #4
 240 00c4 05F1B00C 		add	ip, r5, #176
 241 00c8 1868     		ldr	r0, [r3]	@ unaligned
 242 00ca 5968     		ldr	r1, [r3, #4]	@ unaligned
 243 00cc 9A68     		ldr	r2, [r3, #8]	@ unaligned
 244 00ce DB68     		ldr	r3, [r3, #12]	@ unaligned
 245 00d0 ACE80F00 		stmia	ip!, {r0, r1, r2, r3}
 240:Src/oled_i2c.c ****     //vol
 241:Src/oled_i2c.c ****     memcpy(&array1[23][0],&number[vol / 100][0],16);
 246              		.loc 1 241 0
 247 00d4 DFF80CC2 		ldr	ip, .L17+28
 248 00d8 ACFB073A 		umull	r3, r10, ip, r7
 249              	.LVL20:
 250 00dc 4FEA5A1A 		lsr	r10, r10, #5
 251 00e0 06EB0A13 		add	r3, r6, r10, lsl #4
 252 00e4 05F5B87B 		add	fp, r5, #368
 253 00e8 1868     		ldr	r0, [r3]	@ unaligned
 254 00ea 5968     		ldr	r1, [r3, #4]	@ unaligned
 255 00ec 9A68     		ldr	r2, [r3, #8]	@ unaligned
 256 00ee DB68     		ldr	r3, [r3, #12]	@ unaligned
 257 00f0 ABE80F00 		stmia	fp!, {r0, r1, r2, r3}
 242:Src/oled_i2c.c ****     memcpy(&array1[24][0],&number[(vol % 100) / 10][0],16);
 258              		.loc 1 242 0
 259 00f4 6423     		movs	r3, #100
 260 00f6 03FB1A77 		mls	r7, r3, r10, r7
 261              	.LVL21:
 262 00fa BFB2     		uxth	r7, r7
 263 00fc AEFB073A 		umull	r3, r10, lr, r7
 264 0100 4FEADA0A 		lsr	r10, r10, #3
 265 0104 06EB0A13 		add	r3, r6, r10, lsl #4
 266 0108 05F5C07B 		add	fp, r5, #384
 267 010c 1868     		ldr	r0, [r3]	@ unaligned
 268 010e 5968     		ldr	r1, [r3, #4]	@ unaligned
 269 0110 9A68     		ldr	r2, [r3, #8]	@ unaligned
ARM GAS  /var/folders/9t/hshg14bj4r3bdmp8s0pp3jdw0000gn/T//cc4NzEF1.s 			page 10


 270 0112 DB68     		ldr	r3, [r3, #12]	@ unaligned
 271 0114 ABE80F00 		stmia	fp!, {r0, r1, r2, r3}
 243:Src/oled_i2c.c ****     memcpy(&array1[25][0],&number[(vol % 100) % 10][0],16);
 272              		.loc 1 243 0
 273 0118 0AEB8A0A 		add	r10, r10, r10, lsl #2
 274 011c 4FEA4A03 		lsl	r3, r10, #1
 275 0120 FB1A     		subs	r3, r7, r3
 276 0122 9BB2     		uxth	r3, r3
 277 0124 06EB0313 		add	r3, r6, r3, lsl #4
 278 0128 05F5C877 		add	r7, r5, #400
 279 012c 1868     		ldr	r0, [r3]	@ unaligned
 280 012e 5968     		ldr	r1, [r3, #4]	@ unaligned
 281 0130 9A68     		ldr	r2, [r3, #8]	@ unaligned
 282 0132 DB68     		ldr	r3, [r3, #12]	@ unaligned
 283 0134 0FC7     		stmia	r7!, {r0, r1, r2, r3}
 244:Src/oled_i2c.c ****     //pow
 245:Src/oled_i2c.c ****     memcpy(&array1[39][0],&number[pow / 1000][0],16);
 284              		.loc 1 245 0
 285 0136 694B     		ldr	r3, .L17+20
 286 0138 A3FB083A 		umull	r3, r10, r3, r8
 287 013c 4FEA9A1A 		lsr	r10, r10, #6
 288 0140 06EB0A13 		add	r3, r6, r10, lsl #4
 289 0144 05F51C77 		add	r7, r5, #624
 290 0148 1868     		ldr	r0, [r3]	@ unaligned
 291 014a 5968     		ldr	r1, [r3, #4]	@ unaligned
 292 014c 9A68     		ldr	r2, [r3, #8]	@ unaligned
 293 014e DB68     		ldr	r3, [r3, #12]	@ unaligned
 294 0150 0FC7     		stmia	r7!, {r0, r1, r2, r3}
 246:Src/oled_i2c.c ****     memcpy(&array1[40][0],&number[(pow % 1000) / 100][0],16);
 295              		.loc 1 246 0
 296 0152 4FF47A7B 		mov	fp, #1000
 297 0156 0BFB1A87 		mls	r7, fp, r10, r8
 298 015a ACFB0738 		umull	r3, r8, ip, r7
 299              	.LVL22:
 300 015e 4FEA5818 		lsr	r8, r8, #5
 301 0162 06EB0813 		add	r3, r6, r8, lsl #4
 302 0166 05F5207A 		add	r10, r5, #640
 303 016a 1868     		ldr	r0, [r3]	@ unaligned
 304 016c 5968     		ldr	r1, [r3, #4]	@ unaligned
 305 016e 9A68     		ldr	r2, [r3, #8]	@ unaligned
 306 0170 DB68     		ldr	r3, [r3, #12]	@ unaligned
 307 0172 AAE80F00 		stmia	r10!, {r0, r1, r2, r3}
 247:Src/oled_i2c.c ****     memcpy(&array1[41][0],&number[((pow % 1000) % 100) / 10][0],16);
 308              		.loc 1 247 0
 309 0176 6423     		movs	r3, #100
 310 0178 03FB187A 		mls	r10, r3, r8, r7
 311 017c AEFB0A37 		umull	r3, r7, lr, r10
 312 0180 FF08     		lsrs	r7, r7, #3
 313 0182 06EB0713 		add	r3, r6, r7, lsl #4
 314 0186 05F52478 		add	r8, r5, #656
 315 018a 1868     		ldr	r0, [r3]	@ unaligned
 316 018c 5968     		ldr	r1, [r3, #4]	@ unaligned
 317 018e 9A68     		ldr	r2, [r3, #8]	@ unaligned
 318 0190 DB68     		ldr	r3, [r3, #12]	@ unaligned
 319 0192 A8E80F00 		stmia	r8!, {r0, r1, r2, r3}
 248:Src/oled_i2c.c ****     memcpy(&array1[42][0],&number[((pow % 1000) % 100) % 10][0],16);
 320              		.loc 1 248 0
ARM GAS  /var/folders/9t/hshg14bj4r3bdmp8s0pp3jdw0000gn/T//cc4NzEF1.s 			page 11


 321 0196 07EB8707 		add	r7, r7, r7, lsl #2
 322 019a 7B00     		lsls	r3, r7, #1
 323 019c C3EB0A03 		rsb	r3, r3, r10
 324 01a0 06EB0313 		add	r3, r6, r3, lsl #4
 325 01a4 05F52877 		add	r7, r5, #672
 326 01a8 1868     		ldr	r0, [r3]	@ unaligned
 327 01aa 5968     		ldr	r1, [r3, #4]	@ unaligned
 328 01ac 9A68     		ldr	r2, [r3, #8]	@ unaligned
 329 01ae DB68     		ldr	r3, [r3, #12]	@ unaligned
 330 01b0 0FC7     		stmia	r7!, {r0, r1, r2, r3}
 249:Src/oled_i2c.c ****     //set
 250:Src/oled_i2c.c ****     memcpy(&array1[55][0],&number[adc_offset / 1000][0],16);
 331              		.loc 1 250 0
 332 01b2 4A4B     		ldr	r3, .L17+20
 333 01b4 A3FB0938 		umull	r3, r8, r3, r9
 334 01b8 4FEA9818 		lsr	r8, r8, #6
 335 01bc 06EB0813 		add	r3, r6, r8, lsl #4
 336 01c0 05F55C77 		add	r7, r5, #880
 337 01c4 1868     		ldr	r0, [r3]	@ unaligned
 338 01c6 5968     		ldr	r1, [r3, #4]	@ unaligned
 339 01c8 9A68     		ldr	r2, [r3, #8]	@ unaligned
 340 01ca DB68     		ldr	r3, [r3, #12]	@ unaligned
 341 01cc 0FC7     		stmia	r7!, {r0, r1, r2, r3}
 251:Src/oled_i2c.c ****     memcpy(&array1[56][0],&number[(adc_offset % 1000) / 100][0],16);
 342              		.loc 1 251 0
 343 01ce 0BFB1897 		mls	r7, fp, r8, r9
 344 01d2 ACFB073C 		umull	r3, ip, ip, r7
 345 01d6 4FEA5C18 		lsr	r8, ip, #5
 346 01da 06EB0813 		add	r3, r6, r8, lsl #4
 347 01de 05F5607C 		add	ip, r5, #896
 348 01e2 1868     		ldr	r0, [r3]	@ unaligned
 349 01e4 5968     		ldr	r1, [r3, #4]	@ unaligned
 350 01e6 9A68     		ldr	r2, [r3, #8]	@ unaligned
 351 01e8 DB68     		ldr	r3, [r3, #12]	@ unaligned
 352 01ea ACE80F00 		stmia	ip!, {r0, r1, r2, r3}
 252:Src/oled_i2c.c ****     memcpy(&array1[57][0],&number[((adc_offset % 1000) % 100) / 10][0],16);
 353              		.loc 1 252 0
 354 01ee 6423     		movs	r3, #100
 355 01f0 03FB187C 		mls	ip, r3, r8, r7
 356 01f4 AEFB0C37 		umull	r3, r7, lr, ip
 357 01f8 FF08     		lsrs	r7, r7, #3
 358 01fa 06EB0713 		add	r3, r6, r7, lsl #4
 359 01fe 05F5647E 		add	lr, r5, #912
 360 0202 1868     		ldr	r0, [r3]	@ unaligned
 361 0204 5968     		ldr	r1, [r3, #4]	@ unaligned
 362 0206 9A68     		ldr	r2, [r3, #8]	@ unaligned
 363 0208 DB68     		ldr	r3, [r3, #12]	@ unaligned
 364 020a AEE80F00 		stmia	lr!, {r0, r1, r2, r3}
 253:Src/oled_i2c.c ****     memcpy(&array1[58][0],&number[((adc_offset % 1000) % 100) % 10][0],16);
 365              		.loc 1 253 0
 366 020e 07EB8707 		add	r7, r7, r7, lsl #2
 367 0212 7B00     		lsls	r3, r7, #1
 368 0214 C3EB0C03 		rsb	r3, r3, ip
 369 0218 06EB0316 		add	r6, r6, r3, lsl #4
 370 021c 05F56875 		add	r5, r5, #928
 371 0220 3068     		ldr	r0, [r6]	@ unaligned
 372 0222 7168     		ldr	r1, [r6, #4]	@ unaligned
ARM GAS  /var/folders/9t/hshg14bj4r3bdmp8s0pp3jdw0000gn/T//cc4NzEF1.s 			page 12


 373 0224 B268     		ldr	r2, [r6, #8]	@ unaligned
 374 0226 F368     		ldr	r3, [r6, #12]	@ unaligned
 375 0228 0FC5     		stmia	r5!, {r0, r1, r2, r3}
 254:Src/oled_i2c.c **** 
 255:Src/oled_i2c.c **** 	for(m=0;m<8;m++)
 376              		.loc 1 255 0
 377 022a 0026     		movs	r6, #0
 378 022c 46E0     		b	.L11
 379              	.LVL23:
 380              	.L14:
 256:Src/oled_i2c.c **** 	{ 
 257:Src/oled_i2c.c ****         data_b = 0xb0+m;
 381              		.loc 1 257 0
 382 022e A6F15002 		sub	r2, r6, #80
 383 0232 06AB     		add	r3, sp, #24
 384 0234 03F8032D 		strb	r2, [r3, #-3]!
 258:Src/oled_i2c.c ****         HAL_I2C_Mem_Write(hi2c,0x78,0x00,I2C_MEMADD_SIZE_8BIT,&data_b,1,10);
 385              		.loc 1 258 0
 386 0238 0A27     		movs	r7, #10
 387 023a 0297     		str	r7, [sp, #8]
 388 023c 0125     		movs	r5, #1
 389 023e 0195     		str	r5, [sp, #4]
 390 0240 0093     		str	r3, [sp]
 391 0242 2B46     		mov	r3, r5
 392 0244 0022     		movs	r2, #0
 393 0246 7821     		movs	r1, #120
 394 0248 2046     		mov	r0, r4
 395 024a FFF7FEFF 		bl	HAL_I2C_Mem_Write
 396              	.LVL24:
 259:Src/oled_i2c.c ****         HAL_I2C_Mem_Write(hi2c,0x78,0x00,I2C_MEMADD_SIZE_8BIT,&data1,1,10);		//low column start add
 397              		.loc 1 259 0
 398 024e 0297     		str	r7, [sp, #8]
 399 0250 0195     		str	r5, [sp, #4]
 400 0252 0DF11703 		add	r3, sp, #23
 401 0256 0093     		str	r3, [sp]
 402 0258 2B46     		mov	r3, r5
 403 025a 0022     		movs	r2, #0
 404 025c 7821     		movs	r1, #120
 405 025e 2046     		mov	r0, r4
 406 0260 FFF7FEFF 		bl	HAL_I2C_Mem_Write
 407              	.LVL25:
 260:Src/oled_i2c.c ****         HAL_I2C_Mem_Write(hi2c,0x78,0x00,I2C_MEMADD_SIZE_8BIT,&data2,1,10);		//high column start ad
 408              		.loc 1 260 0
 409 0264 0297     		str	r7, [sp, #8]
 410 0266 0195     		str	r5, [sp, #4]
 411 0268 0DF11603 		add	r3, sp, #22
 412 026c 0093     		str	r3, [sp]
 413 026e 2B46     		mov	r3, r5
 414 0270 0022     		movs	r2, #0
 415 0272 7821     		movs	r1, #120
 416 0274 2046     		mov	r0, r4
 417 0276 FFF7FEFF 		bl	HAL_I2C_Mem_Write
 418              	.LVL26:
 261:Src/oled_i2c.c **** 
 262:Src/oled_i2c.c ****         for(n=0;n<128;n++)
 419              		.loc 1 262 0
 420 027a 0025     		movs	r5, #0
ARM GAS  /var/folders/9t/hshg14bj4r3bdmp8s0pp3jdw0000gn/T//cc4NzEF1.s 			page 13


 421 027c 19E0     		b	.L12
 422              	.LVL27:
 423              	.L13:
 263:Src/oled_i2c.c ****         {
 264:Src/oled_i2c.c ****             HAL_I2C_Mem_Write(hi2c,0x78,0x40,I2C_MEMADD_SIZE_8BIT,&array1[m / 2 * 16 + n / 8][(m % 
 424              		.loc 1 264 0 discriminator 3
 425 027e 7208     		lsrs	r2, r6, #1
 426 0280 EB08     		lsrs	r3, r5, #3
 427 0282 03EB0211 		add	r1, r3, r2, lsl #4
 428 0286 06F00102 		and	r2, r6, #1
 429 028a 05F00703 		and	r3, r5, #7
 430 028e 03EBC202 		add	r2, r3, r2, lsl #3
 431 0292 0A23     		movs	r3, #10
 432 0294 0293     		str	r3, [sp, #8]
 433 0296 0123     		movs	r3, #1
 434 0298 0193     		str	r3, [sp, #4]
 435 029a 02EB0112 		add	r2, r2, r1, lsl #4
 436 029e 0E49     		ldr	r1, .L17+16
 437 02a0 0A44     		add	r2, r2, r1
 438 02a2 0092     		str	r2, [sp]
 439 02a4 4022     		movs	r2, #64
 440 02a6 7821     		movs	r1, #120
 441 02a8 2046     		mov	r0, r4
 442 02aa FFF7FEFF 		bl	HAL_I2C_Mem_Write
 443              	.LVL28:
 262:Src/oled_i2c.c ****         {
 444              		.loc 1 262 0 discriminator 3
 445 02ae 0135     		adds	r5, r5, #1
 446              	.LVL29:
 447 02b0 EDB2     		uxtb	r5, r5
 448              	.LVL30:
 449              	.L12:
 262:Src/oled_i2c.c ****         {
 450              		.loc 1 262 0 is_stmt 0 discriminator 1
 451 02b2 15F0800F 		tst	r5, #128
 452 02b6 E2D0     		beq	.L13
 255:Src/oled_i2c.c **** 	{ 
 453              		.loc 1 255 0 is_stmt 1 discriminator 2
 454 02b8 0136     		adds	r6, r6, #1
 455              	.LVL31:
 456 02ba F6B2     		uxtb	r6, r6
 457              	.LVL32:
 458              	.L11:
 255:Src/oled_i2c.c **** 	{ 
 459              		.loc 1 255 0 is_stmt 0 discriminator 1
 460 02bc 072E     		cmp	r6, #7
 461 02be B6D9     		bls	.L14
 265:Src/oled_i2c.c ****         }
 266:Src/oled_i2c.c **** 	}  
 267:Src/oled_i2c.c **** }
 462              		.loc 1 267 0 is_stmt 1
 463 02c0 07B0     		add	sp, sp, #28
 464              	.LCFI5:
 465              		.cfi_def_cfa_offset 36
 466              		@ sp needed
 467 02c2 BDE8F08F 		pop	{r4, r5, r6, r7, r8, r9, r10, fp, pc}
 468              	.LVL33:
ARM GAS  /var/folders/9t/hshg14bj4r3bdmp8s0pp3jdw0000gn/T//cc4NzEF1.s 			page 14


 469              	.L18:
 470 02c6 00BF     		.align	2
 471              	.L17:
 472 02c8 87611886 		.word	-2045222521
 473 02cc 67666666 		.word	1717986919
 474 02d0 00000000 		.word	hi2c1
 475 02d4 00000000 		.word	.LANCHOR1
 476 02d8 00000000 		.word	.LANCHOR2
 477 02dc D34D6210 		.word	274877907
 478 02e0 CDCCCCCC 		.word	-858993459
 479 02e4 1F85EB51 		.word	1374389535
 480              		.cfi_endproc
 481              	.LFE66:
 483              		.section	.rodata
 484              		.align	2
 485              		.set	.LANCHOR0,. + 0
 486              	.LC0:
 487 0000 AE       		.byte	-82
 488 0001 20       		.byte	32
 489 0002 10       		.byte	16
 490 0003 B0       		.byte	-80
 491 0004 C8       		.byte	-56
 492 0005 02       		.byte	2
 493 0006 10       		.byte	16
 494 0007 40       		.byte	64
 495 0008 81       		.byte	-127
 496 0009 FF       		.byte	-1
 497 000a A1       		.byte	-95
 498 000b A6       		.byte	-90
 499 000c A8       		.byte	-88
 500 000d 3F       		.byte	63
 501 000e A4       		.byte	-92
 502 000f D3       		.byte	-45
 503 0010 00       		.byte	0
 504 0011 D5       		.byte	-43
 505 0012 F0       		.byte	-16
 506 0013 D9       		.byte	-39
 507 0014 22       		.byte	34
 508 0015 DA       		.byte	-38
 509 0016 12       		.byte	18
 510 0017 DB       		.byte	-37
 511 0018 20       		.byte	32
 512 0019 8D       		.byte	-115
 513 001a 14       		.byte	20
 514 001b AF       		.byte	-81
 515              		.section	.rodata.number,"a",%progbits
 516              		.align	2
 517              		.set	.LANCHOR1,. + 0
 520              	number:
 521 0000 00       		.byte	0
 522 0001 E0       		.byte	-32
 523 0002 10       		.byte	16
 524 0003 08       		.byte	8
 525 0004 08       		.byte	8
 526 0005 10       		.byte	16
 527 0006 E0       		.byte	-32
 528 0007 00       		.byte	0
ARM GAS  /var/folders/9t/hshg14bj4r3bdmp8s0pp3jdw0000gn/T//cc4NzEF1.s 			page 15


 529 0008 00       		.byte	0
 530 0009 0F       		.byte	15
 531 000a 10       		.byte	16
 532 000b 20       		.byte	32
 533 000c 20       		.byte	32
 534 000d 10       		.byte	16
 535 000e 0F       		.byte	15
 536 000f 00       		.byte	0
 537 0010 00       		.byte	0
 538 0011 00       		.byte	0
 539 0012 10       		.byte	16
 540 0013 10       		.byte	16
 541 0014 F8       		.byte	-8
 542 0015 00       		.byte	0
 543 0016 00       		.byte	0
 544 0017 00       		.byte	0
 545 0018 00       		.byte	0
 546 0019 00       		.byte	0
 547 001a 20       		.byte	32
 548 001b 20       		.byte	32
 549 001c 3F       		.byte	63
 550 001d 20       		.byte	32
 551 001e 20       		.byte	32
 552 001f 00       		.byte	0
 553 0020 00       		.byte	0
 554 0021 70       		.byte	112
 555 0022 08       		.byte	8
 556 0023 08       		.byte	8
 557 0024 08       		.byte	8
 558 0025 08       		.byte	8
 559 0026 F0       		.byte	-16
 560 0027 00       		.byte	0
 561 0028 00       		.byte	0
 562 0029 30       		.byte	48
 563 002a 28       		.byte	40
 564 002b 24       		.byte	36
 565 002c 22       		.byte	34
 566 002d 21       		.byte	33
 567 002e 30       		.byte	48
 568 002f 00       		.byte	0
 569 0030 00       		.byte	0
 570 0031 30       		.byte	48
 571 0032 08       		.byte	8
 572 0033 08       		.byte	8
 573 0034 08       		.byte	8
 574 0035 88       		.byte	-120
 575 0036 70       		.byte	112
 576 0037 00       		.byte	0
 577 0038 00       		.byte	0
 578 0039 18       		.byte	24
 579 003a 20       		.byte	32
 580 003b 21       		.byte	33
 581 003c 21       		.byte	33
 582 003d 22       		.byte	34
 583 003e 1C       		.byte	28
 584 003f 00       		.byte	0
 585 0040 00       		.byte	0
ARM GAS  /var/folders/9t/hshg14bj4r3bdmp8s0pp3jdw0000gn/T//cc4NzEF1.s 			page 16


 586 0041 00       		.byte	0
 587 0042 80       		.byte	-128
 588 0043 40       		.byte	64
 589 0044 30       		.byte	48
 590 0045 F8       		.byte	-8
 591 0046 00       		.byte	0
 592 0047 00       		.byte	0
 593 0048 00       		.byte	0
 594 0049 06       		.byte	6
 595 004a 05       		.byte	5
 596 004b 24       		.byte	36
 597 004c 24       		.byte	36
 598 004d 3F       		.byte	63
 599 004e 24       		.byte	36
 600 004f 24       		.byte	36
 601 0050 00       		.byte	0
 602 0051 F8       		.byte	-8
 603 0052 88       		.byte	-120
 604 0053 88       		.byte	-120
 605 0054 88       		.byte	-120
 606 0055 08       		.byte	8
 607 0056 08       		.byte	8
 608 0057 00       		.byte	0
 609 0058 00       		.byte	0
 610 0059 19       		.byte	25
 611 005a 20       		.byte	32
 612 005b 20       		.byte	32
 613 005c 20       		.byte	32
 614 005d 11       		.byte	17
 615 005e 0E       		.byte	14
 616 005f 00       		.byte	0
 617 0060 00       		.byte	0
 618 0061 E0       		.byte	-32
 619 0062 10       		.byte	16
 620 0063 88       		.byte	-120
 621 0064 88       		.byte	-120
 622 0065 90       		.byte	-112
 623 0066 00       		.byte	0
 624 0067 00       		.byte	0
 625 0068 00       		.byte	0
 626 0069 0F       		.byte	15
 627 006a 11       		.byte	17
 628 006b 20       		.byte	32
 629 006c 20       		.byte	32
 630 006d 20       		.byte	32
 631 006e 1F       		.byte	31
 632 006f 00       		.byte	0
 633 0070 00       		.byte	0
 634 0071 18       		.byte	24
 635 0072 08       		.byte	8
 636 0073 08       		.byte	8
 637 0074 88       		.byte	-120
 638 0075 68       		.byte	104
 639 0076 18       		.byte	24
 640 0077 00       		.byte	0
 641 0078 00       		.byte	0
 642 0079 00       		.byte	0
ARM GAS  /var/folders/9t/hshg14bj4r3bdmp8s0pp3jdw0000gn/T//cc4NzEF1.s 			page 17


 643 007a 00       		.byte	0
 644 007b 3E       		.byte	62
 645 007c 01       		.byte	1
 646 007d 00       		.byte	0
 647 007e 00       		.byte	0
 648 007f 00       		.byte	0
 649 0080 00       		.byte	0
 650 0081 70       		.byte	112
 651 0082 88       		.byte	-120
 652 0083 08       		.byte	8
 653 0084 08       		.byte	8
 654 0085 88       		.byte	-120
 655 0086 70       		.byte	112
 656 0087 00       		.byte	0
 657 0088 00       		.byte	0
 658 0089 1C       		.byte	28
 659 008a 22       		.byte	34
 660 008b 21       		.byte	33
 661 008c 21       		.byte	33
 662 008d 22       		.byte	34
 663 008e 1C       		.byte	28
 664 008f 00       		.byte	0
 665 0090 00       		.byte	0
 666 0091 F0       		.byte	-16
 667 0092 08       		.byte	8
 668 0093 08       		.byte	8
 669 0094 08       		.byte	8
 670 0095 10       		.byte	16
 671 0096 E0       		.byte	-32
 672 0097 00       		.byte	0
 673 0098 00       		.byte	0
 674 0099 01       		.byte	1
 675 009a 12       		.byte	18
 676 009b 22       		.byte	34
 677 009c 22       		.byte	34
 678 009d 11       		.byte	17
 679 009e 0F       		.byte	15
 680 009f 00       		.byte	0
 681              		.section	.data.array1,"aw",%progbits
 682              		.align	2
 683              		.set	.LANCHOR2,. + 0
 686              	array1:
 687 0000 00       		.byte	0
 688 0001 00       		.byte	0
 689 0002 00       		.byte	0
 690 0003 00       		.byte	0
 691 0004 00       		.byte	0
 692 0005 00       		.byte	0
 693 0006 00       		.byte	0
 694 0007 00       		.byte	0
 695 0008 00       		.byte	0
 696 0009 00       		.byte	0
 697 000a 00       		.byte	0
 698 000b 00       		.byte	0
 699 000c 00       		.byte	0
 700 000d 00       		.byte	0
 701 000e 00       		.byte	0
ARM GAS  /var/folders/9t/hshg14bj4r3bdmp8s0pp3jdw0000gn/T//cc4NzEF1.s 			page 18


 702 000f 00       		.byte	0
 703 0010 E0       		.byte	-32
 704 0011 10       		.byte	16
 705 0012 08       		.byte	8
 706 0013 08       		.byte	8
 707 0014 08       		.byte	8
 708 0015 10       		.byte	16
 709 0016 E0       		.byte	-32
 710 0017 00       		.byte	0
 711 0018 0F       		.byte	15
 712 0019 10       		.byte	16
 713 001a 20       		.byte	32
 714 001b 20       		.byte	32
 715 001c 20       		.byte	32
 716 001d 10       		.byte	16
 717 001e 0F       		.byte	15
 718 001f 00       		.byte	0
 719 0020 08       		.byte	8
 720 0021 F8       		.byte	-8
 721 0022 08       		.byte	8
 722 0023 00       		.byte	0
 723 0024 00       		.byte	0
 724 0025 08       		.byte	8
 725 0026 F8       		.byte	-8
 726 0027 08       		.byte	8
 727 0028 00       		.byte	0
 728 0029 1F       		.byte	31
 729 002a 20       		.byte	32
 730 002b 20       		.byte	32
 731 002c 20       		.byte	32
 732 002d 20       		.byte	32
 733 002e 1F       		.byte	31
 734 002f 00       		.byte	0
 735 0030 18       		.byte	24
 736 0031 08       		.byte	8
 737 0032 08       		.byte	8
 738 0033 F8       		.byte	-8
 739 0034 08       		.byte	8
 740 0035 08       		.byte	8
 741 0036 18       		.byte	24
 742 0037 00       		.byte	0
 743 0038 00       		.byte	0
 744 0039 00       		.byte	0
 745 003a 20       		.byte	32
 746 003b 3F       		.byte	63
 747 003c 20       		.byte	32
 748 003d 00       		.byte	0
 749 003e 00       		.byte	0
 750 003f 00       		.byte	0
 751 0040 00       		.byte	0
 752 0041 00       		.byte	0
 753 0042 00       		.byte	0
 754 0043 00       		.byte	0
 755 0044 00       		.byte	0
 756 0045 00       		.byte	0
 757 0046 00       		.byte	0
 758 0047 00       		.byte	0
ARM GAS  /var/folders/9t/hshg14bj4r3bdmp8s0pp3jdw0000gn/T//cc4NzEF1.s 			page 19


 759 0048 00       		.byte	0
 760 0049 00       		.byte	0
 761 004a 00       		.byte	0
 762 004b 00       		.byte	0
 763 004c 00       		.byte	0
 764 004d 00       		.byte	0
 765 004e 00       		.byte	0
 766 004f 00       		.byte	0
 767 0050 00       		.byte	0
 768 0051 00       		.byte	0
 769 0052 00       		.byte	0
 770 0053 C0       		.byte	-64
 771 0054 C0       		.byte	-64
 772 0055 00       		.byte	0
 773 0056 00       		.byte	0
 774 0057 00       		.byte	0
 775 0058 00       		.byte	0
 776 0059 00       		.byte	0
 777 005a 00       		.byte	0
 778 005b 30       		.byte	48
 779 005c 30       		.byte	48
 780 005d 00       		.byte	0
 781 005e 00       		.byte	0
 782 005f 00       		.byte	0
 783 0060 00       		.byte	0
 784 0061 00       		.byte	0
 785 0062 00       		.byte	0
 786 0063 00       		.byte	0
 787 0064 00       		.byte	0
 788 0065 00       		.byte	0
 789 0066 00       		.byte	0
 790 0067 00       		.byte	0
 791 0068 00       		.byte	0
 792 0069 00       		.byte	0
 793 006a 00       		.byte	0
 794 006b 00       		.byte	0
 795 006c 00       		.byte	0
 796 006d 00       		.byte	0
 797 006e 00       		.byte	0
 798 006f 00       		.byte	0
 799 0070 00       		.byte	0
 800 0071 00       		.byte	0
 801 0072 C0       		.byte	-64
 802 0073 38       		.byte	56
 803 0074 E0       		.byte	-32
 804 0075 00       		.byte	0
 805 0076 00       		.byte	0
 806 0077 00       		.byte	0
 807 0078 20       		.byte	32
 808 0079 3C       		.byte	60
 809 007a 23       		.byte	35
 810 007b 02       		.byte	2
 811 007c 02       		.byte	2
 812 007d 27       		.byte	39
 813 007e 38       		.byte	56
 814 007f 20       		.byte	32
 815 0080 C0       		.byte	-64
ARM GAS  /var/folders/9t/hshg14bj4r3bdmp8s0pp3jdw0000gn/T//cc4NzEF1.s 			page 20


 816 0081 30       		.byte	48
 817 0082 08       		.byte	8
 818 0083 08       		.byte	8
 819 0084 08       		.byte	8
 820 0085 08       		.byte	8
 821 0086 38       		.byte	56
 822 0087 00       		.byte	0
 823 0088 07       		.byte	7
 824 0089 18       		.byte	24
 825 008a 20       		.byte	32
 826 008b 20       		.byte	32
 827 008c 20       		.byte	32
 828 008d 10       		.byte	16
 829 008e 08       		.byte	8
 830 008f 00       		.byte	0
 831 0090 00       		.byte	0
 832 0091 00       		.byte	0
 833 0092 00       		.byte	0
 834 0093 00       		.byte	0
 835 0094 00       		.byte	0
 836 0095 00       		.byte	0
 837 0096 00       		.byte	0
 838 0097 00       		.byte	0
 839 0098 00       		.byte	0
 840 0099 00       		.byte	0
 841 009a 00       		.byte	0
 842 009b 00       		.byte	0
 843 009c 00       		.byte	0
 844 009d 00       		.byte	0
 845 009e 00       		.byte	0
 846 009f 00       		.byte	0
 847 00a0 00       		.byte	0
 848 00a1 E0       		.byte	-32
 849 00a2 10       		.byte	16
 850 00a3 08       		.byte	8
 851 00a4 08       		.byte	8
 852 00a5 10       		.byte	16
 853 00a6 E0       		.byte	-32
 854 00a7 00       		.byte	0
 855 00a8 00       		.byte	0
 856 00a9 0F       		.byte	15
 857 00aa 10       		.byte	16
 858 00ab 20       		.byte	32
 859 00ac 20       		.byte	32
 860 00ad 10       		.byte	16
 861 00ae 0F       		.byte	15
 862 00af 00       		.byte	0
 863 00b0 00       		.byte	0
 864 00b1 E0       		.byte	-32
 865 00b2 10       		.byte	16
 866 00b3 08       		.byte	8
 867 00b4 08       		.byte	8
 868 00b5 10       		.byte	16
 869 00b6 E0       		.byte	-32
 870 00b7 00       		.byte	0
 871 00b8 00       		.byte	0
 872 00b9 0F       		.byte	15
ARM GAS  /var/folders/9t/hshg14bj4r3bdmp8s0pp3jdw0000gn/T//cc4NzEF1.s 			page 21


 873 00ba 10       		.byte	16
 874 00bb 20       		.byte	32
 875 00bc 20       		.byte	32
 876 00bd 10       		.byte	16
 877 00be 0F       		.byte	15
 878 00bf 00       		.byte	0
 879 00c0 08       		.byte	8
 880 00c1 F8       		.byte	-8
 881 00c2 08       		.byte	8
 882 00c3 00       		.byte	0
 883 00c4 00       		.byte	0
 884 00c5 08       		.byte	8
 885 00c6 F8       		.byte	-8
 886 00c7 08       		.byte	8
 887 00c8 20       		.byte	32
 888 00c9 3F       		.byte	63
 889 00ca 21       		.byte	33
 890 00cb 01       		.byte	1
 891 00cc 01       		.byte	1
 892 00cd 21       		.byte	33
 893 00ce 3F       		.byte	63
 894 00cf 20       		.byte	32
 895 00d0 00       		.byte	0
 896 00d1 80       		.byte	-128
 897 00d2 80       		.byte	-128
 898 00d3 80       		.byte	-128
 899 00d4 80       		.byte	-128
 900 00d5 80       		.byte	-128
 901 00d6 80       		.byte	-128
 902 00d7 00       		.byte	0
 903 00d8 00       		.byte	0
 904 00d9 21       		.byte	33
 905 00da 30       		.byte	48
 906 00db 2C       		.byte	44
 907 00dc 22       		.byte	34
 908 00dd 21       		.byte	33
 909 00de 30       		.byte	48
 910 00df 00       		.byte	0
 911 00e0 00       		.byte	0
 912 00e1 00       		.byte	0
 913 00e2 00       		.byte	0
 914 00e3 00       		.byte	0
 915 00e4 00       		.byte	0
 916 00e5 00       		.byte	0
 917 00e6 00       		.byte	0
 918 00e7 00       		.byte	0
 919 00e8 00       		.byte	0
 920 00e9 00       		.byte	0
 921 00ea 00       		.byte	0
 922 00eb 00       		.byte	0
 923 00ec 00       		.byte	0
 924 00ed 00       		.byte	0
 925 00ee 00       		.byte	0
 926 00ef 00       		.byte	0
 927 00f0 00       		.byte	0
 928 00f1 00       		.byte	0
 929 00f2 00       		.byte	0
ARM GAS  /var/folders/9t/hshg14bj4r3bdmp8s0pp3jdw0000gn/T//cc4NzEF1.s 			page 22


 930 00f3 00       		.byte	0
 931 00f4 00       		.byte	0
 932 00f5 00       		.byte	0
 933 00f6 00       		.byte	0
 934 00f7 00       		.byte	0
 935 00f8 00       		.byte	0
 936 00f9 00       		.byte	0
 937 00fa 00       		.byte	0
 938 00fb 00       		.byte	0
 939 00fc 00       		.byte	0
 940 00fd 00       		.byte	0
 941 00fe 00       		.byte	0
 942 00ff 00       		.byte	0
 943 0100 00       		.byte	0
 944 0101 00       		.byte	0
 945 0102 00       		.byte	0
 946 0103 00       		.byte	0
 947 0104 00       		.byte	0
 948 0105 00       		.byte	0
 949 0106 00       		.byte	0
 950 0107 00       		.byte	0
 951 0108 00       		.byte	0
 952 0109 00       		.byte	0
 953 010a 00       		.byte	0
 954 010b 00       		.byte	0
 955 010c 00       		.byte	0
 956 010d 00       		.byte	0
 957 010e 00       		.byte	0
 958 010f 00       		.byte	0
 959 0110 08       		.byte	8
 960 0111 78       		.byte	120
 961 0112 88       		.byte	-120
 962 0113 00       		.byte	0
 963 0114 00       		.byte	0
 964 0115 C8       		.byte	-56
 965 0116 38       		.byte	56
 966 0117 08       		.byte	8
 967 0118 00       		.byte	0
 968 0119 00       		.byte	0
 969 011a 07       		.byte	7
 970 011b 38       		.byte	56
 971 011c 0E       		.byte	14
 972 011d 01       		.byte	1
 973 011e 00       		.byte	0
 974 011f 00       		.byte	0
 975 0120 E0       		.byte	-32
 976 0121 10       		.byte	16
 977 0122 08       		.byte	8
 978 0123 08       		.byte	8
 979 0124 08       		.byte	8
 980 0125 10       		.byte	16
 981 0126 E0       		.byte	-32
 982 0127 00       		.byte	0
 983 0128 0F       		.byte	15
 984 0129 10       		.byte	16
 985 012a 20       		.byte	32
 986 012b 20       		.byte	32
ARM GAS  /var/folders/9t/hshg14bj4r3bdmp8s0pp3jdw0000gn/T//cc4NzEF1.s 			page 23


 987 012c 20       		.byte	32
 988 012d 10       		.byte	16
 989 012e 0F       		.byte	15
 990 012f 00       		.byte	0
 991 0130 08       		.byte	8
 992 0131 F8       		.byte	-8
 993 0132 08       		.byte	8
 994 0133 00       		.byte	0
 995 0134 00       		.byte	0
 996 0135 00       		.byte	0
 997 0136 00       		.byte	0
 998 0137 00       		.byte	0
 999 0138 20       		.byte	32
 1000 0139 3F       		.byte	63
 1001 013a 20       		.byte	32
 1002 013b 20       		.byte	32
 1003 013c 20       		.byte	32
 1004 013d 20       		.byte	32
 1005 013e 30       		.byte	48
 1006 013f 00       		.byte	0
 1007 0140 00       		.byte	0
 1008 0141 00       		.byte	0
 1009 0142 00       		.byte	0
 1010 0143 00       		.byte	0
 1011 0144 00       		.byte	0
 1012 0145 00       		.byte	0
 1013 0146 00       		.byte	0
 1014 0147 00       		.byte	0
 1015 0148 00       		.byte	0
 1016 0149 00       		.byte	0
 1017 014a 00       		.byte	0
 1018 014b 00       		.byte	0
 1019 014c 00       		.byte	0
 1020 014d 00       		.byte	0
 1021 014e 00       		.byte	0
 1022 014f 00       		.byte	0
 1023 0150 00       		.byte	0
 1024 0151 00       		.byte	0
 1025 0152 00       		.byte	0
 1026 0153 C0       		.byte	-64
 1027 0154 C0       		.byte	-64
 1028 0155 00       		.byte	0
 1029 0156 00       		.byte	0
 1030 0157 00       		.byte	0
 1031 0158 00       		.byte	0
 1032 0159 00       		.byte	0
 1033 015a 00       		.byte	0
 1034 015b 30       		.byte	48
 1035 015c 30       		.byte	48
 1036 015d 00       		.byte	0
 1037 015e 00       		.byte	0
 1038 015f 00       		.byte	0
 1039 0160 00       		.byte	0
 1040 0161 00       		.byte	0
 1041 0162 00       		.byte	0
 1042 0163 00       		.byte	0
 1043 0164 00       		.byte	0
ARM GAS  /var/folders/9t/hshg14bj4r3bdmp8s0pp3jdw0000gn/T//cc4NzEF1.s 			page 24


 1044 0165 00       		.byte	0
 1045 0166 00       		.byte	0
 1046 0167 00       		.byte	0
 1047 0168 00       		.byte	0
 1048 0169 00       		.byte	0
 1049 016a 00       		.byte	0
 1050 016b 00       		.byte	0
 1051 016c 00       		.byte	0
 1052 016d 00       		.byte	0
 1053 016e 00       		.byte	0
 1054 016f 00       		.byte	0
 1055 0170 00       		.byte	0
 1056 0171 E0       		.byte	-32
 1057 0172 10       		.byte	16
 1058 0173 08       		.byte	8
 1059 0174 08       		.byte	8
 1060 0175 10       		.byte	16
 1061 0176 E0       		.byte	-32
 1062 0177 00       		.byte	0
 1063 0178 00       		.byte	0
 1064 0179 0F       		.byte	15
 1065 017a 10       		.byte	16
 1066 017b 20       		.byte	32
 1067 017c 20       		.byte	32
 1068 017d 10       		.byte	16
 1069 017e 0F       		.byte	15
 1070 017f 00       		.byte	0
 1071 0180 00       		.byte	0
 1072 0181 E0       		.byte	-32
 1073 0182 10       		.byte	16
 1074 0183 08       		.byte	8
 1075 0184 08       		.byte	8
 1076 0185 10       		.byte	16
 1077 0186 E0       		.byte	-32
 1078 0187 00       		.byte	0
 1079 0188 00       		.byte	0
 1080 0189 0F       		.byte	15
 1081 018a 10       		.byte	16
 1082 018b 20       		.byte	32
 1083 018c 20       		.byte	32
 1084 018d 10       		.byte	16
 1085 018e 0F       		.byte	15
 1086 018f 00       		.byte	0
 1087 0190 00       		.byte	0
 1088 0191 E0       		.byte	-32
 1089 0192 10       		.byte	16
 1090 0193 08       		.byte	8
 1091 0194 08       		.byte	8
 1092 0195 10       		.byte	16
 1093 0196 E0       		.byte	-32
 1094 0197 00       		.byte	0
 1095 0198 00       		.byte	0
 1096 0199 0F       		.byte	15
 1097 019a 10       		.byte	16
 1098 019b 20       		.byte	32
 1099 019c 20       		.byte	32
 1100 019d 10       		.byte	16
ARM GAS  /var/folders/9t/hshg14bj4r3bdmp8s0pp3jdw0000gn/T//cc4NzEF1.s 			page 25


 1101 019e 0F       		.byte	15
 1102 019f 00       		.byte	0
 1103 01a0 00       		.byte	0
 1104 01a1 00       		.byte	0
 1105 01a2 00       		.byte	0
 1106 01a3 00       		.byte	0
 1107 01a4 00       		.byte	0
 1108 01a5 00       		.byte	0
 1109 01a6 00       		.byte	0
 1110 01a7 00       		.byte	0
 1111 01a8 00       		.byte	0
 1112 01a9 00       		.byte	0
 1113 01aa 00       		.byte	0
 1114 01ab 00       		.byte	0
 1115 01ac 00       		.byte	0
 1116 01ad 00       		.byte	0
 1117 01ae 00       		.byte	0
 1118 01af 00       		.byte	0
 1119 01b0 00       		.byte	0
 1120 01b1 00       		.byte	0
 1121 01b2 00       		.byte	0
 1122 01b3 00       		.byte	0
 1123 01b4 00       		.byte	0
 1124 01b5 00       		.byte	0
 1125 01b6 00       		.byte	0
 1126 01b7 00       		.byte	0
 1127 01b8 00       		.byte	0
 1128 01b9 00       		.byte	0
 1129 01ba 00       		.byte	0
 1130 01bb 00       		.byte	0
 1131 01bc 00       		.byte	0
 1132 01bd 00       		.byte	0
 1133 01be 00       		.byte	0
 1134 01bf 00       		.byte	0
 1135 01c0 08       		.byte	8
 1136 01c1 78       		.byte	120
 1137 01c2 88       		.byte	-120
 1138 01c3 00       		.byte	0
 1139 01c4 00       		.byte	0
 1140 01c5 C8       		.byte	-56
 1141 01c6 38       		.byte	56
 1142 01c7 08       		.byte	8
 1143 01c8 00       		.byte	0
 1144 01c9 00       		.byte	0
 1145 01ca 07       		.byte	7
 1146 01cb 38       		.byte	56
 1147 01cc 0E       		.byte	14
 1148 01cd 01       		.byte	1
 1149 01ce 00       		.byte	0
 1150 01cf 00       		.byte	0
 1151 01d0 00       		.byte	0
 1152 01d1 00       		.byte	0
 1153 01d2 00       		.byte	0
 1154 01d3 00       		.byte	0
 1155 01d4 00       		.byte	0
 1156 01d5 00       		.byte	0
 1157 01d6 00       		.byte	0
ARM GAS  /var/folders/9t/hshg14bj4r3bdmp8s0pp3jdw0000gn/T//cc4NzEF1.s 			page 26


 1158 01d7 00       		.byte	0
 1159 01d8 00       		.byte	0
 1160 01d9 00       		.byte	0
 1161 01da 00       		.byte	0
 1162 01db 00       		.byte	0
 1163 01dc 00       		.byte	0
 1164 01dd 00       		.byte	0
 1165 01de 00       		.byte	0
 1166 01df 00       		.byte	0
 1167 01e0 00       		.byte	0
 1168 01e1 00       		.byte	0
 1169 01e2 00       		.byte	0
 1170 01e3 00       		.byte	0
 1171 01e4 00       		.byte	0
 1172 01e5 00       		.byte	0
 1173 01e6 00       		.byte	0
 1174 01e7 00       		.byte	0
 1175 01e8 00       		.byte	0
 1176 01e9 00       		.byte	0
 1177 01ea 00       		.byte	0
 1178 01eb 00       		.byte	0
 1179 01ec 00       		.byte	0
 1180 01ed 00       		.byte	0
 1181 01ee 00       		.byte	0
 1182 01ef 00       		.byte	0
 1183 01f0 00       		.byte	0
 1184 01f1 00       		.byte	0
 1185 01f2 00       		.byte	0
 1186 01f3 00       		.byte	0
 1187 01f4 00       		.byte	0
 1188 01f5 00       		.byte	0
 1189 01f6 00       		.byte	0
 1190 01f7 00       		.byte	0
 1191 01f8 00       		.byte	0
 1192 01f9 00       		.byte	0
 1193 01fa 00       		.byte	0
 1194 01fb 00       		.byte	0
 1195 01fc 00       		.byte	0
 1196 01fd 00       		.byte	0
 1197 01fe 00       		.byte	0
 1198 01ff 00       		.byte	0
 1199 0200 00       		.byte	0
 1200 0201 00       		.byte	0
 1201 0202 00       		.byte	0
 1202 0203 00       		.byte	0
 1203 0204 00       		.byte	0
 1204 0205 00       		.byte	0
 1205 0206 00       		.byte	0
 1206 0207 00       		.byte	0
 1207 0208 00       		.byte	0
 1208 0209 00       		.byte	0
 1209 020a 00       		.byte	0
 1210 020b 00       		.byte	0
 1211 020c 00       		.byte	0
 1212 020d 00       		.byte	0
 1213 020e 00       		.byte	0
 1214 020f 00       		.byte	0
ARM GAS  /var/folders/9t/hshg14bj4r3bdmp8s0pp3jdw0000gn/T//cc4NzEF1.s 			page 27


 1215 0210 08       		.byte	8
 1216 0211 F8       		.byte	-8
 1217 0212 08       		.byte	8
 1218 0213 08       		.byte	8
 1219 0214 08       		.byte	8
 1220 0215 08       		.byte	8
 1221 0216 F0       		.byte	-16
 1222 0217 00       		.byte	0
 1223 0218 20       		.byte	32
 1224 0219 3F       		.byte	63
 1225 021a 21       		.byte	33
 1226 021b 01       		.byte	1
 1227 021c 01       		.byte	1
 1228 021d 01       		.byte	1
 1229 021e 00       		.byte	0
 1230 021f 00       		.byte	0
 1231 0220 E0       		.byte	-32
 1232 0221 10       		.byte	16
 1233 0222 08       		.byte	8
 1234 0223 08       		.byte	8
 1235 0224 08       		.byte	8
 1236 0225 10       		.byte	16
 1237 0226 E0       		.byte	-32
 1238 0227 00       		.byte	0
 1239 0228 0F       		.byte	15
 1240 0229 10       		.byte	16
 1241 022a 20       		.byte	32
 1242 022b 20       		.byte	32
 1243 022c 20       		.byte	32
 1244 022d 10       		.byte	16
 1245 022e 0F       		.byte	15
 1246 022f 00       		.byte	0
 1247 0230 08       		.byte	8
 1248 0231 F8       		.byte	-8
 1249 0232 00       		.byte	0
 1250 0233 F8       		.byte	-8
 1251 0234 00       		.byte	0
 1252 0235 F8       		.byte	-8
 1253 0236 08       		.byte	8
 1254 0237 00       		.byte	0
 1255 0238 00       		.byte	0
 1256 0239 03       		.byte	3
 1257 023a 3E       		.byte	62
 1258 023b 01       		.byte	1
 1259 023c 3E       		.byte	62
 1260 023d 03       		.byte	3
 1261 023e 00       		.byte	0
 1262 023f 00       		.byte	0
 1263 0240 00       		.byte	0
 1264 0241 00       		.byte	0
 1265 0242 00       		.byte	0
 1266 0243 00       		.byte	0
 1267 0244 00       		.byte	0
 1268 0245 00       		.byte	0
 1269 0246 00       		.byte	0
 1270 0247 00       		.byte	0
 1271 0248 00       		.byte	0
ARM GAS  /var/folders/9t/hshg14bj4r3bdmp8s0pp3jdw0000gn/T//cc4NzEF1.s 			page 28


 1272 0249 00       		.byte	0
 1273 024a 00       		.byte	0
 1274 024b 00       		.byte	0
 1275 024c 00       		.byte	0
 1276 024d 00       		.byte	0
 1277 024e 00       		.byte	0
 1278 024f 00       		.byte	0
 1279 0250 00       		.byte	0
 1280 0251 00       		.byte	0
 1281 0252 00       		.byte	0
 1282 0253 C0       		.byte	-64
 1283 0254 C0       		.byte	-64
 1284 0255 00       		.byte	0
 1285 0256 00       		.byte	0
 1286 0257 00       		.byte	0
 1287 0258 00       		.byte	0
 1288 0259 00       		.byte	0
 1289 025a 00       		.byte	0
 1290 025b 30       		.byte	48
 1291 025c 30       		.byte	48
 1292 025d 00       		.byte	0
 1293 025e 00       		.byte	0
 1294 025f 00       		.byte	0
 1295 0260 00       		.byte	0
 1296 0261 00       		.byte	0
 1297 0262 00       		.byte	0
 1298 0263 00       		.byte	0
 1299 0264 00       		.byte	0
 1300 0265 00       		.byte	0
 1301 0266 00       		.byte	0
 1302 0267 00       		.byte	0
 1303 0268 00       		.byte	0
 1304 0269 00       		.byte	0
 1305 026a 00       		.byte	0
 1306 026b 00       		.byte	0
 1307 026c 00       		.byte	0
 1308 026d 00       		.byte	0
 1309 026e 00       		.byte	0
 1310 026f 00       		.byte	0
 1311 0270 00       		.byte	0
 1312 0271 E0       		.byte	-32
 1313 0272 10       		.byte	16
 1314 0273 08       		.byte	8
 1315 0274 08       		.byte	8
 1316 0275 10       		.byte	16
 1317 0276 E0       		.byte	-32
 1318 0277 00       		.byte	0
 1319 0278 00       		.byte	0
 1320 0279 0F       		.byte	15
 1321 027a 10       		.byte	16
 1322 027b 20       		.byte	32
 1323 027c 20       		.byte	32
 1324 027d 10       		.byte	16
 1325 027e 0F       		.byte	15
 1326 027f 00       		.byte	0
 1327 0280 00       		.byte	0
 1328 0281 E0       		.byte	-32
ARM GAS  /var/folders/9t/hshg14bj4r3bdmp8s0pp3jdw0000gn/T//cc4NzEF1.s 			page 29


 1329 0282 10       		.byte	16
 1330 0283 08       		.byte	8
 1331 0284 08       		.byte	8
 1332 0285 10       		.byte	16
 1333 0286 E0       		.byte	-32
 1334 0287 00       		.byte	0
 1335 0288 00       		.byte	0
 1336 0289 0F       		.byte	15
 1337 028a 10       		.byte	16
 1338 028b 20       		.byte	32
 1339 028c 20       		.byte	32
 1340 028d 10       		.byte	16
 1341 028e 0F       		.byte	15
 1342 028f 00       		.byte	0
 1343 0290 00       		.byte	0
 1344 0291 E0       		.byte	-32
 1345 0292 10       		.byte	16
 1346 0293 08       		.byte	8
 1347 0294 08       		.byte	8
 1348 0295 10       		.byte	16
 1349 0296 E0       		.byte	-32
 1350 0297 00       		.byte	0
 1351 0298 00       		.byte	0
 1352 0299 0F       		.byte	15
 1353 029a 10       		.byte	16
 1354 029b 20       		.byte	32
 1355 029c 20       		.byte	32
 1356 029d 10       		.byte	16
 1357 029e 0F       		.byte	15
 1358 029f 00       		.byte	0
 1359 02a0 00       		.byte	0
 1360 02a1 E0       		.byte	-32
 1361 02a2 10       		.byte	16
 1362 02a3 08       		.byte	8
 1363 02a4 08       		.byte	8
 1364 02a5 10       		.byte	16
 1365 02a6 E0       		.byte	-32
 1366 02a7 00       		.byte	0
 1367 02a8 00       		.byte	0
 1368 02a9 0F       		.byte	15
 1369 02aa 10       		.byte	16
 1370 02ab 20       		.byte	32
 1371 02ac 20       		.byte	32
 1372 02ad 10       		.byte	16
 1373 02ae 0F       		.byte	15
 1374 02af 00       		.byte	0
 1375 02b0 00       		.byte	0
 1376 02b1 00       		.byte	0
 1377 02b2 00       		.byte	0
 1378 02b3 00       		.byte	0
 1379 02b4 00       		.byte	0
 1380 02b5 00       		.byte	0
 1381 02b6 00       		.byte	0
 1382 02b7 00       		.byte	0
 1383 02b8 00       		.byte	0
 1384 02b9 00       		.byte	0
 1385 02ba 00       		.byte	0
ARM GAS  /var/folders/9t/hshg14bj4r3bdmp8s0pp3jdw0000gn/T//cc4NzEF1.s 			page 30


 1386 02bb 00       		.byte	0
 1387 02bc 00       		.byte	0
 1388 02bd 00       		.byte	0
 1389 02be 00       		.byte	0
 1390 02bf 00       		.byte	0
 1391 02c0 08       		.byte	8
 1392 02c1 F8       		.byte	-8
 1393 02c2 00       		.byte	0
 1394 02c3 F8       		.byte	-8
 1395 02c4 00       		.byte	0
 1396 02c5 F8       		.byte	-8
 1397 02c6 08       		.byte	8
 1398 02c7 00       		.byte	0
 1399 02c8 00       		.byte	0
 1400 02c9 03       		.byte	3
 1401 02ca 3E       		.byte	62
 1402 02cb 01       		.byte	1
 1403 02cc 3E       		.byte	62
 1404 02cd 03       		.byte	3
 1405 02ce 00       		.byte	0
 1406 02cf 00       		.byte	0
 1407 02d0 00       		.byte	0
 1408 02d1 00       		.byte	0
 1409 02d2 00       		.byte	0
 1410 02d3 00       		.byte	0
 1411 02d4 00       		.byte	0
 1412 02d5 00       		.byte	0
 1413 02d6 00       		.byte	0
 1414 02d7 00       		.byte	0
 1415 02d8 00       		.byte	0
 1416 02d9 00       		.byte	0
 1417 02da 00       		.byte	0
 1418 02db 00       		.byte	0
 1419 02dc 00       		.byte	0
 1420 02dd 00       		.byte	0
 1421 02de 00       		.byte	0
 1422 02df 00       		.byte	0
 1423 02e0 00       		.byte	0
 1424 02e1 00       		.byte	0
 1425 02e2 00       		.byte	0
 1426 02e3 00       		.byte	0
 1427 02e4 00       		.byte	0
 1428 02e5 00       		.byte	0
 1429 02e6 00       		.byte	0
 1430 02e7 00       		.byte	0
 1431 02e8 00       		.byte	0
 1432 02e9 00       		.byte	0
 1433 02ea 00       		.byte	0
 1434 02eb 00       		.byte	0
 1435 02ec 00       		.byte	0
 1436 02ed 00       		.byte	0
 1437 02ee 00       		.byte	0
 1438 02ef 00       		.byte	0
 1439 02f0 00       		.byte	0
 1440 02f1 00       		.byte	0
 1441 02f2 00       		.byte	0
 1442 02f3 00       		.byte	0
ARM GAS  /var/folders/9t/hshg14bj4r3bdmp8s0pp3jdw0000gn/T//cc4NzEF1.s 			page 31


 1443 02f4 00       		.byte	0
 1444 02f5 00       		.byte	0
 1445 02f6 00       		.byte	0
 1446 02f7 00       		.byte	0
 1447 02f8 00       		.byte	0
 1448 02f9 00       		.byte	0
 1449 02fa 00       		.byte	0
 1450 02fb 00       		.byte	0
 1451 02fc 00       		.byte	0
 1452 02fd 00       		.byte	0
 1453 02fe 00       		.byte	0
 1454 02ff 00       		.byte	0
 1455 0300 00       		.byte	0
 1456 0301 00       		.byte	0
 1457 0302 00       		.byte	0
 1458 0303 00       		.byte	0
 1459 0304 00       		.byte	0
 1460 0305 00       		.byte	0
 1461 0306 00       		.byte	0
 1462 0307 00       		.byte	0
 1463 0308 00       		.byte	0
 1464 0309 00       		.byte	0
 1465 030a 00       		.byte	0
 1466 030b 00       		.byte	0
 1467 030c 00       		.byte	0
 1468 030d 00       		.byte	0
 1469 030e 00       		.byte	0
 1470 030f 00       		.byte	0
 1471 0310 00       		.byte	0
 1472 0311 70       		.byte	112
 1473 0312 88       		.byte	-120
 1474 0313 08       		.byte	8
 1475 0314 08       		.byte	8
 1476 0315 08       		.byte	8
 1477 0316 38       		.byte	56
 1478 0317 00       		.byte	0
 1479 0318 00       		.byte	0
 1480 0319 38       		.byte	56
 1481 031a 20       		.byte	32
 1482 031b 21       		.byte	33
 1483 031c 21       		.byte	33
 1484 031d 22       		.byte	34
 1485 031e 1C       		.byte	28
 1486 031f 00       		.byte	0
 1487 0320 08       		.byte	8
 1488 0321 F8       		.byte	-8
 1489 0322 88       		.byte	-120
 1490 0323 88       		.byte	-120
 1491 0324 E8       		.byte	-24
 1492 0325 08       		.byte	8
 1493 0326 10       		.byte	16
 1494 0327 00       		.byte	0
 1495 0328 20       		.byte	32
 1496 0329 3F       		.byte	63
 1497 032a 20       		.byte	32
 1498 032b 20       		.byte	32
 1499 032c 23       		.byte	35
ARM GAS  /var/folders/9t/hshg14bj4r3bdmp8s0pp3jdw0000gn/T//cc4NzEF1.s 			page 32


 1500 032d 20       		.byte	32
 1501 032e 18       		.byte	24
 1502 032f 00       		.byte	0
 1503 0330 18       		.byte	24
 1504 0331 08       		.byte	8
 1505 0332 08       		.byte	8
 1506 0333 F8       		.byte	-8
 1507 0334 08       		.byte	8
 1508 0335 08       		.byte	8
 1509 0336 18       		.byte	24
 1510 0337 00       		.byte	0
 1511 0338 00       		.byte	0
 1512 0339 00       		.byte	0
 1513 033a 20       		.byte	32
 1514 033b 3F       		.byte	63
 1515 033c 20       		.byte	32
 1516 033d 00       		.byte	0
 1517 033e 00       		.byte	0
 1518 033f 00       		.byte	0
 1519 0340 00       		.byte	0
 1520 0341 00       		.byte	0
 1521 0342 00       		.byte	0
 1522 0343 00       		.byte	0
 1523 0344 00       		.byte	0
 1524 0345 00       		.byte	0
 1525 0346 00       		.byte	0
 1526 0347 00       		.byte	0
 1527 0348 00       		.byte	0
 1528 0349 00       		.byte	0
 1529 034a 00       		.byte	0
 1530 034b 00       		.byte	0
 1531 034c 00       		.byte	0
 1532 034d 00       		.byte	0
 1533 034e 00       		.byte	0
 1534 034f 00       		.byte	0
 1535 0350 00       		.byte	0
 1536 0351 00       		.byte	0
 1537 0352 00       		.byte	0
 1538 0353 C0       		.byte	-64
 1539 0354 C0       		.byte	-64
 1540 0355 00       		.byte	0
 1541 0356 00       		.byte	0
 1542 0357 00       		.byte	0
 1543 0358 00       		.byte	0
 1544 0359 00       		.byte	0
 1545 035a 00       		.byte	0
 1546 035b 30       		.byte	48
 1547 035c 30       		.byte	48
 1548 035d 00       		.byte	0
 1549 035e 00       		.byte	0
 1550 035f 00       		.byte	0
 1551 0360 00       		.byte	0
 1552 0361 00       		.byte	0
 1553 0362 00       		.byte	0
 1554 0363 00       		.byte	0
 1555 0364 00       		.byte	0
 1556 0365 00       		.byte	0
ARM GAS  /var/folders/9t/hshg14bj4r3bdmp8s0pp3jdw0000gn/T//cc4NzEF1.s 			page 33


 1557 0366 00       		.byte	0
 1558 0367 00       		.byte	0
 1559 0368 00       		.byte	0
 1560 0369 00       		.byte	0
 1561 036a 00       		.byte	0
 1562 036b 00       		.byte	0
 1563 036c 00       		.byte	0
 1564 036d 00       		.byte	0
 1565 036e 00       		.byte	0
 1566 036f 00       		.byte	0
 1567 0370 00       		.byte	0
 1568 0371 E0       		.byte	-32
 1569 0372 10       		.byte	16
 1570 0373 08       		.byte	8
 1571 0374 08       		.byte	8
 1572 0375 10       		.byte	16
 1573 0376 E0       		.byte	-32
 1574 0377 00       		.byte	0
 1575 0378 00       		.byte	0
 1576 0379 0F       		.byte	15
 1577 037a 10       		.byte	16
 1578 037b 20       		.byte	32
 1579 037c 20       		.byte	32
 1580 037d 10       		.byte	16
 1581 037e 0F       		.byte	15
 1582 037f 00       		.byte	0
 1583 0380 00       		.byte	0
 1584 0381 E0       		.byte	-32
 1585 0382 10       		.byte	16
 1586 0383 08       		.byte	8
 1587 0384 08       		.byte	8
 1588 0385 10       		.byte	16
 1589 0386 E0       		.byte	-32
 1590 0387 00       		.byte	0
 1591 0388 00       		.byte	0
 1592 0389 0F       		.byte	15
 1593 038a 10       		.byte	16
 1594 038b 20       		.byte	32
 1595 038c 20       		.byte	32
 1596 038d 10       		.byte	16
 1597 038e 0F       		.byte	15
 1598 038f 00       		.byte	0
 1599 0390 00       		.byte	0
 1600 0391 E0       		.byte	-32
 1601 0392 10       		.byte	16
 1602 0393 08       		.byte	8
 1603 0394 08       		.byte	8
 1604 0395 10       		.byte	16
 1605 0396 E0       		.byte	-32
 1606 0397 00       		.byte	0
 1607 0398 00       		.byte	0
 1608 0399 0F       		.byte	15
 1609 039a 10       		.byte	16
 1610 039b 20       		.byte	32
 1611 039c 20       		.byte	32
 1612 039d 10       		.byte	16
 1613 039e 0F       		.byte	15
ARM GAS  /var/folders/9t/hshg14bj4r3bdmp8s0pp3jdw0000gn/T//cc4NzEF1.s 			page 34


 1614 039f 00       		.byte	0
 1615 03a0 00       		.byte	0
 1616 03a1 E0       		.byte	-32
 1617 03a2 10       		.byte	16
 1618 03a3 08       		.byte	8
 1619 03a4 08       		.byte	8
 1620 03a5 10       		.byte	16
 1621 03a6 E0       		.byte	-32
 1622 03a7 00       		.byte	0
 1623 03a8 00       		.byte	0
 1624 03a9 0F       		.byte	15
 1625 03aa 10       		.byte	16
 1626 03ab 20       		.byte	32
 1627 03ac 20       		.byte	32
 1628 03ad 10       		.byte	16
 1629 03ae 0F       		.byte	15
 1630 03af 00       		.byte	0
 1631 03b0 00       		.byte	0
 1632 03b1 00       		.byte	0
 1633 03b2 00       		.byte	0
 1634 03b3 00       		.byte	0
 1635 03b4 00       		.byte	0
 1636 03b5 00       		.byte	0
 1637 03b6 00       		.byte	0
 1638 03b7 00       		.byte	0
 1639 03b8 00       		.byte	0
 1640 03b9 00       		.byte	0
 1641 03ba 00       		.byte	0
 1642 03bb 00       		.byte	0
 1643 03bc 00       		.byte	0
 1644 03bd 00       		.byte	0
 1645 03be 00       		.byte	0
 1646 03bf 00       		.byte	0
 1647 03c0 08       		.byte	8
 1648 03c1 F8       		.byte	-8
 1649 03c2 00       		.byte	0
 1650 03c3 F8       		.byte	-8
 1651 03c4 00       		.byte	0
 1652 03c5 F8       		.byte	-8
 1653 03c6 08       		.byte	8
 1654 03c7 00       		.byte	0
 1655 03c8 00       		.byte	0
 1656 03c9 03       		.byte	3
 1657 03ca 3E       		.byte	62
 1658 03cb 01       		.byte	1
 1659 03cc 3E       		.byte	62
 1660 03cd 03       		.byte	3
 1661 03ce 00       		.byte	0
 1662 03cf 00       		.byte	0
 1663 03d0 00       		.byte	0
 1664 03d1 00       		.byte	0
 1665 03d2 00       		.byte	0
 1666 03d3 00       		.byte	0
 1667 03d4 00       		.byte	0
 1668 03d5 00       		.byte	0
 1669 03d6 00       		.byte	0
 1670 03d7 00       		.byte	0
ARM GAS  /var/folders/9t/hshg14bj4r3bdmp8s0pp3jdw0000gn/T//cc4NzEF1.s 			page 35


 1671 03d8 00       		.byte	0
 1672 03d9 00       		.byte	0
 1673 03da 00       		.byte	0
 1674 03db 00       		.byte	0
 1675 03dc 00       		.byte	0
 1676 03dd 00       		.byte	0
 1677 03de 00       		.byte	0
 1678 03df 00       		.byte	0
 1679 03e0 00       		.byte	0
 1680 03e1 00       		.byte	0
 1681 03e2 00       		.byte	0
 1682 03e3 00       		.byte	0
 1683 03e4 00       		.byte	0
 1684 03e5 00       		.byte	0
 1685 03e6 00       		.byte	0
 1686 03e7 00       		.byte	0
 1687 03e8 00       		.byte	0
 1688 03e9 00       		.byte	0
 1689 03ea 00       		.byte	0
 1690 03eb 00       		.byte	0
 1691 03ec 00       		.byte	0
 1692 03ed 00       		.byte	0
 1693 03ee 00       		.byte	0
 1694 03ef 00       		.byte	0
 1695 03f0 00       		.byte	0
 1696 03f1 00       		.byte	0
 1697 03f2 00       		.byte	0
 1698 03f3 00       		.byte	0
 1699 03f4 00       		.byte	0
 1700 03f5 00       		.byte	0
 1701 03f6 00       		.byte	0
 1702 03f7 00       		.byte	0
 1703 03f8 00       		.byte	0
 1704 03f9 00       		.byte	0
 1705 03fa 00       		.byte	0
 1706 03fb 00       		.byte	0
 1707 03fc 00       		.byte	0
 1708 03fd 00       		.byte	0
 1709 03fe 00       		.byte	0
 1710 03ff 00       		.byte	0
 1711              		.text
 1712              	.Letext0:
 1713              		.file 2 "/Users/leixiaoxiang/opt/gcc-arm-none-eabi/arm-none-eabi/include/machine/_default_types.h"
 1714              		.file 3 "/Users/leixiaoxiang/opt/gcc-arm-none-eabi/arm-none-eabi/include/sys/_stdint.h"
 1715              		.file 4 "Drivers/CMSIS/Device/ST/STM32F1xx/Include/stm32f103xe.h"
 1716              		.file 5 "/Users/leixiaoxiang/opt/gcc-arm-none-eabi/lib/gcc/arm-none-eabi/5.4.1/include/stddef.h"
 1717              		.file 6 "Drivers/STM32F1xx_HAL_Driver/Inc/stm32f1xx_hal_def.h"
 1718              		.file 7 "Drivers/STM32F1xx_HAL_Driver/Inc/stm32f1xx_hal_gpio.h"
 1719              		.file 8 "Drivers/STM32F1xx_HAL_Driver/Inc/stm32f1xx_hal_dma.h"
 1720              		.file 9 "Drivers/STM32F1xx_HAL_Driver/Inc/stm32f1xx_hal_i2c.h"
 1721              		.file 10 "Drivers/CMSIS/Include/core_cm3.h"
 1722              		.file 11 "Inc/i2c.h"
 1723              		.file 12 "Drivers/STM32F1xx_HAL_Driver/Inc/stm32f1xx_hal.h"
 1724              		.file 13 "Inc/gpio.h"
ARM GAS  /var/folders/9t/hshg14bj4r3bdmp8s0pp3jdw0000gn/T//cc4NzEF1.s 			page 36


DEFINED SYMBOLS
                            *ABS*:0000000000000000 oled_i2c.c
/var/folders/9t/hshg14bj4r3bdmp8s0pp3jdw0000gn/T//cc4NzEF1.s:20     .text.OLED_Init:0000000000000000 $t
/var/folders/9t/hshg14bj4r3bdmp8s0pp3jdw0000gn/T//cc4NzEF1.s:25     .text.OLED_Init:0000000000000000 OLED_Init
/var/folders/9t/hshg14bj4r3bdmp8s0pp3jdw0000gn/T//cc4NzEF1.s:107    .text.OLED_Init:000000000000005c $d
/var/folders/9t/hshg14bj4r3bdmp8s0pp3jdw0000gn/T//cc4NzEF1.s:114    .text.display_ctrl:0000000000000000 $t
/var/folders/9t/hshg14bj4r3bdmp8s0pp3jdw0000gn/T//cc4NzEF1.s:119    .text.display_ctrl:0000000000000000 display_ctrl
/var/folders/9t/hshg14bj4r3bdmp8s0pp3jdw0000gn/T//cc4NzEF1.s:472    .text.display_ctrl:00000000000002c8 $d
/var/folders/9t/hshg14bj4r3bdmp8s0pp3jdw0000gn/T//cc4NzEF1.s:484    .rodata:0000000000000000 $d
/var/folders/9t/hshg14bj4r3bdmp8s0pp3jdw0000gn/T//cc4NzEF1.s:516    .rodata.number:0000000000000000 $d
/var/folders/9t/hshg14bj4r3bdmp8s0pp3jdw0000gn/T//cc4NzEF1.s:520    .rodata.number:0000000000000000 number
/var/folders/9t/hshg14bj4r3bdmp8s0pp3jdw0000gn/T//cc4NzEF1.s:682    .data.array1:0000000000000000 $d
/var/folders/9t/hshg14bj4r3bdmp8s0pp3jdw0000gn/T//cc4NzEF1.s:686    .data.array1:0000000000000000 array1
                     .debug_frame:0000000000000010 $d

UNDEFINED SYMBOLS
HAL_Delay
HAL_I2C_Mem_Write
hi2c1
hi2c2
MX_GPIO1_TEST_Error
MX_GPIO2_TEST_Error
