ARM GAS  /var/folders/9t/hshg14bj4r3bdmp8s0pp3jdw0000gn/T//ccDHzlkI.s 			page 1


   1              		.syntax unified
   2              		.cpu cortex-m3
   3              		.fpu softvfp
   4              		.eabi_attribute 20, 1
   5              		.eabi_attribute 21, 1
   6              		.eabi_attribute 23, 3
   7              		.eabi_attribute 24, 1
   8              		.eabi_attribute 25, 1
   9              		.eabi_attribute 26, 1
  10              		.eabi_attribute 30, 1
  11              		.eabi_attribute 34, 1
  12              		.eabi_attribute 18, 4
  13              		.thumb
  14              		.syntax unified
  15              		.file	"stm32f1xx_it.c"
  16              		.text
  17              	.Ltext0:
  18              		.cfi_sections	.debug_frame
  19              		.section	.text.NMI_Handler,"ax",%progbits
  20              		.align	2
  21              		.global	NMI_Handler
  22              		.thumb
  23              		.thumb_func
  25              	NMI_Handler:
  26              	.LFB65:
  27              		.file 1 "Src/stm32f1xx_it.c"
   1:Src/stm32f1xx_it.c **** /* USER CODE BEGIN Header */
   2:Src/stm32f1xx_it.c **** /**
   3:Src/stm32f1xx_it.c ****   ******************************************************************************
   4:Src/stm32f1xx_it.c ****   * @file    stm32f1xx_it.c
   5:Src/stm32f1xx_it.c ****   * @brief   Interrupt Service Routines.
   6:Src/stm32f1xx_it.c ****   ******************************************************************************
   7:Src/stm32f1xx_it.c ****   * @attention
   8:Src/stm32f1xx_it.c ****   *
   9:Src/stm32f1xx_it.c ****   * <h2><center>&copy; Copyright (c) 2020 STMicroelectronics.
  10:Src/stm32f1xx_it.c ****   * All rights reserved.</center></h2>
  11:Src/stm32f1xx_it.c ****   *
  12:Src/stm32f1xx_it.c ****   * This software component is licensed by ST under BSD 3-Clause license,
  13:Src/stm32f1xx_it.c ****   * the "License"; You may not use this file except in compliance with the
  14:Src/stm32f1xx_it.c ****   * License. You may obtain a copy of the License at:
  15:Src/stm32f1xx_it.c ****   *                        opensource.org/licenses/BSD-3-Clause
  16:Src/stm32f1xx_it.c ****   *
  17:Src/stm32f1xx_it.c ****   ******************************************************************************
  18:Src/stm32f1xx_it.c ****   */
  19:Src/stm32f1xx_it.c **** /* USER CODE END Header */
  20:Src/stm32f1xx_it.c **** 
  21:Src/stm32f1xx_it.c **** /* Includes ------------------------------------------------------------------*/
  22:Src/stm32f1xx_it.c **** #include "main.h"
  23:Src/stm32f1xx_it.c **** #include "stm32f1xx_it.h"
  24:Src/stm32f1xx_it.c **** /* Private includes ----------------------------------------------------------*/
  25:Src/stm32f1xx_it.c **** /* USER CODE BEGIN Includes */
  26:Src/stm32f1xx_it.c **** /* USER CODE END Includes */
  27:Src/stm32f1xx_it.c **** 
  28:Src/stm32f1xx_it.c **** /* Private typedef -----------------------------------------------------------*/
  29:Src/stm32f1xx_it.c **** /* USER CODE BEGIN TD */
  30:Src/stm32f1xx_it.c **** 
  31:Src/stm32f1xx_it.c **** /* USER CODE END TD */
ARM GAS  /var/folders/9t/hshg14bj4r3bdmp8s0pp3jdw0000gn/T//ccDHzlkI.s 			page 2


  32:Src/stm32f1xx_it.c **** 
  33:Src/stm32f1xx_it.c **** /* Private define ------------------------------------------------------------*/
  34:Src/stm32f1xx_it.c **** /* USER CODE BEGIN PD */
  35:Src/stm32f1xx_it.c ****  
  36:Src/stm32f1xx_it.c **** /* USER CODE END PD */
  37:Src/stm32f1xx_it.c **** 
  38:Src/stm32f1xx_it.c **** /* Private macro -------------------------------------------------------------*/
  39:Src/stm32f1xx_it.c **** /* USER CODE BEGIN PM */
  40:Src/stm32f1xx_it.c **** 
  41:Src/stm32f1xx_it.c **** /* USER CODE END PM */
  42:Src/stm32f1xx_it.c **** 
  43:Src/stm32f1xx_it.c **** /* Private variables ---------------------------------------------------------*/
  44:Src/stm32f1xx_it.c **** /* USER CODE BEGIN PV */
  45:Src/stm32f1xx_it.c **** 
  46:Src/stm32f1xx_it.c **** /* USER CODE END PV */
  47:Src/stm32f1xx_it.c **** 
  48:Src/stm32f1xx_it.c **** /* Private function prototypes -----------------------------------------------*/
  49:Src/stm32f1xx_it.c **** /* USER CODE BEGIN PFP */
  50:Src/stm32f1xx_it.c **** 
  51:Src/stm32f1xx_it.c **** /* USER CODE END PFP */
  52:Src/stm32f1xx_it.c **** 
  53:Src/stm32f1xx_it.c **** /* Private user code ---------------------------------------------------------*/
  54:Src/stm32f1xx_it.c **** /* USER CODE BEGIN 0 */
  55:Src/stm32f1xx_it.c **** 
  56:Src/stm32f1xx_it.c **** /* USER CODE END 0 */
  57:Src/stm32f1xx_it.c **** 
  58:Src/stm32f1xx_it.c **** /* External variables --------------------------------------------------------*/
  59:Src/stm32f1xx_it.c **** extern I2C_HandleTypeDef hi2c1;
  60:Src/stm32f1xx_it.c **** extern I2C_HandleTypeDef hi2c2;
  61:Src/stm32f1xx_it.c **** extern UART_HandleTypeDef huart4;
  62:Src/stm32f1xx_it.c **** extern UART_HandleTypeDef huart5;
  63:Src/stm32f1xx_it.c **** /* USER CODE BEGIN EV */
  64:Src/stm32f1xx_it.c **** 
  65:Src/stm32f1xx_it.c **** /* USER CODE END EV */
  66:Src/stm32f1xx_it.c **** 
  67:Src/stm32f1xx_it.c **** /******************************************************************************/
  68:Src/stm32f1xx_it.c **** /*           Cortex-M3 Processor Interruption and Exception Handlers          */ 
  69:Src/stm32f1xx_it.c **** /******************************************************************************/
  70:Src/stm32f1xx_it.c **** /**
  71:Src/stm32f1xx_it.c ****   * @brief This function handles Non maskable interrupt.
  72:Src/stm32f1xx_it.c ****   */
  73:Src/stm32f1xx_it.c **** void NMI_Handler(void)
  74:Src/stm32f1xx_it.c **** {
  28              		.loc 1 74 0
  29              		.cfi_startproc
  30              		@ args = 0, pretend = 0, frame = 0
  31              		@ frame_needed = 0, uses_anonymous_args = 0
  32              		@ link register save eliminated.
  33 0000 7047     		bx	lr
  34              		.cfi_endproc
  35              	.LFE65:
  37 0002 00BF     		.section	.text.HardFault_Handler,"ax",%progbits
  38              		.align	2
  39              		.global	HardFault_Handler
  40              		.thumb
  41              		.thumb_func
  43              	HardFault_Handler:
ARM GAS  /var/folders/9t/hshg14bj4r3bdmp8s0pp3jdw0000gn/T//ccDHzlkI.s 			page 3


  44              	.LFB66:
  75:Src/stm32f1xx_it.c ****   /* USER CODE BEGIN NonMaskableInt_IRQn 0 */
  76:Src/stm32f1xx_it.c **** 
  77:Src/stm32f1xx_it.c ****   /* USER CODE END NonMaskableInt_IRQn 0 */
  78:Src/stm32f1xx_it.c ****   /* USER CODE BEGIN NonMaskableInt_IRQn 1 */
  79:Src/stm32f1xx_it.c **** 
  80:Src/stm32f1xx_it.c ****   /* USER CODE END NonMaskableInt_IRQn 1 */
  81:Src/stm32f1xx_it.c **** }
  82:Src/stm32f1xx_it.c **** 
  83:Src/stm32f1xx_it.c **** /**
  84:Src/stm32f1xx_it.c ****   * @brief This function handles Hard fault interrupt.
  85:Src/stm32f1xx_it.c ****   */
  86:Src/stm32f1xx_it.c **** void HardFault_Handler(void)
  87:Src/stm32f1xx_it.c **** {
  45              		.loc 1 87 0
  46              		.cfi_startproc
  47              		@ Volatile: function does not return.
  48              		@ args = 0, pretend = 0, frame = 0
  49              		@ frame_needed = 0, uses_anonymous_args = 0
  50              		@ link register save eliminated.
  51              	.L3:
  52 0000 FEE7     		b	.L3
  53              		.cfi_endproc
  54              	.LFE66:
  56 0002 00BF     		.section	.text.MemManage_Handler,"ax",%progbits
  57              		.align	2
  58              		.global	MemManage_Handler
  59              		.thumb
  60              		.thumb_func
  62              	MemManage_Handler:
  63              	.LFB67:
  88:Src/stm32f1xx_it.c ****   /* USER CODE BEGIN HardFault_IRQn 0 */
  89:Src/stm32f1xx_it.c **** 
  90:Src/stm32f1xx_it.c ****   /* USER CODE END HardFault_IRQn 0 */
  91:Src/stm32f1xx_it.c ****   while (1)
  92:Src/stm32f1xx_it.c ****   {
  93:Src/stm32f1xx_it.c ****     /* USER CODE BEGIN W1_HardFault_IRQn 0 */
  94:Src/stm32f1xx_it.c ****     /* USER CODE END W1_HardFault_IRQn 0 */
  95:Src/stm32f1xx_it.c ****   }
  96:Src/stm32f1xx_it.c **** }
  97:Src/stm32f1xx_it.c **** 
  98:Src/stm32f1xx_it.c **** /**
  99:Src/stm32f1xx_it.c ****   * @brief This function handles Memory management fault.
 100:Src/stm32f1xx_it.c ****   */
 101:Src/stm32f1xx_it.c **** void MemManage_Handler(void)
 102:Src/stm32f1xx_it.c **** {
  64              		.loc 1 102 0
  65              		.cfi_startproc
  66              		@ Volatile: function does not return.
  67              		@ args = 0, pretend = 0, frame = 0
  68              		@ frame_needed = 0, uses_anonymous_args = 0
  69              		@ link register save eliminated.
  70              	.L5:
  71 0000 FEE7     		b	.L5
  72              		.cfi_endproc
  73              	.LFE67:
  75 0002 00BF     		.section	.text.BusFault_Handler,"ax",%progbits
ARM GAS  /var/folders/9t/hshg14bj4r3bdmp8s0pp3jdw0000gn/T//ccDHzlkI.s 			page 4


  76              		.align	2
  77              		.global	BusFault_Handler
  78              		.thumb
  79              		.thumb_func
  81              	BusFault_Handler:
  82              	.LFB68:
 103:Src/stm32f1xx_it.c ****   /* USER CODE BEGIN MemoryManagement_IRQn 0 */
 104:Src/stm32f1xx_it.c **** 
 105:Src/stm32f1xx_it.c ****   /* USER CODE END MemoryManagement_IRQn 0 */
 106:Src/stm32f1xx_it.c ****   while (1)
 107:Src/stm32f1xx_it.c ****   {
 108:Src/stm32f1xx_it.c ****     /* USER CODE BEGIN W1_MemoryManagement_IRQn 0 */
 109:Src/stm32f1xx_it.c ****     /* USER CODE END W1_MemoryManagement_IRQn 0 */
 110:Src/stm32f1xx_it.c ****   }
 111:Src/stm32f1xx_it.c **** }
 112:Src/stm32f1xx_it.c **** 
 113:Src/stm32f1xx_it.c **** /**
 114:Src/stm32f1xx_it.c ****   * @brief This function handles Prefetch fault, memory access fault.
 115:Src/stm32f1xx_it.c ****   */
 116:Src/stm32f1xx_it.c **** void BusFault_Handler(void)
 117:Src/stm32f1xx_it.c **** {
  83              		.loc 1 117 0
  84              		.cfi_startproc
  85              		@ Volatile: function does not return.
  86              		@ args = 0, pretend = 0, frame = 0
  87              		@ frame_needed = 0, uses_anonymous_args = 0
  88              		@ link register save eliminated.
  89              	.L7:
  90 0000 FEE7     		b	.L7
  91              		.cfi_endproc
  92              	.LFE68:
  94 0002 00BF     		.section	.text.UsageFault_Handler,"ax",%progbits
  95              		.align	2
  96              		.global	UsageFault_Handler
  97              		.thumb
  98              		.thumb_func
 100              	UsageFault_Handler:
 101              	.LFB69:
 118:Src/stm32f1xx_it.c ****   /* USER CODE BEGIN BusFault_IRQn 0 */
 119:Src/stm32f1xx_it.c **** 
 120:Src/stm32f1xx_it.c ****   /* USER CODE END BusFault_IRQn 0 */
 121:Src/stm32f1xx_it.c ****   while (1)
 122:Src/stm32f1xx_it.c ****   {
 123:Src/stm32f1xx_it.c ****     /* USER CODE BEGIN W1_BusFault_IRQn 0 */
 124:Src/stm32f1xx_it.c ****     /* USER CODE END W1_BusFault_IRQn 0 */
 125:Src/stm32f1xx_it.c ****   }
 126:Src/stm32f1xx_it.c **** }
 127:Src/stm32f1xx_it.c **** 
 128:Src/stm32f1xx_it.c **** /**
 129:Src/stm32f1xx_it.c ****   * @brief This function handles Undefined instruction or illegal state.
 130:Src/stm32f1xx_it.c ****   */
 131:Src/stm32f1xx_it.c **** void UsageFault_Handler(void)
 132:Src/stm32f1xx_it.c **** {
 102              		.loc 1 132 0
 103              		.cfi_startproc
 104              		@ Volatile: function does not return.
 105              		@ args = 0, pretend = 0, frame = 0
ARM GAS  /var/folders/9t/hshg14bj4r3bdmp8s0pp3jdw0000gn/T//ccDHzlkI.s 			page 5


 106              		@ frame_needed = 0, uses_anonymous_args = 0
 107              		@ link register save eliminated.
 108              	.L9:
 109 0000 FEE7     		b	.L9
 110              		.cfi_endproc
 111              	.LFE69:
 113 0002 00BF     		.section	.text.SVC_Handler,"ax",%progbits
 114              		.align	2
 115              		.global	SVC_Handler
 116              		.thumb
 117              		.thumb_func
 119              	SVC_Handler:
 120              	.LFB70:
 133:Src/stm32f1xx_it.c ****   /* USER CODE BEGIN UsageFault_IRQn 0 */
 134:Src/stm32f1xx_it.c **** 
 135:Src/stm32f1xx_it.c ****   /* USER CODE END UsageFault_IRQn 0 */
 136:Src/stm32f1xx_it.c ****   while (1)
 137:Src/stm32f1xx_it.c ****   {
 138:Src/stm32f1xx_it.c ****     /* USER CODE BEGIN W1_UsageFault_IRQn 0 */
 139:Src/stm32f1xx_it.c ****     /* USER CODE END W1_UsageFault_IRQn 0 */
 140:Src/stm32f1xx_it.c ****   }
 141:Src/stm32f1xx_it.c **** }
 142:Src/stm32f1xx_it.c **** 
 143:Src/stm32f1xx_it.c **** /**
 144:Src/stm32f1xx_it.c ****   * @brief This function handles System service call via SWI instruction.
 145:Src/stm32f1xx_it.c ****   */
 146:Src/stm32f1xx_it.c **** void SVC_Handler(void)
 147:Src/stm32f1xx_it.c **** {
 121              		.loc 1 147 0
 122              		.cfi_startproc
 123              		@ args = 0, pretend = 0, frame = 0
 124              		@ frame_needed = 0, uses_anonymous_args = 0
 125              		@ link register save eliminated.
 126 0000 7047     		bx	lr
 127              		.cfi_endproc
 128              	.LFE70:
 130 0002 00BF     		.section	.text.DebugMon_Handler,"ax",%progbits
 131              		.align	2
 132              		.global	DebugMon_Handler
 133              		.thumb
 134              		.thumb_func
 136              	DebugMon_Handler:
 137              	.LFB71:
 148:Src/stm32f1xx_it.c ****   /* USER CODE BEGIN SVCall_IRQn 0 */
 149:Src/stm32f1xx_it.c **** 
 150:Src/stm32f1xx_it.c ****   /* USER CODE END SVCall_IRQn 0 */
 151:Src/stm32f1xx_it.c ****   /* USER CODE BEGIN SVCall_IRQn 1 */
 152:Src/stm32f1xx_it.c **** 
 153:Src/stm32f1xx_it.c ****   /* USER CODE END SVCall_IRQn 1 */
 154:Src/stm32f1xx_it.c **** }
 155:Src/stm32f1xx_it.c **** 
 156:Src/stm32f1xx_it.c **** /**
 157:Src/stm32f1xx_it.c ****   * @brief This function handles Debug monitor.
 158:Src/stm32f1xx_it.c ****   */
 159:Src/stm32f1xx_it.c **** void DebugMon_Handler(void)
 160:Src/stm32f1xx_it.c **** {
 138              		.loc 1 160 0
ARM GAS  /var/folders/9t/hshg14bj4r3bdmp8s0pp3jdw0000gn/T//ccDHzlkI.s 			page 6


 139              		.cfi_startproc
 140              		@ args = 0, pretend = 0, frame = 0
 141              		@ frame_needed = 0, uses_anonymous_args = 0
 142              		@ link register save eliminated.
 143 0000 7047     		bx	lr
 144              		.cfi_endproc
 145              	.LFE71:
 147 0002 00BF     		.section	.text.PendSV_Handler,"ax",%progbits
 148              		.align	2
 149              		.global	PendSV_Handler
 150              		.thumb
 151              		.thumb_func
 153              	PendSV_Handler:
 154              	.LFB72:
 161:Src/stm32f1xx_it.c ****   /* USER CODE BEGIN DebugMonitor_IRQn 0 */
 162:Src/stm32f1xx_it.c **** 
 163:Src/stm32f1xx_it.c ****   /* USER CODE END DebugMonitor_IRQn 0 */
 164:Src/stm32f1xx_it.c ****   /* USER CODE BEGIN DebugMonitor_IRQn 1 */
 165:Src/stm32f1xx_it.c **** 
 166:Src/stm32f1xx_it.c ****   /* USER CODE END DebugMonitor_IRQn 1 */
 167:Src/stm32f1xx_it.c **** }
 168:Src/stm32f1xx_it.c **** 
 169:Src/stm32f1xx_it.c **** /**
 170:Src/stm32f1xx_it.c ****   * @brief This function handles Pendable request for system service.
 171:Src/stm32f1xx_it.c ****   */
 172:Src/stm32f1xx_it.c **** void PendSV_Handler(void)
 173:Src/stm32f1xx_it.c **** {
 155              		.loc 1 173 0
 156              		.cfi_startproc
 157              		@ args = 0, pretend = 0, frame = 0
 158              		@ frame_needed = 0, uses_anonymous_args = 0
 159              		@ link register save eliminated.
 160 0000 7047     		bx	lr
 161              		.cfi_endproc
 162              	.LFE72:
 164 0002 00BF     		.section	.text.SysTick_Handler,"ax",%progbits
 165              		.align	2
 166              		.global	SysTick_Handler
 167              		.thumb
 168              		.thumb_func
 170              	SysTick_Handler:
 171              	.LFB73:
 174:Src/stm32f1xx_it.c ****   /* USER CODE BEGIN PendSV_IRQn 0 */
 175:Src/stm32f1xx_it.c **** 
 176:Src/stm32f1xx_it.c ****   /* USER CODE END PendSV_IRQn 0 */
 177:Src/stm32f1xx_it.c ****   /* USER CODE BEGIN PendSV_IRQn 1 */
 178:Src/stm32f1xx_it.c **** 
 179:Src/stm32f1xx_it.c ****   /* USER CODE END PendSV_IRQn 1 */
 180:Src/stm32f1xx_it.c **** }
 181:Src/stm32f1xx_it.c **** 
 182:Src/stm32f1xx_it.c **** /**
 183:Src/stm32f1xx_it.c ****   * @brief This function handles System tick timer.
 184:Src/stm32f1xx_it.c ****   */
 185:Src/stm32f1xx_it.c **** void SysTick_Handler(void)
 186:Src/stm32f1xx_it.c **** {
 172              		.loc 1 186 0
 173              		.cfi_startproc
ARM GAS  /var/folders/9t/hshg14bj4r3bdmp8s0pp3jdw0000gn/T//ccDHzlkI.s 			page 7


 174              		@ args = 0, pretend = 0, frame = 0
 175              		@ frame_needed = 0, uses_anonymous_args = 0
 176              		.loc 1 186 0
 177 0000 08B5     		push	{r3, lr}
 178              	.LCFI0:
 179              		.cfi_def_cfa_offset 8
 180              		.cfi_offset 3, -8
 181              		.cfi_offset 14, -4
 187:Src/stm32f1xx_it.c ****   /* USER CODE BEGIN SysTick_IRQn 0 */
 188:Src/stm32f1xx_it.c **** 
 189:Src/stm32f1xx_it.c ****   /* USER CODE END SysTick_IRQn 0 */
 190:Src/stm32f1xx_it.c ****   HAL_IncTick();
 182              		.loc 1 190 0
 183 0002 FFF7FEFF 		bl	HAL_IncTick
 184              	.LVL0:
 185 0006 08BD     		pop	{r3, pc}
 186              		.cfi_endproc
 187              	.LFE73:
 189              		.section	.text.I2C1_EV_IRQHandler,"ax",%progbits
 190              		.align	2
 191              		.global	I2C1_EV_IRQHandler
 192              		.thumb
 193              		.thumb_func
 195              	I2C1_EV_IRQHandler:
 196              	.LFB74:
 191:Src/stm32f1xx_it.c ****   /* USER CODE BEGIN SysTick_IRQn 1 */
 192:Src/stm32f1xx_it.c **** 
 193:Src/stm32f1xx_it.c ****   /* USER CODE END SysTick_IRQn 1 */
 194:Src/stm32f1xx_it.c **** }
 195:Src/stm32f1xx_it.c **** 
 196:Src/stm32f1xx_it.c **** /******************************************************************************/
 197:Src/stm32f1xx_it.c **** /* STM32F1xx Peripheral Interrupt Handlers                                    */
 198:Src/stm32f1xx_it.c **** /* Add here the Interrupt Handlers for the used peripherals.                  */
 199:Src/stm32f1xx_it.c **** /* For the available peripheral interrupt handler names,                      */
 200:Src/stm32f1xx_it.c **** /* please refer to the startup file (startup_stm32f1xx.s).                    */
 201:Src/stm32f1xx_it.c **** /******************************************************************************/
 202:Src/stm32f1xx_it.c **** 
 203:Src/stm32f1xx_it.c **** /**
 204:Src/stm32f1xx_it.c ****   * @brief This function handles I2C1 event interrupt.
 205:Src/stm32f1xx_it.c ****   */
 206:Src/stm32f1xx_it.c **** void I2C1_EV_IRQHandler(void)
 207:Src/stm32f1xx_it.c **** {
 197              		.loc 1 207 0
 198              		.cfi_startproc
 199              		@ args = 0, pretend = 0, frame = 0
 200              		@ frame_needed = 0, uses_anonymous_args = 0
 201 0000 08B5     		push	{r3, lr}
 202              	.LCFI1:
 203              		.cfi_def_cfa_offset 8
 204              		.cfi_offset 3, -8
 205              		.cfi_offset 14, -4
 208:Src/stm32f1xx_it.c ****   /* USER CODE BEGIN I2C1_EV_IRQn 0 */
 209:Src/stm32f1xx_it.c **** 
 210:Src/stm32f1xx_it.c ****   /* USER CODE END I2C1_EV_IRQn 0 */
 211:Src/stm32f1xx_it.c ****   HAL_I2C_EV_IRQHandler(&hi2c1);
 206              		.loc 1 211 0
 207 0002 0248     		ldr	r0, .L17
ARM GAS  /var/folders/9t/hshg14bj4r3bdmp8s0pp3jdw0000gn/T//ccDHzlkI.s 			page 8


 208 0004 FFF7FEFF 		bl	HAL_I2C_EV_IRQHandler
 209              	.LVL1:
 210 0008 08BD     		pop	{r3, pc}
 211              	.L18:
 212 000a 00BF     		.align	2
 213              	.L17:
 214 000c 00000000 		.word	hi2c1
 215              		.cfi_endproc
 216              	.LFE74:
 218              		.section	.text.I2C2_EV_IRQHandler,"ax",%progbits
 219              		.align	2
 220              		.global	I2C2_EV_IRQHandler
 221              		.thumb
 222              		.thumb_func
 224              	I2C2_EV_IRQHandler:
 225              	.LFB75:
 212:Src/stm32f1xx_it.c ****   /* USER CODE BEGIN I2C1_EV_IRQn 1 */
 213:Src/stm32f1xx_it.c **** 
 214:Src/stm32f1xx_it.c ****   /* USER CODE END I2C1_EV_IRQn 1 */
 215:Src/stm32f1xx_it.c **** }
 216:Src/stm32f1xx_it.c **** 
 217:Src/stm32f1xx_it.c **** /**
 218:Src/stm32f1xx_it.c ****   * @brief This function handles I2C2 event interrupt.
 219:Src/stm32f1xx_it.c ****   */
 220:Src/stm32f1xx_it.c **** void I2C2_EV_IRQHandler(void)
 221:Src/stm32f1xx_it.c **** {
 226              		.loc 1 221 0
 227              		.cfi_startproc
 228              		@ args = 0, pretend = 0, frame = 0
 229              		@ frame_needed = 0, uses_anonymous_args = 0
 230 0000 08B5     		push	{r3, lr}
 231              	.LCFI2:
 232              		.cfi_def_cfa_offset 8
 233              		.cfi_offset 3, -8
 234              		.cfi_offset 14, -4
 222:Src/stm32f1xx_it.c ****   /* USER CODE BEGIN I2C2_EV_IRQn 0 */
 223:Src/stm32f1xx_it.c **** 
 224:Src/stm32f1xx_it.c ****   /* USER CODE END I2C2_EV_IRQn 0 */
 225:Src/stm32f1xx_it.c ****   HAL_I2C_EV_IRQHandler(&hi2c2);
 235              		.loc 1 225 0
 236 0002 0248     		ldr	r0, .L21
 237 0004 FFF7FEFF 		bl	HAL_I2C_EV_IRQHandler
 238              	.LVL2:
 239 0008 08BD     		pop	{r3, pc}
 240              	.L22:
 241 000a 00BF     		.align	2
 242              	.L21:
 243 000c 00000000 		.word	hi2c2
 244              		.cfi_endproc
 245              	.LFE75:
 247              		.section	.text.UART4_IRQHandler,"ax",%progbits
 248              		.align	2
 249              		.global	UART4_IRQHandler
 250              		.thumb
 251              		.thumb_func
 253              	UART4_IRQHandler:
 254              	.LFB76:
ARM GAS  /var/folders/9t/hshg14bj4r3bdmp8s0pp3jdw0000gn/T//ccDHzlkI.s 			page 9


 226:Src/stm32f1xx_it.c ****   /* USER CODE BEGIN I2C2_EV_IRQn 1 */
 227:Src/stm32f1xx_it.c **** 
 228:Src/stm32f1xx_it.c ****   /* USER CODE END I2C2_EV_IRQn 1 */
 229:Src/stm32f1xx_it.c **** }
 230:Src/stm32f1xx_it.c **** 
 231:Src/stm32f1xx_it.c **** /**
 232:Src/stm32f1xx_it.c ****   * @brief This function handles UART4 global interrupt.
 233:Src/stm32f1xx_it.c ****   */
 234:Src/stm32f1xx_it.c **** void UART4_IRQHandler(void)
 235:Src/stm32f1xx_it.c **** {
 255              		.loc 1 235 0
 256              		.cfi_startproc
 257              		@ args = 0, pretend = 0, frame = 0
 258              		@ frame_needed = 0, uses_anonymous_args = 0
 259 0000 08B5     		push	{r3, lr}
 260              	.LCFI3:
 261              		.cfi_def_cfa_offset 8
 262              		.cfi_offset 3, -8
 263              		.cfi_offset 14, -4
 236:Src/stm32f1xx_it.c ****   /* USER CODE BEGIN UART4_IRQn 0 */
 237:Src/stm32f1xx_it.c **** 
 238:Src/stm32f1xx_it.c ****   /* USER CODE END UART4_IRQn 0 */
 239:Src/stm32f1xx_it.c ****   HAL_UART_IRQHandler(&huart4);
 264              		.loc 1 239 0
 265 0002 0248     		ldr	r0, .L25
 266 0004 FFF7FEFF 		bl	HAL_UART_IRQHandler
 267              	.LVL3:
 268 0008 08BD     		pop	{r3, pc}
 269              	.L26:
 270 000a 00BF     		.align	2
 271              	.L25:
 272 000c 00000000 		.word	huart4
 273              		.cfi_endproc
 274              	.LFE76:
 276              		.section	.text.UART5_IRQHandler,"ax",%progbits
 277              		.align	2
 278              		.global	UART5_IRQHandler
 279              		.thumb
 280              		.thumb_func
 282              	UART5_IRQHandler:
 283              	.LFB77:
 240:Src/stm32f1xx_it.c ****   /* USER CODE BEGIN UART4_IRQn 1 */
 241:Src/stm32f1xx_it.c **** 
 242:Src/stm32f1xx_it.c ****   /* USER CODE END UART4_IRQn 1 */
 243:Src/stm32f1xx_it.c **** }
 244:Src/stm32f1xx_it.c **** 
 245:Src/stm32f1xx_it.c **** /**
 246:Src/stm32f1xx_it.c ****   * @brief This function handles UART5 global interrupt.
 247:Src/stm32f1xx_it.c ****   */
 248:Src/stm32f1xx_it.c **** void UART5_IRQHandler(void)
 249:Src/stm32f1xx_it.c **** {
 284              		.loc 1 249 0
 285              		.cfi_startproc
 286              		@ args = 0, pretend = 0, frame = 0
 287              		@ frame_needed = 0, uses_anonymous_args = 0
 288 0000 08B5     		push	{r3, lr}
 289              	.LCFI4:
ARM GAS  /var/folders/9t/hshg14bj4r3bdmp8s0pp3jdw0000gn/T//ccDHzlkI.s 			page 10


 290              		.cfi_def_cfa_offset 8
 291              		.cfi_offset 3, -8
 292              		.cfi_offset 14, -4
 250:Src/stm32f1xx_it.c ****   /* USER CODE BEGIN UART5_IRQn 0 */
 251:Src/stm32f1xx_it.c **** 
 252:Src/stm32f1xx_it.c ****   /* USER CODE END UART5_IRQn 0 */
 253:Src/stm32f1xx_it.c ****   HAL_UART_IRQHandler(&huart5);
 293              		.loc 1 253 0
 294 0002 0248     		ldr	r0, .L29
 295 0004 FFF7FEFF 		bl	HAL_UART_IRQHandler
 296              	.LVL4:
 297 0008 08BD     		pop	{r3, pc}
 298              	.L30:
 299 000a 00BF     		.align	2
 300              	.L29:
 301 000c 00000000 		.word	huart5
 302              		.cfi_endproc
 303              	.LFE77:
 305              		.text
 306              	.Letext0:
 307              		.file 2 "/Users/leixiaoxiang/opt/gcc-arm-none-eabi/arm-none-eabi/include/machine/_default_types.h"
 308              		.file 3 "/Users/leixiaoxiang/opt/gcc-arm-none-eabi/arm-none-eabi/include/sys/_stdint.h"
 309              		.file 4 "Drivers/CMSIS/Device/ST/STM32F1xx/Include/stm32f103xe.h"
 310              		.file 5 "Drivers/STM32F1xx_HAL_Driver/Inc/stm32f1xx_hal_def.h"
 311              		.file 6 "Drivers/STM32F1xx_HAL_Driver/Inc/stm32f1xx_hal_dma.h"
 312              		.file 7 "Drivers/STM32F1xx_HAL_Driver/Inc/stm32f1xx_hal_i2c.h"
 313              		.file 8 "Drivers/STM32F1xx_HAL_Driver/Inc/stm32f1xx_hal_uart.h"
 314              		.file 9 "Drivers/CMSIS/Include/core_cm3.h"
 315              		.file 10 "Drivers/STM32F1xx_HAL_Driver/Inc/stm32f1xx_hal.h"
ARM GAS  /var/folders/9t/hshg14bj4r3bdmp8s0pp3jdw0000gn/T//ccDHzlkI.s 			page 11


DEFINED SYMBOLS
                            *ABS*:0000000000000000 stm32f1xx_it.c
/var/folders/9t/hshg14bj4r3bdmp8s0pp3jdw0000gn/T//ccDHzlkI.s:20     .text.NMI_Handler:0000000000000000 $t
/var/folders/9t/hshg14bj4r3bdmp8s0pp3jdw0000gn/T//ccDHzlkI.s:25     .text.NMI_Handler:0000000000000000 NMI_Handler
/var/folders/9t/hshg14bj4r3bdmp8s0pp3jdw0000gn/T//ccDHzlkI.s:38     .text.HardFault_Handler:0000000000000000 $t
/var/folders/9t/hshg14bj4r3bdmp8s0pp3jdw0000gn/T//ccDHzlkI.s:43     .text.HardFault_Handler:0000000000000000 HardFault_Handler
/var/folders/9t/hshg14bj4r3bdmp8s0pp3jdw0000gn/T//ccDHzlkI.s:57     .text.MemManage_Handler:0000000000000000 $t
/var/folders/9t/hshg14bj4r3bdmp8s0pp3jdw0000gn/T//ccDHzlkI.s:62     .text.MemManage_Handler:0000000000000000 MemManage_Handler
/var/folders/9t/hshg14bj4r3bdmp8s0pp3jdw0000gn/T//ccDHzlkI.s:76     .text.BusFault_Handler:0000000000000000 $t
/var/folders/9t/hshg14bj4r3bdmp8s0pp3jdw0000gn/T//ccDHzlkI.s:81     .text.BusFault_Handler:0000000000000000 BusFault_Handler
/var/folders/9t/hshg14bj4r3bdmp8s0pp3jdw0000gn/T//ccDHzlkI.s:95     .text.UsageFault_Handler:0000000000000000 $t
/var/folders/9t/hshg14bj4r3bdmp8s0pp3jdw0000gn/T//ccDHzlkI.s:100    .text.UsageFault_Handler:0000000000000000 UsageFault_Handler
/var/folders/9t/hshg14bj4r3bdmp8s0pp3jdw0000gn/T//ccDHzlkI.s:114    .text.SVC_Handler:0000000000000000 $t
/var/folders/9t/hshg14bj4r3bdmp8s0pp3jdw0000gn/T//ccDHzlkI.s:119    .text.SVC_Handler:0000000000000000 SVC_Handler
/var/folders/9t/hshg14bj4r3bdmp8s0pp3jdw0000gn/T//ccDHzlkI.s:131    .text.DebugMon_Handler:0000000000000000 $t
/var/folders/9t/hshg14bj4r3bdmp8s0pp3jdw0000gn/T//ccDHzlkI.s:136    .text.DebugMon_Handler:0000000000000000 DebugMon_Handler
/var/folders/9t/hshg14bj4r3bdmp8s0pp3jdw0000gn/T//ccDHzlkI.s:148    .text.PendSV_Handler:0000000000000000 $t
/var/folders/9t/hshg14bj4r3bdmp8s0pp3jdw0000gn/T//ccDHzlkI.s:153    .text.PendSV_Handler:0000000000000000 PendSV_Handler
/var/folders/9t/hshg14bj4r3bdmp8s0pp3jdw0000gn/T//ccDHzlkI.s:165    .text.SysTick_Handler:0000000000000000 $t
/var/folders/9t/hshg14bj4r3bdmp8s0pp3jdw0000gn/T//ccDHzlkI.s:170    .text.SysTick_Handler:0000000000000000 SysTick_Handler
/var/folders/9t/hshg14bj4r3bdmp8s0pp3jdw0000gn/T//ccDHzlkI.s:190    .text.I2C1_EV_IRQHandler:0000000000000000 $t
/var/folders/9t/hshg14bj4r3bdmp8s0pp3jdw0000gn/T//ccDHzlkI.s:195    .text.I2C1_EV_IRQHandler:0000000000000000 I2C1_EV_IRQHandler
/var/folders/9t/hshg14bj4r3bdmp8s0pp3jdw0000gn/T//ccDHzlkI.s:214    .text.I2C1_EV_IRQHandler:000000000000000c $d
/var/folders/9t/hshg14bj4r3bdmp8s0pp3jdw0000gn/T//ccDHzlkI.s:219    .text.I2C2_EV_IRQHandler:0000000000000000 $t
/var/folders/9t/hshg14bj4r3bdmp8s0pp3jdw0000gn/T//ccDHzlkI.s:224    .text.I2C2_EV_IRQHandler:0000000000000000 I2C2_EV_IRQHandler
/var/folders/9t/hshg14bj4r3bdmp8s0pp3jdw0000gn/T//ccDHzlkI.s:243    .text.I2C2_EV_IRQHandler:000000000000000c $d
/var/folders/9t/hshg14bj4r3bdmp8s0pp3jdw0000gn/T//ccDHzlkI.s:248    .text.UART4_IRQHandler:0000000000000000 $t
/var/folders/9t/hshg14bj4r3bdmp8s0pp3jdw0000gn/T//ccDHzlkI.s:253    .text.UART4_IRQHandler:0000000000000000 UART4_IRQHandler
/var/folders/9t/hshg14bj4r3bdmp8s0pp3jdw0000gn/T//ccDHzlkI.s:272    .text.UART4_IRQHandler:000000000000000c $d
/var/folders/9t/hshg14bj4r3bdmp8s0pp3jdw0000gn/T//ccDHzlkI.s:277    .text.UART5_IRQHandler:0000000000000000 $t
/var/folders/9t/hshg14bj4r3bdmp8s0pp3jdw0000gn/T//ccDHzlkI.s:282    .text.UART5_IRQHandler:0000000000000000 UART5_IRQHandler
/var/folders/9t/hshg14bj4r3bdmp8s0pp3jdw0000gn/T//ccDHzlkI.s:301    .text.UART5_IRQHandler:000000000000000c $d
                     .debug_frame:0000000000000010 $d

UNDEFINED SYMBOLS
HAL_IncTick
HAL_I2C_EV_IRQHandler
hi2c1
hi2c2
HAL_UART_IRQHandler
huart4
huart5
