ARM GAS  /var/folders/9t/hshg14bj4r3bdmp8s0pp3jdw0000gn/T//ccBoNoGm.s 			page 1


   1              		.syntax unified
   2              		.cpu cortex-m3
   3              		.fpu softvfp
   4              		.eabi_attribute 20, 1
   5              		.eabi_attribute 21, 1
   6              		.eabi_attribute 23, 3
   7              		.eabi_attribute 24, 1
   8              		.eabi_attribute 25, 1
   9              		.eabi_attribute 26, 1
  10              		.eabi_attribute 30, 1
  11              		.eabi_attribute 34, 1
  12              		.eabi_attribute 18, 4
  13              		.thumb
  14              		.syntax unified
  15              		.file	"usart.c"
  16              		.text
  17              	.Ltext0:
  18              		.cfi_sections	.debug_frame
  19              		.section	.text.MX_UART4_Init,"ax",%progbits
  20              		.align	2
  21              		.global	MX_UART4_Init
  22              		.thumb
  23              		.thumb_func
  25              	MX_UART4_Init:
  26              	.LFB65:
  27              		.file 1 "Src/usart.c"
   1:Src/usart.c   **** /**
   2:Src/usart.c   ****   ******************************************************************************
   3:Src/usart.c   ****   * File Name          : USART.c
   4:Src/usart.c   ****   * Description        : This file provides code for the configuration
   5:Src/usart.c   ****   *                      of the USART instances.
   6:Src/usart.c   ****   ******************************************************************************
   7:Src/usart.c   ****   * @attention
   8:Src/usart.c   ****   *
   9:Src/usart.c   ****   * <h2><center>&copy; Copyright (c) 2020 STMicroelectronics.
  10:Src/usart.c   ****   * All rights reserved.</center></h2>
  11:Src/usart.c   ****   *
  12:Src/usart.c   ****   * This software component is licensed by ST under BSD 3-Clause license,
  13:Src/usart.c   ****   * the "License"; You may not use this file except in compliance with the
  14:Src/usart.c   ****   * License. You may obtain a copy of the License at:
  15:Src/usart.c   ****   *                        opensource.org/licenses/BSD-3-Clause
  16:Src/usart.c   ****   *
  17:Src/usart.c   ****   ******************************************************************************
  18:Src/usart.c   ****   */
  19:Src/usart.c   **** 
  20:Src/usart.c   **** /* Includes ------------------------------------------------------------------*/
  21:Src/usart.c   **** #include "usart.h"
  22:Src/usart.c   **** 
  23:Src/usart.c   **** /* USER CODE BEGIN 0 */
  24:Src/usart.c   **** 
  25:Src/usart.c   **** __IO uint8_t uart_data1[25];
  26:Src/usart.c   **** __IO uint8_t uart_data2[25];
  27:Src/usart.c   **** 
  28:Src/usart.c   **** /* USER CODE END 0 */
  29:Src/usart.c   **** 
  30:Src/usart.c   **** UART_HandleTypeDef huart4;
  31:Src/usart.c   **** UART_HandleTypeDef huart5;
ARM GAS  /var/folders/9t/hshg14bj4r3bdmp8s0pp3jdw0000gn/T//ccBoNoGm.s 			page 2


  32:Src/usart.c   **** 
  33:Src/usart.c   **** /* UART4 init function */
  34:Src/usart.c   **** void MX_UART4_Init(void)
  35:Src/usart.c   **** {
  28              		.loc 1 35 0
  29              		.cfi_startproc
  30              		@ args = 0, pretend = 0, frame = 0
  31              		@ frame_needed = 0, uses_anonymous_args = 0
  32 0000 08B5     		push	{r3, lr}
  33              	.LCFI0:
  34              		.cfi_def_cfa_offset 8
  35              		.cfi_offset 3, -8
  36              		.cfi_offset 14, -4
  36:Src/usart.c   **** 
  37:Src/usart.c   ****   huart4.Instance = UART4;
  37              		.loc 1 37 0
  38 0002 0C48     		ldr	r0, .L4
  39 0004 0C4B     		ldr	r3, .L4+4
  40 0006 0360     		str	r3, [r0]
  38:Src/usart.c   ****   huart4.Init.BaudRate = 9600;
  41              		.loc 1 38 0
  42 0008 4FF41653 		mov	r3, #9600
  43 000c 4360     		str	r3, [r0, #4]
  39:Src/usart.c   ****   huart4.Init.WordLength = UART_WORDLENGTH_8B;
  44              		.loc 1 39 0
  45 000e 0023     		movs	r3, #0
  46 0010 8360     		str	r3, [r0, #8]
  40:Src/usart.c   ****   huart4.Init.StopBits = UART_STOPBITS_1;
  47              		.loc 1 40 0
  48 0012 C360     		str	r3, [r0, #12]
  41:Src/usart.c   ****   huart4.Init.Parity = UART_PARITY_NONE;
  49              		.loc 1 41 0
  50 0014 0361     		str	r3, [r0, #16]
  42:Src/usart.c   ****   huart4.Init.Mode = UART_MODE_TX_RX;
  51              		.loc 1 42 0
  52 0016 0C22     		movs	r2, #12
  53 0018 4261     		str	r2, [r0, #20]
  43:Src/usart.c   ****   huart4.Init.HwFlowCtl = UART_HWCONTROL_NONE;
  54              		.loc 1 43 0
  55 001a 8361     		str	r3, [r0, #24]
  44:Src/usart.c   ****   huart4.Init.OverSampling = UART_OVERSAMPLING_16;
  56              		.loc 1 44 0
  57 001c C361     		str	r3, [r0, #28]
  45:Src/usart.c   ****   if (HAL_UART_Init(&huart4) != HAL_OK)
  58              		.loc 1 45 0
  59 001e FFF7FEFF 		bl	HAL_UART_Init
  60              	.LVL0:
  61 0022 08B1     		cbz	r0, .L2
  46:Src/usart.c   ****   {
  47:Src/usart.c   ****     Error_Handler();
  62              		.loc 1 47 0
  63 0024 FFF7FEFF 		bl	Error_Handler
  64              	.LVL1:
  65              	.L2:
  48:Src/usart.c   ****   }
  49:Src/usart.c   **** 
  50:Src/usart.c   ****   HAL_UART_Receive_IT(&huart4,uart_data1,25);
ARM GAS  /var/folders/9t/hshg14bj4r3bdmp8s0pp3jdw0000gn/T//ccBoNoGm.s 			page 3


  66              		.loc 1 50 0
  67 0028 1922     		movs	r2, #25
  68 002a 0449     		ldr	r1, .L4+8
  69 002c 0148     		ldr	r0, .L4
  70 002e FFF7FEFF 		bl	HAL_UART_Receive_IT
  71              	.LVL2:
  72 0032 08BD     		pop	{r3, pc}
  73              	.L5:
  74              		.align	2
  75              	.L4:
  76 0034 00000000 		.word	huart4
  77 0038 004C0040 		.word	1073761280
  78 003c 00000000 		.word	uart_data1
  79              		.cfi_endproc
  80              	.LFE65:
  82              		.section	.text.MX_UART5_Init,"ax",%progbits
  83              		.align	2
  84              		.global	MX_UART5_Init
  85              		.thumb
  86              		.thumb_func
  88              	MX_UART5_Init:
  89              	.LFB66:
  51:Src/usart.c   **** }
  52:Src/usart.c   **** /* UART5 init function */
  53:Src/usart.c   **** void MX_UART5_Init(void)
  54:Src/usart.c   **** {
  90              		.loc 1 54 0
  91              		.cfi_startproc
  92              		@ args = 0, pretend = 0, frame = 0
  93              		@ frame_needed = 0, uses_anonymous_args = 0
  94 0000 08B5     		push	{r3, lr}
  95              	.LCFI1:
  96              		.cfi_def_cfa_offset 8
  97              		.cfi_offset 3, -8
  98              		.cfi_offset 14, -4
  55:Src/usart.c   **** 
  56:Src/usart.c   ****   huart5.Instance = UART5;
  99              		.loc 1 56 0
 100 0002 0C48     		ldr	r0, .L9
 101 0004 0C4B     		ldr	r3, .L9+4
 102 0006 0360     		str	r3, [r0]
  57:Src/usart.c   ****   huart5.Init.BaudRate = 9600;
 103              		.loc 1 57 0
 104 0008 4FF41653 		mov	r3, #9600
 105 000c 4360     		str	r3, [r0, #4]
  58:Src/usart.c   ****   huart5.Init.WordLength = UART_WORDLENGTH_8B;
 106              		.loc 1 58 0
 107 000e 0023     		movs	r3, #0
 108 0010 8360     		str	r3, [r0, #8]
  59:Src/usart.c   ****   huart5.Init.StopBits = UART_STOPBITS_1;
 109              		.loc 1 59 0
 110 0012 C360     		str	r3, [r0, #12]
  60:Src/usart.c   ****   huart5.Init.Parity = UART_PARITY_NONE;
 111              		.loc 1 60 0
 112 0014 0361     		str	r3, [r0, #16]
  61:Src/usart.c   ****   huart5.Init.Mode = UART_MODE_TX_RX;
 113              		.loc 1 61 0
ARM GAS  /var/folders/9t/hshg14bj4r3bdmp8s0pp3jdw0000gn/T//ccBoNoGm.s 			page 4


 114 0016 0C22     		movs	r2, #12
 115 0018 4261     		str	r2, [r0, #20]
  62:Src/usart.c   ****   huart5.Init.HwFlowCtl = UART_HWCONTROL_NONE;
 116              		.loc 1 62 0
 117 001a 8361     		str	r3, [r0, #24]
  63:Src/usart.c   ****   huart5.Init.OverSampling = UART_OVERSAMPLING_16;
 118              		.loc 1 63 0
 119 001c C361     		str	r3, [r0, #28]
  64:Src/usart.c   ****   if (HAL_UART_Init(&huart5) != HAL_OK)
 120              		.loc 1 64 0
 121 001e FFF7FEFF 		bl	HAL_UART_Init
 122              	.LVL3:
 123 0022 08B1     		cbz	r0, .L7
  65:Src/usart.c   ****   {
  66:Src/usart.c   ****     Error_Handler();
 124              		.loc 1 66 0
 125 0024 FFF7FEFF 		bl	Error_Handler
 126              	.LVL4:
 127              	.L7:
  67:Src/usart.c   ****   }
  68:Src/usart.c   **** 
  69:Src/usart.c   ****   HAL_UART_Receive_IT(&huart5,uart_data2,25);
 128              		.loc 1 69 0
 129 0028 1922     		movs	r2, #25
 130 002a 0449     		ldr	r1, .L9+8
 131 002c 0148     		ldr	r0, .L9
 132 002e FFF7FEFF 		bl	HAL_UART_Receive_IT
 133              	.LVL5:
 134 0032 08BD     		pop	{r3, pc}
 135              	.L10:
 136              		.align	2
 137              	.L9:
 138 0034 00000000 		.word	huart5
 139 0038 00500040 		.word	1073762304
 140 003c 00000000 		.word	uart_data2
 141              		.cfi_endproc
 142              	.LFE66:
 144              		.section	.text.HAL_UART_MspInit,"ax",%progbits
 145              		.align	2
 146              		.global	HAL_UART_MspInit
 147              		.thumb
 148              		.thumb_func
 150              	HAL_UART_MspInit:
 151              	.LFB67:
  70:Src/usart.c   **** }
  71:Src/usart.c   **** 
  72:Src/usart.c   **** void HAL_UART_MspInit(UART_HandleTypeDef* uartHandle)
  73:Src/usart.c   **** {
 152              		.loc 1 73 0
 153              		.cfi_startproc
 154              		@ args = 0, pretend = 0, frame = 40
 155              		@ frame_needed = 0, uses_anonymous_args = 0
 156              	.LVL6:
 157 0000 30B5     		push	{r4, r5, lr}
 158              	.LCFI2:
 159              		.cfi_def_cfa_offset 12
 160              		.cfi_offset 4, -12
ARM GAS  /var/folders/9t/hshg14bj4r3bdmp8s0pp3jdw0000gn/T//ccBoNoGm.s 			page 5


 161              		.cfi_offset 5, -8
 162              		.cfi_offset 14, -4
 163 0002 8BB0     		sub	sp, sp, #44
 164              	.LCFI3:
 165              		.cfi_def_cfa_offset 56
  74:Src/usart.c   **** 
  75:Src/usart.c   ****   GPIO_InitTypeDef GPIO_InitStruct = {0};
 166              		.loc 1 75 0
 167 0004 0023     		movs	r3, #0
 168 0006 0693     		str	r3, [sp, #24]
 169 0008 0793     		str	r3, [sp, #28]
 170 000a 0893     		str	r3, [sp, #32]
 171 000c 0993     		str	r3, [sp, #36]
  76:Src/usart.c   ****   if(uartHandle->Instance==UART4)
 172              		.loc 1 76 0
 173 000e 0368     		ldr	r3, [r0]
 174 0010 384A     		ldr	r2, .L15
 175 0012 9342     		cmp	r3, r2
 176 0014 31D1     		bne	.L12
 177              	.LBB2:
  77:Src/usart.c   ****   {
  78:Src/usart.c   ****   /* USER CODE BEGIN UART4_MspInit 0 */
  79:Src/usart.c   **** 
  80:Src/usart.c   ****   /* USER CODE END UART4_MspInit 0 */
  81:Src/usart.c   ****     /* UART4 clock enable */
  82:Src/usart.c   ****     __HAL_RCC_UART4_CLK_ENABLE();
 178              		.loc 1 82 0
 179 0016 384B     		ldr	r3, .L15+4
 180 0018 DA69     		ldr	r2, [r3, #28]
 181 001a 42F40022 		orr	r2, r2, #524288
 182 001e DA61     		str	r2, [r3, #28]
 183 0020 DA69     		ldr	r2, [r3, #28]
 184 0022 02F40022 		and	r2, r2, #524288
 185 0026 0192     		str	r2, [sp, #4]
 186 0028 019A     		ldr	r2, [sp, #4]
 187              	.LBE2:
 188              	.LBB3:
  83:Src/usart.c   ****   
  84:Src/usart.c   ****     __HAL_RCC_GPIOC_CLK_ENABLE();
 189              		.loc 1 84 0
 190 002a 9A69     		ldr	r2, [r3, #24]
 191 002c 42F01002 		orr	r2, r2, #16
 192 0030 9A61     		str	r2, [r3, #24]
 193 0032 9B69     		ldr	r3, [r3, #24]
 194 0034 03F01003 		and	r3, r3, #16
 195 0038 0293     		str	r3, [sp, #8]
 196 003a 029B     		ldr	r3, [sp, #8]
 197              	.LBE3:
  85:Src/usart.c   ****     /**UART4 GPIO Configuration    
  86:Src/usart.c   ****     PC10     ------> UART4_TX
  87:Src/usart.c   ****     PC11     ------> UART4_RX 
  88:Src/usart.c   ****     */
  89:Src/usart.c   ****     GPIO_InitStruct.Pin = GPIO_PIN_10;
 198              		.loc 1 89 0
 199 003c 4FF48063 		mov	r3, #1024
 200 0040 0693     		str	r3, [sp, #24]
  90:Src/usart.c   ****     GPIO_InitStruct.Mode = GPIO_MODE_AF_PP;
ARM GAS  /var/folders/9t/hshg14bj4r3bdmp8s0pp3jdw0000gn/T//ccBoNoGm.s 			page 6


 201              		.loc 1 90 0
 202 0042 0223     		movs	r3, #2
 203 0044 0793     		str	r3, [sp, #28]
  91:Src/usart.c   ****     GPIO_InitStruct.Speed = GPIO_SPEED_FREQ_HIGH;
 204              		.loc 1 91 0
 205 0046 0323     		movs	r3, #3
 206 0048 0993     		str	r3, [sp, #36]
  92:Src/usart.c   ****     HAL_GPIO_Init(GPIOC, &GPIO_InitStruct);
 207              		.loc 1 92 0
 208 004a 2C4D     		ldr	r5, .L15+8
 209 004c 06A9     		add	r1, sp, #24
 210 004e 2846     		mov	r0, r5
 211              	.LVL7:
 212 0050 FFF7FEFF 		bl	HAL_GPIO_Init
 213              	.LVL8:
  93:Src/usart.c   **** 
  94:Src/usart.c   ****     GPIO_InitStruct.Pin = GPIO_PIN_11;
 214              		.loc 1 94 0
 215 0054 4FF40063 		mov	r3, #2048
 216 0058 0693     		str	r3, [sp, #24]
  95:Src/usart.c   ****     GPIO_InitStruct.Mode = GPIO_MODE_INPUT;
 217              		.loc 1 95 0
 218 005a 0024     		movs	r4, #0
 219 005c 0794     		str	r4, [sp, #28]
  96:Src/usart.c   ****     GPIO_InitStruct.Pull = GPIO_NOPULL;
 220              		.loc 1 96 0
 221 005e 0894     		str	r4, [sp, #32]
  97:Src/usart.c   ****     HAL_GPIO_Init(GPIOC, &GPIO_InitStruct);
 222              		.loc 1 97 0
 223 0060 06A9     		add	r1, sp, #24
 224 0062 2846     		mov	r0, r5
 225 0064 FFF7FEFF 		bl	HAL_GPIO_Init
 226              	.LVL9:
  98:Src/usart.c   **** 
  99:Src/usart.c   ****     /* UART4 interrupt Init */
 100:Src/usart.c   ****     HAL_NVIC_SetPriority(UART4_IRQn, 0, 0);
 227              		.loc 1 100 0
 228 0068 2246     		mov	r2, r4
 229 006a 2146     		mov	r1, r4
 230 006c 3420     		movs	r0, #52
 231 006e FFF7FEFF 		bl	HAL_NVIC_SetPriority
 232              	.LVL10:
 101:Src/usart.c   ****     HAL_NVIC_EnableIRQ(UART4_IRQn);
 233              		.loc 1 101 0
 234 0072 3420     		movs	r0, #52
 235 0074 FFF7FEFF 		bl	HAL_NVIC_EnableIRQ
 236              	.LVL11:
 237 0078 3AE0     		b	.L11
 238              	.LVL12:
 239              	.L12:
 102:Src/usart.c   ****   /* USER CODE BEGIN UART4_MspInit 1 */
 103:Src/usart.c   **** 
 104:Src/usart.c   ****   /* USER CODE END UART4_MspInit 1 */
 105:Src/usart.c   ****   }
 106:Src/usart.c   ****   else if(uartHandle->Instance==UART5)
 240              		.loc 1 106 0
 241 007a 214A     		ldr	r2, .L15+12
ARM GAS  /var/folders/9t/hshg14bj4r3bdmp8s0pp3jdw0000gn/T//ccBoNoGm.s 			page 7


 242 007c 9342     		cmp	r3, r2
 243 007e 37D1     		bne	.L11
 244              	.LBB4:
 107:Src/usart.c   ****   {
 108:Src/usart.c   ****   /* USER CODE BEGIN UART5_MspInit 0 */
 109:Src/usart.c   **** 
 110:Src/usart.c   ****   /* USER CODE END UART5_MspInit 0 */
 111:Src/usart.c   ****     /* UART5 clock enable */
 112:Src/usart.c   ****     __HAL_RCC_UART5_CLK_ENABLE();
 245              		.loc 1 112 0
 246 0080 1D4B     		ldr	r3, .L15+4
 247 0082 DA69     		ldr	r2, [r3, #28]
 248 0084 42F48012 		orr	r2, r2, #1048576
 249 0088 DA61     		str	r2, [r3, #28]
 250 008a DA69     		ldr	r2, [r3, #28]
 251 008c 02F48012 		and	r2, r2, #1048576
 252 0090 0392     		str	r2, [sp, #12]
 253 0092 039A     		ldr	r2, [sp, #12]
 254              	.LBE4:
 255              	.LBB5:
 113:Src/usart.c   ****   
 114:Src/usart.c   ****     __HAL_RCC_GPIOC_CLK_ENABLE();
 256              		.loc 1 114 0
 257 0094 9A69     		ldr	r2, [r3, #24]
 258 0096 42F01002 		orr	r2, r2, #16
 259 009a 9A61     		str	r2, [r3, #24]
 260 009c 9A69     		ldr	r2, [r3, #24]
 261 009e 02F01002 		and	r2, r2, #16
 262 00a2 0492     		str	r2, [sp, #16]
 263 00a4 049A     		ldr	r2, [sp, #16]
 264              	.LBE5:
 265              	.LBB6:
 115:Src/usart.c   ****     __HAL_RCC_GPIOD_CLK_ENABLE();
 266              		.loc 1 115 0
 267 00a6 9A69     		ldr	r2, [r3, #24]
 268 00a8 42F02002 		orr	r2, r2, #32
 269 00ac 9A61     		str	r2, [r3, #24]
 270 00ae 9B69     		ldr	r3, [r3, #24]
 271 00b0 03F02003 		and	r3, r3, #32
 272 00b4 0593     		str	r3, [sp, #20]
 273 00b6 059B     		ldr	r3, [sp, #20]
 274              	.LBE6:
 116:Src/usart.c   ****     /**UART5 GPIO Configuration    
 117:Src/usart.c   ****     PC12     ------> UART5_TX
 118:Src/usart.c   ****     PD2     ------> UART5_RX 
 119:Src/usart.c   ****     */
 120:Src/usart.c   ****     GPIO_InitStruct.Pin = GPIO_PIN_12;
 275              		.loc 1 120 0
 276 00b8 4FF48053 		mov	r3, #4096
 277 00bc 0693     		str	r3, [sp, #24]
 121:Src/usart.c   ****     GPIO_InitStruct.Mode = GPIO_MODE_AF_PP;
 278              		.loc 1 121 0
 279 00be 0223     		movs	r3, #2
 280 00c0 0793     		str	r3, [sp, #28]
 122:Src/usart.c   ****     GPIO_InitStruct.Speed = GPIO_SPEED_FREQ_HIGH;
 281              		.loc 1 122 0
 282 00c2 0323     		movs	r3, #3
ARM GAS  /var/folders/9t/hshg14bj4r3bdmp8s0pp3jdw0000gn/T//ccBoNoGm.s 			page 8


 283 00c4 0993     		str	r3, [sp, #36]
 123:Src/usart.c   ****     HAL_GPIO_Init(GPIOC, &GPIO_InitStruct);
 284              		.loc 1 123 0
 285 00c6 06A9     		add	r1, sp, #24
 286 00c8 0C48     		ldr	r0, .L15+8
 287              	.LVL13:
 288 00ca FFF7FEFF 		bl	HAL_GPIO_Init
 289              	.LVL14:
 124:Src/usart.c   **** 
 125:Src/usart.c   ****     GPIO_InitStruct.Pin = GPIO_PIN_2;
 290              		.loc 1 125 0
 291 00ce 0423     		movs	r3, #4
 292 00d0 0693     		str	r3, [sp, #24]
 126:Src/usart.c   ****     GPIO_InitStruct.Mode = GPIO_MODE_INPUT;
 293              		.loc 1 126 0
 294 00d2 0024     		movs	r4, #0
 295 00d4 0794     		str	r4, [sp, #28]
 127:Src/usart.c   ****     GPIO_InitStruct.Pull = GPIO_NOPULL;
 296              		.loc 1 127 0
 297 00d6 0894     		str	r4, [sp, #32]
 128:Src/usart.c   ****     HAL_GPIO_Init(GPIOD, &GPIO_InitStruct);
 298              		.loc 1 128 0
 299 00d8 06A9     		add	r1, sp, #24
 300 00da 0A48     		ldr	r0, .L15+16
 301 00dc FFF7FEFF 		bl	HAL_GPIO_Init
 302              	.LVL15:
 129:Src/usart.c   **** 
 130:Src/usart.c   ****     /* UART5 interrupt Init */
 131:Src/usart.c   ****     HAL_NVIC_SetPriority(UART5_IRQn, 0, 0);
 303              		.loc 1 131 0
 304 00e0 2246     		mov	r2, r4
 305 00e2 2146     		mov	r1, r4
 306 00e4 3520     		movs	r0, #53
 307 00e6 FFF7FEFF 		bl	HAL_NVIC_SetPriority
 308              	.LVL16:
 132:Src/usart.c   ****     HAL_NVIC_EnableIRQ(UART5_IRQn);
 309              		.loc 1 132 0
 310 00ea 3520     		movs	r0, #53
 311 00ec FFF7FEFF 		bl	HAL_NVIC_EnableIRQ
 312              	.LVL17:
 313              	.L11:
 133:Src/usart.c   ****   /* USER CODE BEGIN UART5_MspInit 1 */
 134:Src/usart.c   **** 
 135:Src/usart.c   ****   /* USER CODE END UART5_MspInit 1 */
 136:Src/usart.c   ****   }
 137:Src/usart.c   **** }
 314              		.loc 1 137 0
 315 00f0 0BB0     		add	sp, sp, #44
 316              	.LCFI4:
 317              		.cfi_def_cfa_offset 12
 318              		@ sp needed
 319 00f2 30BD     		pop	{r4, r5, pc}
 320              	.L16:
 321              		.align	2
 322              	.L15:
 323 00f4 004C0040 		.word	1073761280
 324 00f8 00100240 		.word	1073876992
ARM GAS  /var/folders/9t/hshg14bj4r3bdmp8s0pp3jdw0000gn/T//ccBoNoGm.s 			page 9


 325 00fc 00100140 		.word	1073811456
 326 0100 00500040 		.word	1073762304
 327 0104 00140140 		.word	1073812480
 328              		.cfi_endproc
 329              	.LFE67:
 331              		.section	.text.HAL_UART_MspDeInit,"ax",%progbits
 332              		.align	2
 333              		.global	HAL_UART_MspDeInit
 334              		.thumb
 335              		.thumb_func
 337              	HAL_UART_MspDeInit:
 338              	.LFB68:
 138:Src/usart.c   **** 
 139:Src/usart.c   **** void HAL_UART_MspDeInit(UART_HandleTypeDef* uartHandle)
 140:Src/usart.c   **** {
 339              		.loc 1 140 0
 340              		.cfi_startproc
 341              		@ args = 0, pretend = 0, frame = 0
 342              		@ frame_needed = 0, uses_anonymous_args = 0
 343              	.LVL18:
 344 0000 08B5     		push	{r3, lr}
 345              	.LCFI5:
 346              		.cfi_def_cfa_offset 8
 347              		.cfi_offset 3, -8
 348              		.cfi_offset 14, -4
 141:Src/usart.c   **** 
 142:Src/usart.c   ****   if(uartHandle->Instance==UART4)
 349              		.loc 1 142 0
 350 0002 0368     		ldr	r3, [r0]
 351 0004 134A     		ldr	r2, .L21
 352 0006 9342     		cmp	r3, r2
 353 0008 0ED1     		bne	.L18
 143:Src/usart.c   ****   {
 144:Src/usart.c   ****   /* USER CODE BEGIN UART4_MspDeInit 0 */
 145:Src/usart.c   **** 
 146:Src/usart.c   ****   /* USER CODE END UART4_MspDeInit 0 */
 147:Src/usart.c   ****     /* Peripheral clock disable */
 148:Src/usart.c   ****     __HAL_RCC_UART4_CLK_DISABLE();
 354              		.loc 1 148 0
 355 000a 02F5E232 		add	r2, r2, #115712
 356 000e D369     		ldr	r3, [r2, #28]
 357 0010 23F40023 		bic	r3, r3, #524288
 358 0014 D361     		str	r3, [r2, #28]
 149:Src/usart.c   ****   
 150:Src/usart.c   ****     /**UART4 GPIO Configuration    
 151:Src/usart.c   ****     PC10     ------> UART4_TX
 152:Src/usart.c   ****     PC11     ------> UART4_RX 
 153:Src/usart.c   ****     */
 154:Src/usart.c   ****     HAL_GPIO_DeInit(GPIOC, GPIO_PIN_10|GPIO_PIN_11);
 359              		.loc 1 154 0
 360 0016 4FF44061 		mov	r1, #3072
 361 001a 0F48     		ldr	r0, .L21+4
 362              	.LVL19:
 363 001c FFF7FEFF 		bl	HAL_GPIO_DeInit
 364              	.LVL20:
 155:Src/usart.c   **** 
 156:Src/usart.c   ****     /* UART4 interrupt Deinit */
ARM GAS  /var/folders/9t/hshg14bj4r3bdmp8s0pp3jdw0000gn/T//ccBoNoGm.s 			page 10


 157:Src/usart.c   ****     HAL_NVIC_DisableIRQ(UART4_IRQn);
 365              		.loc 1 157 0
 366 0020 3420     		movs	r0, #52
 367 0022 FFF7FEFF 		bl	HAL_NVIC_DisableIRQ
 368              	.LVL21:
 369 0026 08BD     		pop	{r3, pc}
 370              	.LVL22:
 371              	.L18:
 158:Src/usart.c   ****   /* USER CODE BEGIN UART4_MspDeInit 1 */
 159:Src/usart.c   **** 
 160:Src/usart.c   ****   /* USER CODE END UART4_MspDeInit 1 */
 161:Src/usart.c   ****   }
 162:Src/usart.c   ****   else if(uartHandle->Instance==UART5)
 372              		.loc 1 162 0
 373 0028 0C4A     		ldr	r2, .L21+8
 374 002a 9342     		cmp	r3, r2
 375 002c 11D1     		bne	.L17
 163:Src/usart.c   ****   {
 164:Src/usart.c   ****   /* USER CODE BEGIN UART5_MspDeInit 0 */
 165:Src/usart.c   **** 
 166:Src/usart.c   ****   /* USER CODE END UART5_MspDeInit 0 */
 167:Src/usart.c   ****     /* Peripheral clock disable */
 168:Src/usart.c   ****     __HAL_RCC_UART5_CLK_DISABLE();
 376              		.loc 1 168 0
 377 002e 02F5E032 		add	r2, r2, #114688
 378 0032 D369     		ldr	r3, [r2, #28]
 379 0034 23F48013 		bic	r3, r3, #1048576
 380 0038 D361     		str	r3, [r2, #28]
 169:Src/usart.c   ****   
 170:Src/usart.c   ****     /**UART5 GPIO Configuration    
 171:Src/usart.c   ****     PC12     ------> UART5_TX
 172:Src/usart.c   ****     PD2     ------> UART5_RX 
 173:Src/usart.c   ****     */
 174:Src/usart.c   ****     HAL_GPIO_DeInit(GPIOC, GPIO_PIN_12);
 381              		.loc 1 174 0
 382 003a 4FF48051 		mov	r1, #4096
 383 003e 0648     		ldr	r0, .L21+4
 384              	.LVL23:
 385 0040 FFF7FEFF 		bl	HAL_GPIO_DeInit
 386              	.LVL24:
 175:Src/usart.c   **** 
 176:Src/usart.c   ****     HAL_GPIO_DeInit(GPIOD, GPIO_PIN_2);
 387              		.loc 1 176 0
 388 0044 0421     		movs	r1, #4
 389 0046 0648     		ldr	r0, .L21+12
 390 0048 FFF7FEFF 		bl	HAL_GPIO_DeInit
 391              	.LVL25:
 177:Src/usart.c   **** 
 178:Src/usart.c   ****     /* UART5 interrupt Deinit */
 179:Src/usart.c   ****     HAL_NVIC_DisableIRQ(UART5_IRQn);
 392              		.loc 1 179 0
 393 004c 3520     		movs	r0, #53
 394 004e FFF7FEFF 		bl	HAL_NVIC_DisableIRQ
 395              	.LVL26:
 396              	.L17:
 397 0052 08BD     		pop	{r3, pc}
 398              	.L22:
ARM GAS  /var/folders/9t/hshg14bj4r3bdmp8s0pp3jdw0000gn/T//ccBoNoGm.s 			page 11


 399              		.align	2
 400              	.L21:
 401 0054 004C0040 		.word	1073761280
 402 0058 00100140 		.word	1073811456
 403 005c 00500040 		.word	1073762304
 404 0060 00140140 		.word	1073812480
 405              		.cfi_endproc
 406              	.LFE68:
 408              		.section	.text.HAL_UART_RxCpltCallback,"ax",%progbits
 409              		.align	2
 410              		.global	HAL_UART_RxCpltCallback
 411              		.thumb
 412              		.thumb_func
 414              	HAL_UART_RxCpltCallback:
 415              	.LFB69:
 180:Src/usart.c   ****   /* USER CODE BEGIN UART5_MspDeInit 1 */
 181:Src/usart.c   **** 
 182:Src/usart.c   ****   /* USER CODE END UART5_MspDeInit 1 */
 183:Src/usart.c   ****   }
 184:Src/usart.c   **** } 
 185:Src/usart.c   **** 
 186:Src/usart.c   **** /* USER CODE BEGIN 1 */
 187:Src/usart.c   **** void HAL_UART_RxCpltCallback(UART_HandleTypeDef *huart)
 188:Src/usart.c   **** {
 416              		.loc 1 188 0
 417              		.cfi_startproc
 418              		@ args = 0, pretend = 0, frame = 0
 419              		@ frame_needed = 0, uses_anonymous_args = 0
 420              	.LVL27:
 421 0000 08B5     		push	{r3, lr}
 422              	.LCFI6:
 423              		.cfi_def_cfa_offset 8
 424              		.cfi_offset 3, -8
 425              		.cfi_offset 14, -4
 189:Src/usart.c   ****   if(huart == &huart4)
 426              		.loc 1 189 0
 427 0002 074B     		ldr	r3, .L27
 428 0004 8342     		cmp	r3, r0
 429 0006 05D1     		bne	.L24
 190:Src/usart.c   ****   {
 191:Src/usart.c   ****     HAL_UART_Receive_IT(&huart4,uart_data1,25);
 430              		.loc 1 191 0
 431 0008 1922     		movs	r2, #25
 432 000a 0649     		ldr	r1, .L27+4
 433 000c 1846     		mov	r0, r3
 434              	.LVL28:
 435 000e FFF7FEFF 		bl	HAL_UART_Receive_IT
 436              	.LVL29:
 437 0012 08BD     		pop	{r3, pc}
 438              	.LVL30:
 439              	.L24:
 192:Src/usart.c   ****   }
 193:Src/usart.c   ****   else /* if(huart == &huart5) */ 
 194:Src/usart.c   ****   {
 195:Src/usart.c   ****     HAL_UART_Receive_IT(&huart5,uart_data2,25);
 440              		.loc 1 195 0
 441 0014 1922     		movs	r2, #25
ARM GAS  /var/folders/9t/hshg14bj4r3bdmp8s0pp3jdw0000gn/T//ccBoNoGm.s 			page 12


 442 0016 0449     		ldr	r1, .L27+8
 443 0018 0448     		ldr	r0, .L27+12
 444              	.LVL31:
 445 001a FFF7FEFF 		bl	HAL_UART_Receive_IT
 446              	.LVL32:
 447 001e 08BD     		pop	{r3, pc}
 448              	.L28:
 449              		.align	2
 450              	.L27:
 451 0020 00000000 		.word	huart4
 452 0024 00000000 		.word	uart_data1
 453 0028 00000000 		.word	uart_data2
 454 002c 00000000 		.word	huart5
 455              		.cfi_endproc
 456              	.LFE69:
 458              		.comm	huart5,64,4
 459              		.comm	huart4,64,4
 460              		.comm	uart_data2,25,4
 461              		.comm	uart_data1,25,4
 462              		.text
 463              	.Letext0:
 464              		.file 2 "/Users/leixiaoxiang/opt/gcc-arm-none-eabi/arm-none-eabi/include/machine/_default_types.h"
 465              		.file 3 "/Users/leixiaoxiang/opt/gcc-arm-none-eabi/arm-none-eabi/include/sys/_stdint.h"
 466              		.file 4 "Drivers/CMSIS/Device/ST/STM32F1xx/Include/stm32f103xe.h"
 467              		.file 5 "Drivers/STM32F1xx_HAL_Driver/Inc/stm32f1xx_hal_def.h"
 468              		.file 6 "Drivers/STM32F1xx_HAL_Driver/Inc/stm32f1xx_hal_gpio.h"
 469              		.file 7 "Drivers/STM32F1xx_HAL_Driver/Inc/stm32f1xx_hal_dma.h"
 470              		.file 8 "Drivers/STM32F1xx_HAL_Driver/Inc/stm32f1xx_hal_uart.h"
 471              		.file 9 "Drivers/CMSIS/Include/core_cm3.h"
 472              		.file 10 "Inc/main.h"
 473              		.file 11 "Drivers/STM32F1xx_HAL_Driver/Inc/stm32f1xx_hal_cortex.h"
ARM GAS  /var/folders/9t/hshg14bj4r3bdmp8s0pp3jdw0000gn/T//ccBoNoGm.s 			page 13


DEFINED SYMBOLS
                            *ABS*:0000000000000000 usart.c
/var/folders/9t/hshg14bj4r3bdmp8s0pp3jdw0000gn/T//ccBoNoGm.s:20     .text.MX_UART4_Init:0000000000000000 $t
/var/folders/9t/hshg14bj4r3bdmp8s0pp3jdw0000gn/T//ccBoNoGm.s:25     .text.MX_UART4_Init:0000000000000000 MX_UART4_Init
/var/folders/9t/hshg14bj4r3bdmp8s0pp3jdw0000gn/T//ccBoNoGm.s:76     .text.MX_UART4_Init:0000000000000034 $d
                            *COM*:0000000000000040 huart4
                            *COM*:0000000000000019 uart_data1
/var/folders/9t/hshg14bj4r3bdmp8s0pp3jdw0000gn/T//ccBoNoGm.s:83     .text.MX_UART5_Init:0000000000000000 $t
/var/folders/9t/hshg14bj4r3bdmp8s0pp3jdw0000gn/T//ccBoNoGm.s:88     .text.MX_UART5_Init:0000000000000000 MX_UART5_Init
/var/folders/9t/hshg14bj4r3bdmp8s0pp3jdw0000gn/T//ccBoNoGm.s:138    .text.MX_UART5_Init:0000000000000034 $d
                            *COM*:0000000000000040 huart5
                            *COM*:0000000000000019 uart_data2
/var/folders/9t/hshg14bj4r3bdmp8s0pp3jdw0000gn/T//ccBoNoGm.s:145    .text.HAL_UART_MspInit:0000000000000000 $t
/var/folders/9t/hshg14bj4r3bdmp8s0pp3jdw0000gn/T//ccBoNoGm.s:150    .text.HAL_UART_MspInit:0000000000000000 HAL_UART_MspInit
/var/folders/9t/hshg14bj4r3bdmp8s0pp3jdw0000gn/T//ccBoNoGm.s:323    .text.HAL_UART_MspInit:00000000000000f4 $d
/var/folders/9t/hshg14bj4r3bdmp8s0pp3jdw0000gn/T//ccBoNoGm.s:332    .text.HAL_UART_MspDeInit:0000000000000000 $t
/var/folders/9t/hshg14bj4r3bdmp8s0pp3jdw0000gn/T//ccBoNoGm.s:337    .text.HAL_UART_MspDeInit:0000000000000000 HAL_UART_MspDeInit
/var/folders/9t/hshg14bj4r3bdmp8s0pp3jdw0000gn/T//ccBoNoGm.s:401    .text.HAL_UART_MspDeInit:0000000000000054 $d
/var/folders/9t/hshg14bj4r3bdmp8s0pp3jdw0000gn/T//ccBoNoGm.s:409    .text.HAL_UART_RxCpltCallback:0000000000000000 $t
/var/folders/9t/hshg14bj4r3bdmp8s0pp3jdw0000gn/T//ccBoNoGm.s:414    .text.HAL_UART_RxCpltCallback:0000000000000000 HAL_UART_RxCpltCallback
/var/folders/9t/hshg14bj4r3bdmp8s0pp3jdw0000gn/T//ccBoNoGm.s:451    .text.HAL_UART_RxCpltCallback:0000000000000020 $d
                     .debug_frame:0000000000000010 $d

UNDEFINED SYMBOLS
HAL_UART_Init
Error_Handler
HAL_UART_Receive_IT
HAL_GPIO_Init
HAL_NVIC_SetPriority
HAL_NVIC_EnableIRQ
HAL_GPIO_DeInit
HAL_NVIC_DisableIRQ
